                              1 ;--------------------------------------------------------
                              2 ; File Created by SDCC : free open source ANSI-C Compiler
                              3 ; Version 3.6.8 #9946 (CYGWIN)
                              4 ;--------------------------------------------------------
                              5 	.module fonts
                              6 	.optsdcc -mz80
                              7 	
                              8 ;--------------------------------------------------------
                              9 ; Public variables in this module
                             10 ;--------------------------------------------------------
                             11 	.globl _chardata
                             12 ;--------------------------------------------------------
                             13 ; special function registers
                             14 ;--------------------------------------------------------
                             15 ;--------------------------------------------------------
                             16 ; ram data
                             17 ;--------------------------------------------------------
                             18 	.area _DATA
                             19 ;--------------------------------------------------------
                             20 ; ram data
                             21 ;--------------------------------------------------------
                             22 	.area _INITIALIZED
                             23 ;--------------------------------------------------------
                             24 ; absolute external ram data
                             25 ;--------------------------------------------------------
                             26 	.area _DABS (ABS)
                             27 ;--------------------------------------------------------
                             28 ; global & static initialisations
                             29 ;--------------------------------------------------------
                             30 	.area _HOME
                             31 	.area _GSINIT
                             32 	.area _GSFINAL
                             33 	.area _GSINIT
                             34 ;--------------------------------------------------------
                             35 ; Home
                             36 ;--------------------------------------------------------
                             37 	.area _HOME
                             38 	.area _HOME
                             39 ;--------------------------------------------------------
                             40 ; code
                             41 ;--------------------------------------------------------
                             42 	.area _CODE
                             43 	.area _CODE
                             44 	.area _INITIALIZER
                             45 	.area _CABS (ABS)
   0040                      46 	.org 0x0040
   0040                      47 _chardata:
   0040 00                   48 	.db #0x00	; 0
   0041 00                   49 	.db #0x00	; 0
   0042 00                   50 	.db #0x00	; 0
   0043 00                   51 	.db #0x00	; 0
   0044 00                   52 	.db #0x00	; 0
   0045 00                   53 	.db #0x00	; 0
   0046 00                   54 	.db #0x00	; 0
   0047 00                   55 	.db #0x00	; 0
   0048 18                   56 	.db #0x18	; 24
   0049 18                   57 	.db #0x18	; 24
   004A 18                   58 	.db #0x18	; 24
   004B 18                   59 	.db #0x18	; 24
   004C 18                   60 	.db #0x18	; 24
   004D 00                   61 	.db #0x00	; 0
   004E 18                   62 	.db #0x18	; 24
   004F 00                   63 	.db #0x00	; 0
   0050 66                   64 	.db #0x66	; 102	'f'
   0051 66                   65 	.db #0x66	; 102	'f'
   0052 00                   66 	.db #0x00	; 0
   0053 00                   67 	.db #0x00	; 0
   0054 00                   68 	.db #0x00	; 0
   0055 00                   69 	.db #0x00	; 0
   0056 00                   70 	.db #0x00	; 0
   0057 00                   71 	.db #0x00	; 0
   0058 66                   72 	.db #0x66	; 102	'f'
   0059 FF                   73 	.db #0xff	; 255
   005A FF                   74 	.db #0xff	; 255
   005B 66                   75 	.db #0x66	; 102	'f'
   005C FF                   76 	.db #0xff	; 255
   005D FF                   77 	.db #0xff	; 255
   005E 66                   78 	.db #0x66	; 102	'f'
   005F 00                   79 	.db #0x00	; 0
   0060 3E                   80 	.db #0x3e	; 62
   0061 54                   81 	.db #0x54	; 84	'T'
   0062 54                   82 	.db #0x54	; 84	'T'
   0063 3E                   83 	.db #0x3e	; 62
   0064 15                   84 	.db #0x15	; 21
   0065 15                   85 	.db #0x15	; 21
   0066 7E                   86 	.db #0x7e	; 126
   0067 14                   87 	.db #0x14	; 20
   0068 00                   88 	.db #0x00	; 0
   0069 62                   89 	.db #0x62	; 98	'b'
   006A 64                   90 	.db #0x64	; 100	'd'
   006B 08                   91 	.db #0x08	; 8
   006C 10                   92 	.db #0x10	; 16
   006D 26                   93 	.db #0x26	; 38
   006E 46                   94 	.db #0x46	; 70	'F'
   006F 00                   95 	.db #0x00	; 0
   0070 38                   96 	.db #0x38	; 56	'8'
   0071 28                   97 	.db #0x28	; 40
   0072 38                   98 	.db #0x38	; 56	'8'
   0073 70                   99 	.db #0x70	; 112	'p'
   0074 5E                  100 	.db #0x5e	; 94
   0075 6C                  101 	.db #0x6c	; 108	'l'
   0076 36                  102 	.db #0x36	; 54	'6'
   0077 00                  103 	.db #0x00	; 0
   0078 18                  104 	.db #0x18	; 24
   0079 18                  105 	.db #0x18	; 24
   007A 00                  106 	.db #0x00	; 0
   007B 00                  107 	.db #0x00	; 0
   007C 00                  108 	.db #0x00	; 0
   007D 00                  109 	.db #0x00	; 0
   007E 00                  110 	.db #0x00	; 0
   007F 00                  111 	.db #0x00	; 0
   0080 08                  112 	.db #0x08	; 8
   0081 10                  113 	.db #0x10	; 16
   0082 10                  114 	.db #0x10	; 16
   0083 10                  115 	.db #0x10	; 16
   0084 10                  116 	.db #0x10	; 16
   0085 10                  117 	.db #0x10	; 16
   0086 08                  118 	.db #0x08	; 8
   0087 00                  119 	.db #0x00	; 0
   0088 10                  120 	.db #0x10	; 16
   0089 08                  121 	.db #0x08	; 8
   008A 08                  122 	.db #0x08	; 8
   008B 08                  123 	.db #0x08	; 8
   008C 08                  124 	.db #0x08	; 8
   008D 08                  125 	.db #0x08	; 8
   008E 10                  126 	.db #0x10	; 16
   008F 00                  127 	.db #0x00	; 0
   0090 00                  128 	.db #0x00	; 0
   0091 18                  129 	.db #0x18	; 24
   0092 18                  130 	.db #0x18	; 24
   0093 7E                  131 	.db #0x7e	; 126
   0094 7E                  132 	.db #0x7e	; 126
   0095 18                  133 	.db #0x18	; 24
   0096 18                  134 	.db #0x18	; 24
   0097 00                  135 	.db #0x00	; 0
   0098 00                  136 	.db #0x00	; 0
   0099 5A                  137 	.db #0x5a	; 90	'Z'
   009A 3C                  138 	.db #0x3c	; 60
   009B 7E                  139 	.db #0x7e	; 126
   009C 7E                  140 	.db #0x7e	; 126
   009D 3C                  141 	.db #0x3c	; 60
   009E 5A                  142 	.db #0x5a	; 90	'Z'
   009F 00                  143 	.db #0x00	; 0
   00A0 00                  144 	.db #0x00	; 0
   00A1 00                  145 	.db #0x00	; 0
   00A2 00                  146 	.db #0x00	; 0
   00A3 00                  147 	.db #0x00	; 0
   00A4 00                  148 	.db #0x00	; 0
   00A5 08                  149 	.db #0x08	; 8
   00A6 08                  150 	.db #0x08	; 8
   00A7 10                  151 	.db #0x10	; 16
   00A8 00                  152 	.db #0x00	; 0
   00A9 00                  153 	.db #0x00	; 0
   00AA 00                  154 	.db #0x00	; 0
   00AB 3C                  155 	.db #0x3c	; 60
   00AC 3C                  156 	.db #0x3c	; 60
   00AD 00                  157 	.db #0x00	; 0
   00AE 00                  158 	.db #0x00	; 0
   00AF 00                  159 	.db #0x00	; 0
   00B0 00                  160 	.db #0x00	; 0
   00B1 00                  161 	.db #0x00	; 0
   00B2 00                  162 	.db #0x00	; 0
   00B3 00                  163 	.db #0x00	; 0
   00B4 00                  164 	.db #0x00	; 0
   00B5 00                  165 	.db #0x00	; 0
   00B6 18                  166 	.db #0x18	; 24
   00B7 18                  167 	.db #0x18	; 24
   00B8 04                  168 	.db #0x04	; 4
   00B9 04                  169 	.db #0x04	; 4
   00BA 08                  170 	.db #0x08	; 8
   00BB 08                  171 	.db #0x08	; 8
   00BC 10                  172 	.db #0x10	; 16
   00BD 10                  173 	.db #0x10	; 16
   00BE 20                  174 	.db #0x20	; 32
   00BF 20                  175 	.db #0x20	; 32
   00C0 18                  176 	.db #0x18	; 24
   00C1 24                  177 	.db #0x24	; 36
   00C2 24                  178 	.db #0x24	; 36
   00C3 24                  179 	.db #0x24	; 36
   00C4 24                  180 	.db #0x24	; 36
   00C5 24                  181 	.db #0x24	; 36
   00C6 18                  182 	.db #0x18	; 24
   00C7 00                  183 	.db #0x00	; 0
   00C8 08                  184 	.db #0x08	; 8
   00C9 18                  185 	.db #0x18	; 24
   00CA 28                  186 	.db #0x28	; 40
   00CB 08                  187 	.db #0x08	; 8
   00CC 08                  188 	.db #0x08	; 8
   00CD 08                  189 	.db #0x08	; 8
   00CE 08                  190 	.db #0x08	; 8
   00CF 00                  191 	.db #0x00	; 0
   00D0 18                  192 	.db #0x18	; 24
   00D1 24                  193 	.db #0x24	; 36
   00D2 04                  194 	.db #0x04	; 4
   00D3 04                  195 	.db #0x04	; 4
   00D4 08                  196 	.db #0x08	; 8
   00D5 10                  197 	.db #0x10	; 16
   00D6 3C                  198 	.db #0x3c	; 60
   00D7 00                  199 	.db #0x00	; 0
   00D8 18                  200 	.db #0x18	; 24
   00D9 04                  201 	.db #0x04	; 4
   00DA 04                  202 	.db #0x04	; 4
   00DB 08                  203 	.db #0x08	; 8
   00DC 04                  204 	.db #0x04	; 4
   00DD 04                  205 	.db #0x04	; 4
   00DE 18                  206 	.db #0x18	; 24
   00DF 00                  207 	.db #0x00	; 0
   00E0 08                  208 	.db #0x08	; 8
   00E1 18                  209 	.db #0x18	; 24
   00E2 28                  210 	.db #0x28	; 40
   00E3 48                  211 	.db #0x48	; 72	'H'
   00E4 7C                  212 	.db #0x7c	; 124
   00E5 08                  213 	.db #0x08	; 8
   00E6 08                  214 	.db #0x08	; 8
   00E7 00                  215 	.db #0x00	; 0
   00E8 3C                  216 	.db #0x3c	; 60
   00E9 20                  217 	.db #0x20	; 32
   00EA 20                  218 	.db #0x20	; 32
   00EB 3C                  219 	.db #0x3c	; 60
   00EC 04                  220 	.db #0x04	; 4
   00ED 04                  221 	.db #0x04	; 4
   00EE 38                  222 	.db #0x38	; 56	'8'
   00EF 00                  223 	.db #0x00	; 0
   00F0 18                  224 	.db #0x18	; 24
   00F1 20                  225 	.db #0x20	; 32
   00F2 20                  226 	.db #0x20	; 32
   00F3 38                  227 	.db #0x38	; 56	'8'
   00F4 24                  228 	.db #0x24	; 36
   00F5 24                  229 	.db #0x24	; 36
   00F6 18                  230 	.db #0x18	; 24
   00F7 00                  231 	.db #0x00	; 0
   00F8 3C                  232 	.db #0x3c	; 60
   00F9 04                  233 	.db #0x04	; 4
   00FA 04                  234 	.db #0x04	; 4
   00FB 08                  235 	.db #0x08	; 8
   00FC 08                  236 	.db #0x08	; 8
   00FD 10                  237 	.db #0x10	; 16
   00FE 10                  238 	.db #0x10	; 16
   00FF 00                  239 	.db #0x00	; 0
   0100 18                  240 	.db #0x18	; 24
   0101 24                  241 	.db #0x24	; 36
   0102 24                  242 	.db #0x24	; 36
   0103 18                  243 	.db #0x18	; 24
   0104 24                  244 	.db #0x24	; 36
   0105 24                  245 	.db #0x24	; 36
   0106 18                  246 	.db #0x18	; 24
   0107 00                  247 	.db #0x00	; 0
   0108 18                  248 	.db #0x18	; 24
   0109 24                  249 	.db #0x24	; 36
   010A 24                  250 	.db #0x24	; 36
   010B 1C                  251 	.db #0x1c	; 28
   010C 04                  252 	.db #0x04	; 4
   010D 04                  253 	.db #0x04	; 4
   010E 18                  254 	.db #0x18	; 24
   010F 00                  255 	.db #0x00	; 0
   0110 00                  256 	.db #0x00	; 0
   0111 18                  257 	.db #0x18	; 24
   0112 18                  258 	.db #0x18	; 24
   0113 00                  259 	.db #0x00	; 0
   0114 00                  260 	.db #0x00	; 0
   0115 18                  261 	.db #0x18	; 24
   0116 18                  262 	.db #0x18	; 24
   0117 00                  263 	.db #0x00	; 0
   0118 00                  264 	.db #0x00	; 0
   0119 18                  265 	.db #0x18	; 24
   011A 18                  266 	.db #0x18	; 24
   011B 00                  267 	.db #0x00	; 0
   011C 00                  268 	.db #0x00	; 0
   011D 18                  269 	.db #0x18	; 24
   011E 18                  270 	.db #0x18	; 24
   011F 30                  271 	.db #0x30	; 48	'0'
   0120 0C                  272 	.db #0x0c	; 12
   0121 18                  273 	.db #0x18	; 24
   0122 30                  274 	.db #0x30	; 48	'0'
   0123 60                  275 	.db #0x60	; 96
   0124 30                  276 	.db #0x30	; 48	'0'
   0125 18                  277 	.db #0x18	; 24
   0126 0C                  278 	.db #0x0c	; 12
   0127 00                  279 	.db #0x00	; 0
   0128 00                  280 	.db #0x00	; 0
   0129 7E                  281 	.db #0x7e	; 126
   012A 7E                  282 	.db #0x7e	; 126
   012B 00                  283 	.db #0x00	; 0
   012C 00                  284 	.db #0x00	; 0
   012D 7E                  285 	.db #0x7e	; 126
   012E 7E                  286 	.db #0x7e	; 126
   012F 00                  287 	.db #0x00	; 0
   0130 30                  288 	.db #0x30	; 48	'0'
   0131 18                  289 	.db #0x18	; 24
   0132 0C                  290 	.db #0x0c	; 12
   0133 06                  291 	.db #0x06	; 6
   0134 0C                  292 	.db #0x0c	; 12
   0135 18                  293 	.db #0x18	; 24
   0136 30                  294 	.db #0x30	; 48	'0'
   0137 00                  295 	.db #0x00	; 0
   0138 1C                  296 	.db #0x1c	; 28
   0139 22                  297 	.db #0x22	; 34
   013A 02                  298 	.db #0x02	; 2
   013B 04                  299 	.db #0x04	; 4
   013C 18                  300 	.db #0x18	; 24
   013D 00                  301 	.db #0x00	; 0
   013E 18                  302 	.db #0x18	; 24
   013F 00                  303 	.db #0x00	; 0
   0140 7C                  304 	.db #0x7c	; 124
   0141 82                  305 	.db #0x82	; 130
   0142 BA                  306 	.db #0xba	; 186
   0143 AA                  307 	.db #0xaa	; 170
   0144 BC                  308 	.db #0xbc	; 188
   0145 80                  309 	.db #0x80	; 128
   0146 7E                  310 	.db #0x7e	; 126
   0147 00                  311 	.db #0x00	; 0
   0148 30                  312 	.db #0x30	; 48	'0'
   0149 78                  313 	.db #0x78	; 120	'x'
   014A CC                  314 	.db #0xcc	; 204
   014B 64                  315 	.db #0x64	; 100	'd'
   014C FC                  316 	.db #0xfc	; 252
   014D 86                  317 	.db #0x86	; 134
   014E 86                  318 	.db #0x86	; 134
   014F 00                  319 	.db #0x00	; 0
   0150 78                  320 	.db #0x78	; 120	'x'
   0151 6C                  321 	.db #0x6c	; 108	'l'
   0152 24                  322 	.db #0x24	; 36
   0153 3E                  323 	.db #0x3e	; 62
   0154 62                  324 	.db #0x62	; 98	'b'
   0155 42                  325 	.db #0x42	; 66	'B'
   0156 7E                  326 	.db #0x7e	; 126
   0157 00                  327 	.db #0x00	; 0
   0158 1C                  328 	.db #0x1c	; 28
   0159 33                  329 	.db #0x33	; 51	'3'
   015A 62                  330 	.db #0x62	; 98	'b'
   015B C0                  331 	.db #0xc0	; 192
   015C C0                  332 	.db #0xc0	; 192
   015D C2                  333 	.db #0xc2	; 194
   015E 3C                  334 	.db #0x3c	; 60
   015F 00                  335 	.db #0x00	; 0
   0160 70                  336 	.db #0x70	; 112	'p'
   0161 2C                  337 	.db #0x2c	; 44
   0162 26                  338 	.db #0x26	; 38
   0163 22                  339 	.db #0x22	; 34
   0164 22                  340 	.db #0x22	; 34
   0165 62                  341 	.db #0x62	; 98	'b'
   0166 7E                  342 	.db #0x7e	; 126
   0167 00                  343 	.db #0x00	; 0
   0168 3F                  344 	.db #0x3f	; 63
   0169 22                  345 	.db #0x22	; 34
   016A 22                  346 	.db #0x22	; 34
   016B 38                  347 	.db #0x38	; 56	'8'
   016C 20                  348 	.db #0x20	; 32
   016D 60                  349 	.db #0x60	; 96
   016E 7C                  350 	.db #0x7c	; 124
   016F 00                  351 	.db #0x00	; 0
   0170 3E                  352 	.db #0x3e	; 62
   0171 26                  353 	.db #0x26	; 38
   0172 20                  354 	.db #0x20	; 32
   0173 78                  355 	.db #0x78	; 120	'x'
   0174 40                  356 	.db #0x40	; 64
   0175 40                  357 	.db #0x40	; 64
   0176 40                  358 	.db #0x40	; 64
   0177 00                  359 	.db #0x00	; 0
   0178 3E                  360 	.db #0x3e	; 62
   0179 63                  361 	.db #0x63	; 99	'c'
   017A 62                  362 	.db #0x62	; 98	'b'
   017B 40                  363 	.db #0x40	; 64
   017C CE                  364 	.db #0xce	; 206
   017D C2                  365 	.db #0xc2	; 194
   017E 3C                  366 	.db #0x3c	; 60
   017F 00                  367 	.db #0x00	; 0
   0180 73                  368 	.db #0x73	; 115	's'
   0181 23                  369 	.db #0x23	; 35
   0182 23                  370 	.db #0x23	; 35
   0183 3F                  371 	.db #0x3f	; 63
   0184 63                  372 	.db #0x63	; 99	'c'
   0185 47                  373 	.db #0x47	; 71	'G'
   0186 46                  374 	.db #0x46	; 70	'F'
   0187 00                  375 	.db #0x00	; 0
   0188 3E                  376 	.db #0x3e	; 62
   0189 44                  377 	.db #0x44	; 68	'D'
   018A 0C                  378 	.db #0x0c	; 12
   018B 08                  379 	.db #0x08	; 8
   018C 08                  380 	.db #0x08	; 8
   018D 18                  381 	.db #0x18	; 24
   018E 7E                  382 	.db #0x7e	; 126
   018F 00                  383 	.db #0x00	; 0
   0190 7E                  384 	.db #0x7e	; 126
   0191 0C                  385 	.db #0x0c	; 12
   0192 04                  386 	.db #0x04	; 4
   0193 0C                  387 	.db #0x0c	; 12
   0194 08                  388 	.db #0x08	; 8
   0195 58                  389 	.db #0x58	; 88	'X'
   0196 70                  390 	.db #0x70	; 112	'p'
   0197 00                  391 	.db #0x00	; 0
   0198 40                  392 	.db #0x40	; 64
   0199 66                  393 	.db #0x66	; 102	'f'
   019A 3C                  394 	.db #0x3c	; 60
   019B 30                  395 	.db #0x30	; 48	'0'
   019C 78                  396 	.db #0x78	; 120	'x'
   019D 4C                  397 	.db #0x4c	; 76	'L'
   019E C4                  398 	.db #0xc4	; 196
   019F 00                  399 	.db #0x00	; 0
   01A0 30                  400 	.db #0x30	; 48	'0'
   01A1 20                  401 	.db #0x20	; 32
   01A2 20                  402 	.db #0x20	; 32
   01A3 20                  403 	.db #0x20	; 32
   01A4 60                  404 	.db #0x60	; 96
   01A5 60                  405 	.db #0x60	; 96
   01A6 7C                  406 	.db #0x7c	; 124
   01A7 00                  407 	.db #0x00	; 0
   01A8 22                  408 	.db #0x22	; 34
   01A9 76                  409 	.db #0x76	; 118	'v'
   01AA 5E                  410 	.db #0x5e	; 94
   01AB 5A                  411 	.db #0x5a	; 90	'Z'
   01AC 42                  412 	.db #0x42	; 66	'B'
   01AD C6                  413 	.db #0xc6	; 198
   01AE C4                  414 	.db #0xc4	; 196
   01AF 00                  415 	.db #0x00	; 0
   01B0 10                  416 	.db #0x10	; 16
   01B1 36                  417 	.db #0x36	; 54	'6'
   01B2 36                  418 	.db #0x36	; 54	'6'
   01B3 7E                  419 	.db #0x7e	; 126
   01B4 4C                  420 	.db #0x4c	; 76	'L'
   01B5 4C                  421 	.db #0x4c	; 76	'L'
   01B6 CC                  422 	.db #0xcc	; 204
   01B7 00                  423 	.db #0x00	; 0
   01B8 3C                  424 	.db #0x3c	; 60
   01B9 42                  425 	.db #0x42	; 66	'B'
   01BA 42                  426 	.db #0x42	; 66	'B'
   01BB C2                  427 	.db #0xc2	; 194
   01BC 82                  428 	.db #0x82	; 130
   01BD C6                  429 	.db #0xc6	; 198
   01BE 7C                  430 	.db #0x7c	; 124
   01BF 00                  431 	.db #0x00	; 0
   01C0 3C                  432 	.db #0x3c	; 60
   01C1 16                  433 	.db #0x16	; 22
   01C2 32                  434 	.db #0x32	; 50	'2'
   01C3 22                  435 	.db #0x22	; 34
   01C4 3C                  436 	.db #0x3c	; 60
   01C5 60                  437 	.db #0x60	; 96
   01C6 40                  438 	.db #0x40	; 64
   01C7 00                  439 	.db #0x00	; 0
   01C8 3C                  440 	.db #0x3c	; 60
   01C9 7C                  441 	.db #0x7c	; 124
   01CA 46                  442 	.db #0x46	; 70	'F'
   01CB C2                  443 	.db #0xc2	; 194
   01CC 8E                  444 	.db #0x8e	; 142
   01CD 4C                  445 	.db #0x4c	; 76	'L'
   01CE 76                  446 	.db #0x76	; 118	'v'
   01CF 00                  447 	.db #0x00	; 0
   01D0 3C                  448 	.db #0x3c	; 60
   01D1 26                  449 	.db #0x26	; 38
   01D2 22                  450 	.db #0x22	; 34
   01D3 46                  451 	.db #0x46	; 70	'F'
   01D4 7C                  452 	.db #0x7c	; 124
   01D5 58                  453 	.db #0x58	; 88	'X'
   01D6 4C                  454 	.db #0x4c	; 76	'L'
   01D7 00                  455 	.db #0x00	; 0
   01D8 1C                  456 	.db #0x1c	; 28
   01D9 36                  457 	.db #0x36	; 54	'6'
   01DA 30                  458 	.db #0x30	; 48	'0'
   01DB 18                  459 	.db #0x18	; 24
   01DC 0C                  460 	.db #0x0c	; 12
   01DD CC                  461 	.db #0xcc	; 204
   01DE 78                  462 	.db #0x78	; 120	'x'
   01DF 00                  463 	.db #0x00	; 0
   01E0 7F                  464 	.db #0x7f	; 127
   01E1 0C                  465 	.db #0x0c	; 12
   01E2 18                  466 	.db #0x18	; 24
   01E3 10                  467 	.db #0x10	; 16
   01E4 30                  468 	.db #0x30	; 48	'0'
   01E5 60                  469 	.db #0x60	; 96
   01E6 60                  470 	.db #0x60	; 96
   01E7 00                  471 	.db #0x00	; 0
   01E8 21                  472 	.db #0x21	; 33
   01E9 22                  473 	.db #0x22	; 34
   01EA 62                  474 	.db #0x62	; 98	'b'
   01EB 42                  475 	.db #0x42	; 66	'B'
   01EC C2                  476 	.db #0xc2	; 194
   01ED C6                  477 	.db #0xc6	; 198
   01EE FC                  478 	.db #0xfc	; 252
   01EF 00                  479 	.db #0x00	; 0
   01F0 46                  480 	.db #0x46	; 70	'F'
   01F1 46                  481 	.db #0x46	; 70	'F'
   01F2 44                  482 	.db #0x44	; 68	'D'
   01F3 48                  483 	.db #0x48	; 72	'H'
   01F4 68                  484 	.db #0x68	; 104	'h'
   01F5 78                  485 	.db #0x78	; 120	'x'
   01F6 70                  486 	.db #0x70	; 112	'p'
   01F7 00                  487 	.db #0x00	; 0
   01F8 40                  488 	.db #0x40	; 64
   01F9 42                  489 	.db #0x42	; 66	'B'
   01FA 42                  490 	.db #0x42	; 66	'B'
   01FB 96                  491 	.db #0x96	; 150
   01FC B4                  492 	.db #0xb4	; 180
   01FD AC                  493 	.db #0xac	; 172
   01FE EC                  494 	.db #0xec	; 236
   01FF 00                  495 	.db #0x00	; 0
   0200 66                  496 	.db #0x66	; 102	'f'
   0201 66                  497 	.db #0x66	; 102	'f'
   0202 18                  498 	.db #0x18	; 24
   0203 18                  499 	.db #0x18	; 24
   0204 6C                  500 	.db #0x6c	; 108	'l'
   0205 C4                  501 	.db #0xc4	; 196
   0206 C4                  502 	.db #0xc4	; 196
   0207 00                  503 	.db #0x00	; 0
   0208 46                  504 	.db #0x46	; 70	'F'
   0209 26                  505 	.db #0x26	; 38
   020A 28                  506 	.db #0x28	; 40
   020B 38                  507 	.db #0x38	; 56	'8'
   020C 30                  508 	.db #0x30	; 48	'0'
   020D 20                  509 	.db #0x20	; 32
   020E 20                  510 	.db #0x20	; 32
   020F 00                  511 	.db #0x00	; 0
   0210 1E                  512 	.db #0x1e	; 30
   0211 7E                  513 	.db #0x7e	; 126
   0212 0C                  514 	.db #0x0c	; 12
   0213 1C                  515 	.db #0x1c	; 28
   0214 30                  516 	.db #0x30	; 48	'0'
   0215 7E                  517 	.db #0x7e	; 126
   0216 7E                  518 	.db #0x7e	; 126
   0217 00                  519 	.db #0x00	; 0
   0218 18                  520 	.db #0x18	; 24
   0219 18                  521 	.db #0x18	; 24
   021A 10                  522 	.db #0x10	; 16
   021B 10                  523 	.db #0x10	; 16
   021C 10                  524 	.db #0x10	; 16
   021D 18                  525 	.db #0x18	; 24
   021E 18                  526 	.db #0x18	; 24
   021F 00                  527 	.db #0x00	; 0
   0220 20                  528 	.db #0x20	; 32
   0221 20                  529 	.db #0x20	; 32
   0222 10                  530 	.db #0x10	; 16
   0223 10                  531 	.db #0x10	; 16
   0224 08                  532 	.db #0x08	; 8
   0225 08                  533 	.db #0x08	; 8
   0226 04                  534 	.db #0x04	; 4
   0227 04                  535 	.db #0x04	; 4
   0228 18                  536 	.db #0x18	; 24
   0229 18                  537 	.db #0x18	; 24
   022A 08                  538 	.db #0x08	; 8
   022B 08                  539 	.db #0x08	; 8
   022C 08                  540 	.db #0x08	; 8
   022D 18                  541 	.db #0x18	; 24
   022E 18                  542 	.db #0x18	; 24
   022F 00                  543 	.db #0x00	; 0
   0230 10                  544 	.db #0x10	; 16
   0231 38                  545 	.db #0x38	; 56	'8'
   0232 7C                  546 	.db #0x7c	; 124
   0233 FE                  547 	.db #0xfe	; 254
   0234 38                  548 	.db #0x38	; 56	'8'
   0235 38                  549 	.db #0x38	; 56	'8'
   0236 38                  550 	.db #0x38	; 56	'8'
   0237 00                  551 	.db #0x00	; 0
   0238 00                  552 	.db #0x00	; 0
   0239 00                  553 	.db #0x00	; 0
   023A 00                  554 	.db #0x00	; 0
   023B 00                  555 	.db #0x00	; 0
   023C 00                  556 	.db #0x00	; 0
   023D 00                  557 	.db #0x00	; 0
   023E 00                  558 	.db #0x00	; 0
   023F 7E                  559 	.db #0x7e	; 126
   0240 10                  560 	.db #0x10	; 16
   0241 10                  561 	.db #0x10	; 16
   0242 08                  562 	.db #0x08	; 8
   0243 00                  563 	.db #0x00	; 0
   0244 00                  564 	.db #0x00	; 0
   0245 00                  565 	.db #0x00	; 0
   0246 00                  566 	.db #0x00	; 0
   0247 00                  567 	.db #0x00	; 0
   0248 38                  568 	.db #0x38	; 56	'8'
   0249 04                  569 	.db #0x04	; 4
   024A 04                  570 	.db #0x04	; 4
   024B 3C                  571 	.db #0x3c	; 60
   024C 4C                  572 	.db #0x4c	; 76	'L'
   024D 78                  573 	.db #0x78	; 120	'x'
   024E 00                  574 	.db #0x00	; 0
   024F 00                  575 	.db #0x00	; 0
   0250 18                  576 	.db #0x18	; 24
   0251 10                  577 	.db #0x10	; 16
   0252 30                  578 	.db #0x30	; 48	'0'
   0253 28                  579 	.db #0x28	; 40
   0254 4C                  580 	.db #0x4c	; 76	'L'
   0255 78                  581 	.db #0x78	; 120	'x'
   0256 00                  582 	.db #0x00	; 0
   0257 00                  583 	.db #0x00	; 0
   0258 00                  584 	.db #0x00	; 0
   0259 1C                  585 	.db #0x1c	; 28
   025A 36                  586 	.db #0x36	; 54	'6'
   025B 20                  587 	.db #0x20	; 32
   025C 30                  588 	.db #0x30	; 48	'0'
   025D 1C                  589 	.db #0x1c	; 28
   025E 00                  590 	.db #0x00	; 0
   025F 00                  591 	.db #0x00	; 0
   0260 02                  592 	.db #0x02	; 2
   0261 06                  593 	.db #0x06	; 6
   0262 04                  594 	.db #0x04	; 4
   0263 3C                  595 	.db #0x3c	; 60
   0264 48                  596 	.db #0x48	; 72	'H'
   0265 78                  597 	.db #0x78	; 120	'x'
   0266 00                  598 	.db #0x00	; 0
   0267 00                  599 	.db #0x00	; 0
   0268 00                  600 	.db #0x00	; 0
   0269 3C                  601 	.db #0x3c	; 60
   026A 62                  602 	.db #0x62	; 98	'b'
   026B 7E                  603 	.db #0x7e	; 126
   026C 60                  604 	.db #0x60	; 96
   026D 38                  605 	.db #0x38	; 56	'8'
   026E 00                  606 	.db #0x00	; 0
   026F 00                  607 	.db #0x00	; 0
   0270 0E                  608 	.db #0x0e	; 14
   0271 0E                  609 	.db #0x0e	; 14
   0272 38                  610 	.db #0x38	; 56	'8'
   0273 1C                  611 	.db #0x1c	; 28
   0274 30                  612 	.db #0x30	; 48	'0'
   0275 20                  613 	.db #0x20	; 32
   0276 20                  614 	.db #0x20	; 32
   0277 00                  615 	.db #0x00	; 0
   0278 1C                  616 	.db #0x1c	; 28
   0279 14                  617 	.db #0x14	; 20
   027A 1C                  618 	.db #0x1c	; 28
   027B 04                  619 	.db #0x04	; 4
   027C 48                  620 	.db #0x48	; 72	'H'
   027D 78                  621 	.db #0x78	; 120	'x'
   027E 30                  622 	.db #0x30	; 48	'0'
   027F 00                  623 	.db #0x00	; 0
   0280 10                  624 	.db #0x10	; 16
   0281 30                  625 	.db #0x30	; 48	'0'
   0282 30                  626 	.db #0x30	; 48	'0'
   0283 3C                  627 	.db #0x3c	; 60
   0284 24                  628 	.db #0x24	; 36
   0285 24                  629 	.db #0x24	; 36
   0286 00                  630 	.db #0x00	; 0
   0287 00                  631 	.db #0x00	; 0
   0288 10                  632 	.db #0x10	; 16
   0289 00                  633 	.db #0x00	; 0
   028A 10                  634 	.db #0x10	; 16
   028B 20                  635 	.db #0x20	; 32
   028C 20                  636 	.db #0x20	; 32
   028D 30                  637 	.db #0x30	; 48	'0'
   028E 00                  638 	.db #0x00	; 0
   028F 00                  639 	.db #0x00	; 0
   0290 04                  640 	.db #0x04	; 4
   0291 00                  641 	.db #0x00	; 0
   0292 08                  642 	.db #0x08	; 8
   0293 08                  643 	.db #0x08	; 8
   0294 08                  644 	.db #0x08	; 8
   0295 10                  645 	.db #0x10	; 16
   0296 30                  646 	.db #0x30	; 48	'0'
   0297 00                  647 	.db #0x00	; 0
   0298 10                  648 	.db #0x10	; 16
   0299 14                  649 	.db #0x14	; 20
   029A 1C                  650 	.db #0x1c	; 28
   029B 10                  651 	.db #0x10	; 16
   029C 38                  652 	.db #0x38	; 56	'8'
   029D 2C                  653 	.db #0x2c	; 44
   029E 00                  654 	.db #0x00	; 0
   029F 00                  655 	.db #0x00	; 0
   02A0 08                  656 	.db #0x08	; 8
   02A1 18                  657 	.db #0x18	; 24
   02A2 10                  658 	.db #0x10	; 16
   02A3 10                  659 	.db #0x10	; 16
   02A4 20                  660 	.db #0x20	; 32
   02A5 38                  661 	.db #0x38	; 56	'8'
   02A6 00                  662 	.db #0x00	; 0
   02A7 00                  663 	.db #0x00	; 0
   02A8 00                  664 	.db #0x00	; 0
   02A9 30                  665 	.db #0x30	; 48	'0'
   02AA 7E                  666 	.db #0x7e	; 126
   02AB 5A                  667 	.db #0x5a	; 90	'Z'
   02AC D6                  668 	.db #0xd6	; 214
   02AD 84                  669 	.db #0x84	; 132
   02AE 00                  670 	.db #0x00	; 0
   02AF 00                  671 	.db #0x00	; 0
   02B0 00                  672 	.db #0x00	; 0
   02B1 20                  673 	.db #0x20	; 32
   02B2 38                  674 	.db #0x38	; 56	'8'
   02B3 68                  675 	.db #0x68	; 104	'h'
   02B4 48                  676 	.db #0x48	; 72	'H'
   02B5 48                  677 	.db #0x48	; 72	'H'
   02B6 00                  678 	.db #0x00	; 0
   02B7 00                  679 	.db #0x00	; 0
   02B8 00                  680 	.db #0x00	; 0
   02B9 3C                  681 	.db #0x3c	; 60
   02BA 64                  682 	.db #0x64	; 100	'd'
   02BB 44                  683 	.db #0x44	; 68	'D'
   02BC 64                  684 	.db #0x64	; 100	'd'
   02BD 38                  685 	.db #0x38	; 56	'8'
   02BE 00                  686 	.db #0x00	; 0
   02BF 00                  687 	.db #0x00	; 0
   02C0 0C                  688 	.db #0x0c	; 12
   02C1 0A                  689 	.db #0x0a	; 10
   02C2 0A                  690 	.db #0x0a	; 10
   02C3 1C                  691 	.db #0x1c	; 28
   02C4 10                  692 	.db #0x10	; 16
   02C5 20                  693 	.db #0x20	; 32
   02C6 20                  694 	.db #0x20	; 32
   02C7 00                  695 	.db #0x00	; 0
   02C8 18                  696 	.db #0x18	; 24
   02C9 24                  697 	.db #0x24	; 36
   02CA 24                  698 	.db #0x24	; 36
   02CB 1C                  699 	.db #0x1c	; 28
   02CC 04                  700 	.db #0x04	; 4
   02CD 08                  701 	.db #0x08	; 8
   02CE 10                  702 	.db #0x10	; 16
   02CF 00                  703 	.db #0x00	; 0
   02D0 00                  704 	.db #0x00	; 0
   02D1 20                  705 	.db #0x20	; 32
   02D2 3C                  706 	.db #0x3c	; 60
   02D3 30                  707 	.db #0x30	; 48	'0'
   02D4 60                  708 	.db #0x60	; 96
   02D5 40                  709 	.db #0x40	; 64
   02D6 00                  710 	.db #0x00	; 0
   02D7 00                  711 	.db #0x00	; 0
   02D8 00                  712 	.db #0x00	; 0
   02D9 0E                  713 	.db #0x0e	; 14
   02DA 10                  714 	.db #0x10	; 16
   02DB 18                  715 	.db #0x18	; 24
   02DC 08                  716 	.db #0x08	; 8
   02DD 70                  717 	.db #0x70	; 112	'p'
   02DE 00                  718 	.db #0x00	; 0
   02DF 00                  719 	.db #0x00	; 0
   02E0 08                  720 	.db #0x08	; 8
   02E1 38                  721 	.db #0x38	; 56	'8'
   02E2 16                  722 	.db #0x16	; 22
   02E3 20                  723 	.db #0x20	; 32
   02E4 60                  724 	.db #0x60	; 96
   02E5 60                  725 	.db #0x60	; 96
   02E6 38                  726 	.db #0x38	; 56	'8'
   02E7 00                  727 	.db #0x00	; 0
   02E8 00                  728 	.db #0x00	; 0
   02E9 24                  729 	.db #0x24	; 36
   02EA 44                  730 	.db #0x44	; 68	'D'
   02EB 44                  731 	.db #0x44	; 68	'D'
   02EC 4C                  732 	.db #0x4c	; 76	'L'
   02ED 78                  733 	.db #0x78	; 120	'x'
   02EE 00                  734 	.db #0x00	; 0
   02EF 00                  735 	.db #0x00	; 0
   02F0 00                  736 	.db #0x00	; 0
   02F1 20                  737 	.db #0x20	; 32
   02F2 26                  738 	.db #0x26	; 38
   02F3 48                  739 	.db #0x48	; 72	'H'
   02F4 58                  740 	.db #0x58	; 88	'X'
   02F5 60                  741 	.db #0x60	; 96
   02F6 00                  742 	.db #0x00	; 0
   02F7 00                  743 	.db #0x00	; 0
   02F8 00                  744 	.db #0x00	; 0
   02F9 41                  745 	.db #0x41	; 65	'A'
   02FA 53                  746 	.db #0x53	; 83	'S'
   02FB 56                  747 	.db #0x56	; 86	'V'
   02FC 7C                  748 	.db #0x7c	; 124
   02FD 58                  749 	.db #0x58	; 88	'X'
   02FE 00                  750 	.db #0x00	; 0
   02FF 00                  751 	.db #0x00	; 0
   0300 00                  752 	.db #0x00	; 0
   0301 24                  753 	.db #0x24	; 36
   0302 1C                  754 	.db #0x1c	; 28
   0303 1C                  755 	.db #0x1c	; 28
   0304 18                  756 	.db #0x18	; 24
   0305 24                  757 	.db #0x24	; 36
   0306 44                  758 	.db #0x44	; 68	'D'
   0307 00                  759 	.db #0x00	; 0
   0308 00                  760 	.db #0x00	; 0
   0309 22                  761 	.db #0x22	; 34
   030A 34                  762 	.db #0x34	; 52	'4'
   030B 34                  763 	.db #0x34	; 52	'4'
   030C 1C                  764 	.db #0x1c	; 28
   030D 0C                  765 	.db #0x0c	; 12
   030E 08                  766 	.db #0x08	; 8
   030F 18                  767 	.db #0x18	; 24
   0310 00                  768 	.db #0x00	; 0
   0311 3E                  769 	.db #0x3e	; 62
   0312 04                  770 	.db #0x04	; 4
   0313 0C                  771 	.db #0x0c	; 12
   0314 38                  772 	.db #0x38	; 56	'8'
   0315 60                  773 	.db #0x60	; 96
   0316 3C                  774 	.db #0x3c	; 60
   0317 00                  775 	.db #0x00	; 0
   0318 08                  776 	.db #0x08	; 8
   0319 10                  777 	.db #0x10	; 16
   031A 10                  778 	.db #0x10	; 16
   031B 20                  779 	.db #0x20	; 32
   031C 10                  780 	.db #0x10	; 16
   031D 10                  781 	.db #0x10	; 16
   031E 08                  782 	.db #0x08	; 8
   031F 00                  783 	.db #0x00	; 0
   0320 10                  784 	.db #0x10	; 16
   0321 10                  785 	.db #0x10	; 16
   0322 10                  786 	.db #0x10	; 16
   0323 10                  787 	.db #0x10	; 16
   0324 10                  788 	.db #0x10	; 16
   0325 10                  789 	.db #0x10	; 16
   0326 10                  790 	.db #0x10	; 16
   0327 00                  791 	.db #0x00	; 0
   0328 10                  792 	.db #0x10	; 16
   0329 08                  793 	.db #0x08	; 8
   032A 08                  794 	.db #0x08	; 8
   032B 04                  795 	.db #0x04	; 4
   032C 08                  796 	.db #0x08	; 8
   032D 08                  797 	.db #0x08	; 8
   032E 10                  798 	.db #0x10	; 16
   032F 00                  799 	.db #0x00	; 0
   0330 30                  800 	.db #0x30	; 48	'0'
   0331 49                  801 	.db #0x49	; 73	'I'
   0332 06                  802 	.db #0x06	; 6
   0333 00                  803 	.db #0x00	; 0
   0334 00                  804 	.db #0x00	; 0
   0335 00                  805 	.db #0x00	; 0
   0336 00                  806 	.db #0x00	; 0
   0337 00                  807 	.db #0x00	; 0
   0338 00                  808 	.db #0x00	; 0
   0339 00                  809 	.db #0x00	; 0
   033A 00                  810 	.db #0x00	; 0
   033B 00                  811 	.db #0x00	; 0
   033C 00                  812 	.db #0x00	; 0
   033D 00                  813 	.db #0x00	; 0
   033E 00                  814 	.db #0x00	; 0
   033F 00                  815 	.db #0x00	; 0
