                              1 ;--------------------------------------------------------
                              2 ; File Created by SDCC : free open source ANSI-C Compiler
                              3 ; Version 3.6.8 #9946 (CYGWIN)
                              4 ;--------------------------------------------------------
                              5 	.module graficos
                              6 	.optsdcc -mz80
                              7 	
                              8 ;--------------------------------------------------------
                              9 ; Public variables in this module
                             10 ;--------------------------------------------------------
                             11 	.globl _G_tile_cruzada
                             12 	.globl _G_arabe_1
                             13 	.globl _G_mendo
                             14 ;--------------------------------------------------------
                             15 ; special function registers
                             16 ;--------------------------------------------------------
                             17 ;--------------------------------------------------------
                             18 ; ram data
                             19 ;--------------------------------------------------------
                             20 	.area _DATA
                             21 ;--------------------------------------------------------
                             22 ; ram data
                             23 ;--------------------------------------------------------
                             24 	.area _INITIALIZED
                             25 ;--------------------------------------------------------
                             26 ; absolute external ram data
                             27 ;--------------------------------------------------------
                             28 	.area _DABS (ABS)
                             29 ;--------------------------------------------------------
                             30 ; global & static initialisations
                             31 ;--------------------------------------------------------
                             32 	.area _HOME
                             33 	.area _GSINIT
                             34 	.area _GSFINAL
                             35 	.area _GSINIT
                             36 ;--------------------------------------------------------
                             37 ; Home
                             38 ;--------------------------------------------------------
                             39 	.area _HOME
                             40 	.area _HOME
                             41 ;--------------------------------------------------------
                             42 ; code
                             43 ;--------------------------------------------------------
                             44 	.area _CODE
                             45 	.area _CODE
   0000                      46 _G_mendo:
   0000 FF                   47 	.db #0xff	; 255
   0001 00                   48 	.db #0x00	; 0
   0002 FF                   49 	.db #0xff	; 255
   0003 00                   50 	.db #0x00	; 0
   0004 FF                   51 	.db #0xff	; 255
   0005 00                   52 	.db #0x00	; 0
   0006 FF                   53 	.db #0xff	; 255
   0007 00                   54 	.db #0x00	; 0
   0008 FF                   55 	.db #0xff	; 255
   0009 00                   56 	.db #0x00	; 0
   000A CC                   57 	.db #0xcc	; 204
   000B 30                   58 	.db #0x30	; 48	'0'
   000C 77                   59 	.db #0x77	; 119	'w'
   000D 80                   60 	.db #0x80	; 128
   000E FF                   61 	.db #0xff	; 255
   000F 00                   62 	.db #0x00	; 0
   0010 FF                   63 	.db #0xff	; 255
   0011 00                   64 	.db #0x00	; 0
   0012 88                   65 	.db #0x88	; 136
   0013 70                   66 	.db #0x70	; 112	'p'
   0014 33                   67 	.db #0x33	; 51	'3'
   0015 C0                   68 	.db #0xc0	; 192
   0016 FF                   69 	.db #0xff	; 255
   0017 00                   70 	.db #0x00	; 0
   0018 FF                   71 	.db #0xff	; 255
   0019 00                   72 	.db #0x00	; 0
   001A 88                   73 	.db #0x88	; 136
   001B 61                   74 	.db #0x61	; 97	'a'
   001C 33                   75 	.db #0x33	; 51	'3'
   001D 0C                   76 	.db #0x0c	; 12
   001E BB                   77 	.db #0xbb	; 187
   001F 40                   78 	.db #0x40	; 64
   0020 FF                   79 	.db #0xff	; 255
   0021 00                   80 	.db #0x00	; 0
   0022 88                   81 	.db #0x88	; 136
   0023 61                   82 	.db #0x61	; 97	'a'
   0024 33                   83 	.db #0x33	; 51	'3'
   0025 0C                   84 	.db #0x0c	; 12
   0026 BB                   85 	.db #0xbb	; 187
   0027 40                   86 	.db #0x40	; 64
   0028 FF                   87 	.db #0xff	; 255
   0029 00                   88 	.db #0x00	; 0
   002A CC                   89 	.db #0xcc	; 204
   002B 30                   90 	.db #0x30	; 48	'0'
   002C 77                   91 	.db #0x77	; 119	'w'
   002D 80                   92 	.db #0x80	; 128
   002E BB                   93 	.db #0xbb	; 187
   002F 40                   94 	.db #0x40	; 64
   0030 FF                   95 	.db #0xff	; 255
   0031 00                   96 	.db #0x00	; 0
   0032 FF                   97 	.db #0xff	; 255
   0033 00                   98 	.db #0x00	; 0
   0034 FF                   99 	.db #0xff	; 255
   0035 00                  100 	.db #0x00	; 0
   0036 BB                  101 	.db #0xbb	; 187
   0037 40                  102 	.db #0x40	; 64
   0038 FF                  103 	.db #0xff	; 255
   0039 00                  104 	.db #0x00	; 0
   003A 88                  105 	.db #0x88	; 136
   003B 70                  106 	.db #0x70	; 112	'p'
   003C 33                  107 	.db #0x33	; 51	'3'
   003D C0                  108 	.db #0xc0	; 192
   003E BB                  109 	.db #0xbb	; 187
   003F 40                  110 	.db #0x40	; 64
   0040 FF                  111 	.db #0xff	; 255
   0041 00                  112 	.db #0x00	; 0
   0042 00                  113 	.db #0x00	; 0
   0043 F0                  114 	.db #0xf0	; 240
   0044 33                  115 	.db #0x33	; 51	'3'
   0045 C0                  116 	.db #0xc0	; 192
   0046 BB                  117 	.db #0xbb	; 187
   0047 40                  118 	.db #0x40	; 64
   0048 EE                  119 	.db #0xee	; 238
   0049 10                  120 	.db #0x10	; 16
   004A 00                  121 	.db #0x00	; 0
   004B F0                  122 	.db #0xf0	; 240
   004C 11                  123 	.db #0x11	; 17
   004D E0                  124 	.db #0xe0	; 224
   004E BB                  125 	.db #0xbb	; 187
   004F 40                  126 	.db #0x40	; 64
   0050 CC                  127 	.db #0xcc	; 204
   0051 30                  128 	.db #0x30	; 48	'0'
   0052 88                  129 	.db #0x88	; 136
   0053 70                  130 	.db #0x70	; 112	'p'
   0054 11                  131 	.db #0x11	; 17
   0055 E0                  132 	.db #0xe0	; 224
   0056 BB                  133 	.db #0xbb	; 187
   0057 40                  134 	.db #0x40	; 64
   0058 DD                  135 	.db #0xdd	; 221
   0059 20                  136 	.db #0x20	; 32
   005A 88                  137 	.db #0x88	; 136
   005B 70                  138 	.db #0x70	; 112	'p'
   005C 11                  139 	.db #0x11	; 17
   005D E0                  140 	.db #0xe0	; 224
   005E BB                  141 	.db #0xbb	; 187
   005F 40                  142 	.db #0x40	; 64
   0060 DD                  143 	.db #0xdd	; 221
   0061 20                  144 	.db #0x20	; 32
   0062 88                  145 	.db #0x88	; 136
   0063 70                  146 	.db #0x70	; 112	'p'
   0064 00                  147 	.db #0x00	; 0
   0065 F0                  148 	.db #0xf0	; 240
   0066 BB                  149 	.db #0xbb	; 187
   0067 40                  150 	.db #0x40	; 64
   0068 BB                  151 	.db #0xbb	; 187
   0069 40                  152 	.db #0x40	; 64
   006A 88                  153 	.db #0x88	; 136
   006B 70                  154 	.db #0x70	; 112	'p'
   006C 33                  155 	.db #0x33	; 51	'3'
   006D C0                  156 	.db #0xc0	; 192
   006E 11                  157 	.db #0x11	; 17
   006F E0                  158 	.db #0xe0	; 224
   0070 BB                  159 	.db #0xbb	; 187
   0071 40                  160 	.db #0x40	; 64
   0072 88                  161 	.db #0x88	; 136
   0073 70                  162 	.db #0x70	; 112	'p'
   0074 33                  163 	.db #0x33	; 51	'3'
   0075 C0                  164 	.db #0xc0	; 192
   0076 BB                  165 	.db #0xbb	; 187
   0077 40                  166 	.db #0x40	; 64
   0078 BB                  167 	.db #0xbb	; 187
   0079 40                  168 	.db #0x40	; 64
   007A 88                  169 	.db #0x88	; 136
   007B 70                  170 	.db #0x70	; 112	'p'
   007C 33                  171 	.db #0x33	; 51	'3'
   007D C0                  172 	.db #0xc0	; 192
   007E FF                  173 	.db #0xff	; 255
   007F 00                  174 	.db #0x00	; 0
   0080 FF                  175 	.db #0xff	; 255
   0081 00                  176 	.db #0x00	; 0
   0082 CC                  177 	.db #0xcc	; 204
   0083 30                  178 	.db #0x30	; 48	'0'
   0084 77                  179 	.db #0x77	; 119	'w'
   0085 80                  180 	.db #0x80	; 128
   0086 FF                  181 	.db #0xff	; 255
   0087 00                  182 	.db #0x00	; 0
   0088 FF                  183 	.db #0xff	; 255
   0089 00                  184 	.db #0x00	; 0
   008A FF                  185 	.db #0xff	; 255
   008B 00                  186 	.db #0x00	; 0
   008C FF                  187 	.db #0xff	; 255
   008D 00                  188 	.db #0x00	; 0
   008E FF                  189 	.db #0xff	; 255
   008F 00                  190 	.db #0x00	; 0
   0090 FF                  191 	.db #0xff	; 255
   0091 00                  192 	.db #0x00	; 0
   0092 99                  193 	.db #0x99	; 153
   0093 60                  194 	.db #0x60	; 96
   0094 33                  195 	.db #0x33	; 51	'3'
   0095 C0                  196 	.db #0xc0	; 192
   0096 FF                  197 	.db #0xff	; 255
   0097 00                  198 	.db #0x00	; 0
   0098 FF                  199 	.db #0xff	; 255
   0099 00                  200 	.db #0x00	; 0
   009A 99                  201 	.db #0x99	; 153
   009B 60                  202 	.db #0x60	; 96
   009C 33                  203 	.db #0x33	; 51	'3'
   009D C0                  204 	.db #0xc0	; 192
   009E FF                  205 	.db #0xff	; 255
   009F 00                  206 	.db #0x00	; 0
   00A0 FF                  207 	.db #0xff	; 255
   00A1 00                  208 	.db #0x00	; 0
   00A2 99                  209 	.db #0x99	; 153
   00A3 60                  210 	.db #0x60	; 96
   00A4 99                  211 	.db #0x99	; 153
   00A5 60                  212 	.db #0x60	; 96
   00A6 FF                  213 	.db #0xff	; 255
   00A7 00                  214 	.db #0x00	; 0
   00A8 FF                  215 	.db #0xff	; 255
   00A9 00                  216 	.db #0x00	; 0
   00AA 99                  217 	.db #0x99	; 153
   00AB 60                  218 	.db #0x60	; 96
   00AC 99                  219 	.db #0x99	; 153
   00AD 60                  220 	.db #0x60	; 96
   00AE FF                  221 	.db #0xff	; 255
   00AF 00                  222 	.db #0x00	; 0
   00B0 FF                  223 	.db #0xff	; 255
   00B1 00                  224 	.db #0x00	; 0
   00B2 33                  225 	.db #0x33	; 51	'3'
   00B3 C0                  226 	.db #0xc0	; 192
   00B4 CC                  227 	.db #0xcc	; 204
   00B5 30                  228 	.db #0x30	; 48	'0'
   00B6 FF                  229 	.db #0xff	; 255
   00B7 00                  230 	.db #0x00	; 0
   00B8 FF                  231 	.db #0xff	; 255
   00B9 00                  232 	.db #0x00	; 0
   00BA 33                  233 	.db #0x33	; 51	'3'
   00BB C0                  234 	.db #0xc0	; 192
   00BC CC                  235 	.db #0xcc	; 204
   00BD 30                  236 	.db #0x30	; 48	'0'
   00BE FF                  237 	.db #0xff	; 255
   00BF 00                  238 	.db #0x00	; 0
   00C0 FF                  239 	.db #0xff	; 255
   00C1 00                  240 	.db #0x00	; 0
   00C2 33                  241 	.db #0x33	; 51	'3'
   00C3 C0                  242 	.db #0xc0	; 192
   00C4 CC                  243 	.db #0xcc	; 204
   00C5 30                  244 	.db #0x30	; 48	'0'
   00C6 FF                  245 	.db #0xff	; 255
   00C7 00                  246 	.db #0x00	; 0
   00C8 EE                  247 	.db #0xee	; 238
   00C9 10                  248 	.db #0x10	; 16
   00CA 77                  249 	.db #0x77	; 119	'w'
   00CB 80                  250 	.db #0x80	; 128
   00CC EE                  251 	.db #0xee	; 238
   00CD 10                  252 	.db #0x10	; 16
   00CE 77                  253 	.db #0x77	; 119	'w'
   00CF 80                  254 	.db #0x80	; 128
   00D0 EE                  255 	.db #0xee	; 238
   00D1 10                  256 	.db #0x10	; 16
   00D2 77                  257 	.db #0x77	; 119	'w'
   00D3 80                  258 	.db #0x80	; 128
   00D4 FF                  259 	.db #0xff	; 255
   00D5 00                  260 	.db #0x00	; 0
   00D6 77                  261 	.db #0x77	; 119	'w'
   00D7 80                  262 	.db #0x80	; 128
   00D8 EE                  263 	.db #0xee	; 238
   00D9 10                  264 	.db #0x10	; 16
   00DA FF                  265 	.db #0xff	; 255
   00DB 00                  266 	.db #0x00	; 0
   00DC FF                  267 	.db #0xff	; 255
   00DD 00                  268 	.db #0x00	; 0
   00DE 33                  269 	.db #0x33	; 51	'3'
   00DF C0                  270 	.db #0xc0	; 192
   00E0                     271 _G_arabe_1:
   00E0 FF                  272 	.db #0xff	; 255
   00E1 00                  273 	.db #0x00	; 0
   00E2 EE                  274 	.db #0xee	; 238
   00E3 01                  275 	.db #0x01	; 1
   00E4 11                  276 	.db #0x11	; 17
   00E5 0E                  277 	.db #0x0e	; 14
   00E6 FF                  278 	.db #0xff	; 255
   00E7 00                  279 	.db #0x00	; 0
   00E8 FF                  280 	.db #0xff	; 255
   00E9 00                  281 	.db #0x00	; 0
   00EA CC                  282 	.db #0xcc	; 204
   00EB 03                  283 	.db #0x03	; 3
   00EC 00                  284 	.db #0x00	; 0
   00ED 0F                  285 	.db #0x0f	; 15
   00EE FF                  286 	.db #0xff	; 255
   00EF 00                  287 	.db #0x00	; 0
   00F0 FF                  288 	.db #0xff	; 255
   00F1 00                  289 	.db #0x00	; 0
   00F2 CC                  290 	.db #0xcc	; 204
   00F3 03                  291 	.db #0x03	; 3
   00F4 00                  292 	.db #0x00	; 0
   00F5 0F                  293 	.db #0x0f	; 15
   00F6 FF                  294 	.db #0xff	; 255
   00F7 00                  295 	.db #0x00	; 0
   00F8 FF                  296 	.db #0xff	; 255
   00F9 00                  297 	.db #0x00	; 0
   00FA CC                  298 	.db #0xcc	; 204
   00FB 33                  299 	.db #0x33	; 51	'3'
   00FC 00                  300 	.db #0x00	; 0
   00FD 8F                  301 	.db #0x8f	; 143
   00FE FF                  302 	.db #0xff	; 255
   00FF 00                  303 	.db #0x00	; 0
   0100 FF                  304 	.db #0xff	; 255
   0101 00                  305 	.db #0x00	; 0
   0102 CC                  306 	.db #0xcc	; 204
   0103 33                  307 	.db #0x33	; 51	'3'
   0104 11                  308 	.db #0x11	; 17
   0105 8E                  309 	.db #0x8e	; 142
   0106 FF                  310 	.db #0xff	; 255
   0107 00                  311 	.db #0x00	; 0
   0108 FF                  312 	.db #0xff	; 255
   0109 00                  313 	.db #0x00	; 0
   010A EE                  314 	.db #0xee	; 238
   010B 01                  315 	.db #0x01	; 1
   010C 33                  316 	.db #0x33	; 51	'3'
   010D 0C                  317 	.db #0x0c	; 12
   010E FF                  318 	.db #0xff	; 255
   010F 00                  319 	.db #0x00	; 0
   0110 FF                  320 	.db #0xff	; 255
   0111 00                  321 	.db #0x00	; 0
   0112 FF                  322 	.db #0xff	; 255
   0113 00                  323 	.db #0x00	; 0
   0114 FF                  324 	.db #0xff	; 255
   0115 00                  325 	.db #0x00	; 0
   0116 FF                  326 	.db #0xff	; 255
   0117 00                  327 	.db #0x00	; 0
   0118 FF                  328 	.db #0xff	; 255
   0119 00                  329 	.db #0x00	; 0
   011A AA                  330 	.db #0xaa	; 170
   011B 05                  331 	.db #0x05	; 5
   011C 22                  332 	.db #0x22	; 34
   011D 0D                  333 	.db #0x0d	; 13
   011E FF                  334 	.db #0xff	; 255
   011F 00                  335 	.db #0x00	; 0
   0120 FF                  336 	.db #0xff	; 255
   0121 00                  337 	.db #0x00	; 0
   0122 AA                  338 	.db #0xaa	; 170
   0123 05                  339 	.db #0x05	; 5
   0124 22                  340 	.db #0x22	; 34
   0125 0D                  341 	.db #0x0d	; 13
   0126 FF                  342 	.db #0xff	; 255
   0127 00                  343 	.db #0x00	; 0
   0128 FF                  344 	.db #0xff	; 255
   0129 00                  345 	.db #0x00	; 0
   012A 44                  346 	.db #0x44	; 68	'D'
   012B 0B                  347 	.db #0x0b	; 11
   012C 11                  348 	.db #0x11	; 17
   012D 0E                  349 	.db #0x0e	; 14
   012E 77                  350 	.db #0x77	; 119	'w'
   012F 08                  351 	.db #0x08	; 8
   0130 EE                  352 	.db #0xee	; 238
   0131 01                  353 	.db #0x01	; 1
   0132 44                  354 	.db #0x44	; 68	'D'
   0133 0B                  355 	.db #0x0b	; 11
   0134 11                  356 	.db #0x11	; 17
   0135 0E                  357 	.db #0x0e	; 14
   0136 77                  358 	.db #0x77	; 119	'w'
   0137 08                  359 	.db #0x08	; 8
   0138 EE                  360 	.db #0xee	; 238
   0139 01                  361 	.db #0x01	; 1
   013A CC                  362 	.db #0xcc	; 204
   013B 03                  363 	.db #0x03	; 3
   013C 11                  364 	.db #0x11	; 17
   013D 0E                  365 	.db #0x0e	; 14
   013E 77                  366 	.db #0x77	; 119	'w'
   013F 08                  367 	.db #0x08	; 8
   0140 EE                  368 	.db #0xee	; 238
   0141 01                  369 	.db #0x01	; 1
   0142 CC                  370 	.db #0xcc	; 204
   0143 03                  371 	.db #0x03	; 3
   0144 11                  372 	.db #0x11	; 17
   0145 0E                  373 	.db #0x0e	; 14
   0146 77                  374 	.db #0x77	; 119	'w'
   0147 08                  375 	.db #0x08	; 8
   0148 EE                  376 	.db #0xee	; 238
   0149 01                  377 	.db #0x01	; 1
   014A CC                  378 	.db #0xcc	; 204
   014B 03                  379 	.db #0x03	; 3
   014C 11                  380 	.db #0x11	; 17
   014D 0E                  381 	.db #0x0e	; 14
   014E 66                  382 	.db #0x66	; 102	'f'
   014F 18                  383 	.db #0x18	; 24
   0150 DD                  384 	.db #0xdd	; 221
   0151 02                  385 	.db #0x02	; 2
   0152 CC                  386 	.db #0xcc	; 204
   0153 03                  387 	.db #0x03	; 3
   0154 11                  388 	.db #0x11	; 17
   0155 0E                  389 	.db #0x0e	; 14
   0156 44                  390 	.db #0x44	; 68	'D'
   0157 38                  391 	.db #0x38	; 56	'8'
   0158 DD                  392 	.db #0xdd	; 221
   0159 02                  393 	.db #0x02	; 2
   015A CC                  394 	.db #0xcc	; 204
   015B 03                  395 	.db #0x03	; 3
   015C 11                  396 	.db #0x11	; 17
   015D 0E                  397 	.db #0x0e	; 14
   015E 11                  398 	.db #0x11	; 17
   015F 68                  399 	.db #0x68	; 104	'h'
   0160 FF                  400 	.db #0xff	; 255
   0161 00                  401 	.db #0x00	; 0
   0162 CC                  402 	.db #0xcc	; 204
   0163 03                  403 	.db #0x03	; 3
   0164 11                  404 	.db #0x11	; 17
   0165 0E                  405 	.db #0x0e	; 14
   0166 33                  406 	.db #0x33	; 51	'3'
   0167 C0                  407 	.db #0xc0	; 192
   0168 FF                  408 	.db #0xff	; 255
   0169 00                  409 	.db #0x00	; 0
   016A 88                  410 	.db #0x88	; 136
   016B 07                  411 	.db #0x07	; 7
   016C 00                  412 	.db #0x00	; 0
   016D 0F                  413 	.db #0x0f	; 15
   016E FF                  414 	.db #0xff	; 255
   016F 00                  415 	.db #0x00	; 0
   0170 FF                  416 	.db #0xff	; 255
   0171 00                  417 	.db #0x00	; 0
   0172 88                  418 	.db #0x88	; 136
   0173 07                  419 	.db #0x07	; 7
   0174 00                  420 	.db #0x00	; 0
   0175 0F                  421 	.db #0x0f	; 15
   0176 FF                  422 	.db #0xff	; 255
   0177 00                  423 	.db #0x00	; 0
   0178 FF                  424 	.db #0xff	; 255
   0179 00                  425 	.db #0x00	; 0
   017A 88                  426 	.db #0x88	; 136
   017B 07                  427 	.db #0x07	; 7
   017C 00                  428 	.db #0x00	; 0
   017D 0F                  429 	.db #0x0f	; 15
   017E FF                  430 	.db #0xff	; 255
   017F 00                  431 	.db #0x00	; 0
   0180 FF                  432 	.db #0xff	; 255
   0181 00                  433 	.db #0x00	; 0
   0182 88                  434 	.db #0x88	; 136
   0183 07                  435 	.db #0x07	; 7
   0184 00                  436 	.db #0x00	; 0
   0185 0F                  437 	.db #0x0f	; 15
   0186 FF                  438 	.db #0xff	; 255
   0187 00                  439 	.db #0x00	; 0
   0188 FF                  440 	.db #0xff	; 255
   0189 00                  441 	.db #0x00	; 0
   018A 88                  442 	.db #0x88	; 136
   018B 07                  443 	.db #0x07	; 7
   018C 00                  444 	.db #0x00	; 0
   018D 0F                  445 	.db #0x0f	; 15
   018E FF                  446 	.db #0xff	; 255
   018F 00                  447 	.db #0x00	; 0
   0190 FF                  448 	.db #0xff	; 255
   0191 00                  449 	.db #0x00	; 0
   0192 88                  450 	.db #0x88	; 136
   0193 07                  451 	.db #0x07	; 7
   0194 00                  452 	.db #0x00	; 0
   0195 0F                  453 	.db #0x0f	; 15
   0196 FF                  454 	.db #0xff	; 255
   0197 00                  455 	.db #0x00	; 0
   0198 FF                  456 	.db #0xff	; 255
   0199 00                  457 	.db #0x00	; 0
   019A CC                  458 	.db #0xcc	; 204
   019B 03                  459 	.db #0x03	; 3
   019C 99                  460 	.db #0x99	; 153
   019D 06                  461 	.db #0x06	; 6
   019E FF                  462 	.db #0xff	; 255
   019F 00                  463 	.db #0x00	; 0
   01A0 FF                  464 	.db #0xff	; 255
   01A1 00                  465 	.db #0x00	; 0
   01A2 CC                  466 	.db #0xcc	; 204
   01A3 03                  467 	.db #0x03	; 3
   01A4 CC                  468 	.db #0xcc	; 204
   01A5 03                  469 	.db #0x03	; 3
   01A6 FF                  470 	.db #0xff	; 255
   01A7 00                  471 	.db #0x00	; 0
   01A8 FF                  472 	.db #0xff	; 255
   01A9 00                  473 	.db #0x00	; 0
   01AA CC                  474 	.db #0xcc	; 204
   01AB 03                  475 	.db #0x03	; 3
   01AC CC                  476 	.db #0xcc	; 204
   01AD 03                  477 	.db #0x03	; 3
   01AE 77                  478 	.db #0x77	; 119	'w'
   01AF 88                  479 	.db #0x88	; 136
   01B0 FF                  480 	.db #0xff	; 255
   01B1 00                  481 	.db #0x00	; 0
   01B2 CC                  482 	.db #0xcc	; 204
   01B3 33                  483 	.db #0x33	; 51	'3'
   01B4 EE                  484 	.db #0xee	; 238
   01B5 11                  485 	.db #0x11	; 17
   01B6 77                  486 	.db #0x77	; 119	'w'
   01B7 88                  487 	.db #0x88	; 136
   01B8 FF                  488 	.db #0xff	; 255
   01B9 00                  489 	.db #0x00	; 0
   01BA 88                  490 	.db #0x88	; 136
   01BB 77                  491 	.db #0x77	; 119	'w'
   01BC FF                  492 	.db #0xff	; 255
   01BD 00                  493 	.db #0x00	; 0
   01BE 77                  494 	.db #0x77	; 119	'w'
   01BF 88                  495 	.db #0x88	; 136
   01C0                     496 _G_tile_cruzada:
   01C0 0F                  497 	.db #0x0f	; 15
   01C1 00                  498 	.db #0x00	; 0
   01C2 01                  499 	.db #0x01	; 1
   01C3 0C                  500 	.db #0x0c	; 12
   01C4 0C                  501 	.db #0x0c	; 12
   01C5 00                  502 	.db #0x00	; 0
   01C6 00                  503 	.db #0x00	; 0
   01C7 00                  504 	.db #0x00	; 0
   01C8 08                  505 	.db #0x08	; 8
   01C9 03                  506 	.db #0x03	; 3
   01CA 0E                  507 	.db #0x0e	; 14
   01CB 00                  508 	.db #0x00	; 0
   01CC 01                  509 	.db #0x01	; 1
   01CD 0F                  510 	.db #0x0f	; 15
   01CE 0F                  511 	.db #0x0f	; 15
   01CF 00                  512 	.db #0x00	; 0
   01D0 03                  513 	.db #0x03	; 3
   01D1 0C                  514 	.db #0x0c	; 12
   01D2 01                  515 	.db #0x01	; 1
   01D3 0C                  516 	.db #0x0c	; 12
   01D4 0E                  517 	.db #0x0e	; 14
   01D5 00                  518 	.db #0x00	; 0
   01D6 00                  519 	.db #0x00	; 0
   01D7 07                  520 	.db #0x07	; 7
   01D8 08                  521 	.db #0x08	; 8
   01D9 00                  522 	.db #0x00	; 0
   01DA 00                  523 	.db #0x00	; 0
   01DB 03                  524 	.db #0x03	; 3
   01DC 00                  525 	.db #0x00	; 0
   01DD 07                  526 	.db #0x07	; 7
   01DE 00                  527 	.db #0x00	; 0
   01DF 00                  528 	.db #0x00	; 0
   01E0 03                  529 	.db #0x03	; 3
   01E1 0F                  530 	.db #0x0f	; 15
   01E2 08                  531 	.db #0x08	; 8
   01E3 00                  532 	.db #0x00	; 0
   01E4 07                  533 	.db #0x07	; 7
   01E5 0C                  534 	.db #0x0c	; 12
   01E6 0C                  535 	.db #0x0c	; 12
   01E7 07                  536 	.db #0x07	; 7
   01E8 0F                  537 	.db #0x0f	; 15
   01E9 00                  538 	.db #0x00	; 0
   01EA 07                  539 	.db #0x07	; 7
   01EB 0F                  540 	.db #0x0f	; 15
   01EC 0C                  541 	.db #0x0c	; 12
   01ED 00                  542 	.db #0x00	; 0
   01EE 01                  543 	.db #0x01	; 1
   01EF 0E                  544 	.db #0x0e	; 14
   01F0 01                  545 	.db #0x01	; 1
   01F1 0F                  546 	.db #0x0f	; 15
   01F2 00                  547 	.db #0x00	; 0
   01F3 00                  548 	.db #0x00	; 0
   01F4 07                  549 	.db #0x07	; 7
   01F5 0F                  550 	.db #0x0f	; 15
   01F6 08                  551 	.db #0x08	; 8
   01F7 07                  552 	.db #0x07	; 7
   01F8 0F                  553 	.db #0x0f	; 15
   01F9 08                  554 	.db #0x08	; 8
   01FA 0C                  555 	.db #0x0c	; 12
   01FB 0E                  556 	.db #0x0e	; 14
   01FC 0F                  557 	.db #0x0f	; 15
   01FD 00                  558 	.db #0x00	; 0
   01FE 03                  559 	.db #0x03	; 3
   01FF 0C                  560 	.db #0x0c	; 12
                            561 	.area _INITIALIZER
                            562 	.area _CABS (ABS)
