                              1 ;--------------------------------------------------------
                              2 ; File Created by SDCC : free open source ANSI-C Compiler
                              3 ; Version 3.6.8 #9946 (CYGWIN)
                              4 ;--------------------------------------------------------
                              5 	.module juego
                              6 	.optsdcc -mz80
                              7 	
                              8 ;--------------------------------------------------------
                              9 ; Public variables in this module
                             10 ;--------------------------------------------------------
                             11 	.globl _juego
                             12 	.globl _turno
                             13 	.globl _drawPotion
                             14 	.globl _IA
                             15 	.globl _defender
                             16 	.globl _moverDcha
                             17 	.globl _moverIzq
                             18 	.globl _printConsole
                             19 	.globl _printLevel
                             20 	.globl _printStats
                             21 	.globl _dibujarEscenario
                             22 	.globl _dibujarMarcoInterior
                             23 	.globl _dibujarMarcoExterior
                             24 	.globl _pausaTecladoLibre
                             25 	.globl _efecto_pliegue
                             26 	.globl _pausa
                             27 	.globl _initNivel
                             28 	.globl _initPlayer
                             29 	.globl _mydrawStringM1
                             30 	.globl _sprintf
                             31 	.globl _cpct_etm_drawTileBox2x4
                             32 	.globl _cpct_getRandom_mxor_u8
                             33 	.globl _cpct_getScreenPtr
                             34 	.globl _cpct_waitVSYNC
                             35 	.globl _cpct_setDrawCharM1
                             36 	.globl _cpct_drawSpriteMasked
                             37 	.globl _cpct_isAnyKeyPressed_f
                             38 	.globl _cpct_isKeyPressed
                             39 	.globl _cpct_memset
                             40 ;--------------------------------------------------------
                             41 ; special function registers
                             42 ;--------------------------------------------------------
                             43 ;--------------------------------------------------------
                             44 ; ram data
                             45 ;--------------------------------------------------------
                             46 	.area _DATA
                             47 ;--------------------------------------------------------
                             48 ; ram data
                             49 ;--------------------------------------------------------
                             50 	.area _INITIALIZED
                             51 ;--------------------------------------------------------
                             52 ; absolute external ram data
                             53 ;--------------------------------------------------------
                             54 	.area _DABS (ABS)
                             55 ;--------------------------------------------------------
                             56 ; global & static initialisations
                             57 ;--------------------------------------------------------
                             58 	.area _HOME
                             59 	.area _GSINIT
                             60 	.area _GSFINAL
                             61 	.area _GSINIT
                             62 ;--------------------------------------------------------
                             63 ; Home
                             64 ;--------------------------------------------------------
                             65 	.area _HOME
                             66 	.area _HOME
                             67 ;--------------------------------------------------------
                             68 ; code
                             69 ;--------------------------------------------------------
                             70 	.area _CODE
                             71 ;src/juego.c:11: u8 turno() { //devuelve valor 0 cuando muere personaje o se termina nivel
                             72 ;	---------------------------------
                             73 ; Function turno
                             74 ; ---------------------------------
   0000                      75 _turno::
   0000 DD E5         [15]   76 	push	ix
   0002 DD 21 00 00   [14]   77 	ld	ix,#0
   0006 DD 39         [15]   78 	add	ix,sp
   0008 21 D3 FF      [10]   79 	ld	hl, #-45
   000B 39            [11]   80 	add	hl, sp
   000C F9            [ 6]   81 	ld	sp, hl
                             82 ;src/juego.c:16: for (i = 0; i < 3; i++) {
   000D DD 36 F7 00   [19]   83 	ld	-9 (ix), #0x00
   0011                      84 00163$:
                             85 ;src/juego.c:17: mapa = (u8*) (&g_mapa01[0] + ((nivel-1) * 504));
   0011 21r00r00      [10]   86 	ld	hl,#_nivel + 0
   0014 4E            [ 7]   87 	ld	c, (hl)
   0015 06 00         [ 7]   88 	ld	b, #0x00
   0017 0B            [ 6]   89 	dec	bc
   0018 69            [ 4]   90 	ld	l, c
   0019 60            [ 4]   91 	ld	h, b
   001A 29            [11]   92 	add	hl, hl
   001B 09            [11]   93 	add	hl, bc
   001C 29            [11]   94 	add	hl, hl
   001D 09            [11]   95 	add	hl, bc
   001E 29            [11]   96 	add	hl, hl
   001F 09            [11]   97 	add	hl, bc
   0020 29            [11]   98 	add	hl, hl
   0021 09            [11]   99 	add	hl, bc
   0022 29            [11]  100 	add	hl, hl
   0023 09            [11]  101 	add	hl, bc
   0024 29            [11]  102 	add	hl, hl
   0025 29            [11]  103 	add	hl, hl
   0026 29            [11]  104 	add	hl, hl
   0027 11r00r00      [10]  105 	ld	de, #_g_mapa01
   002A 19            [11]  106 	add	hl, de
                            107 ;src/juego.c:18: cpct_etm_drawTileBox2x4 ((entidad[i].pos_x_ant - 4)/2, 17, 2, 7, 18, INICIO_AREA_JUEGO, mapa );
   002B DD 75 FE      [19]  108 	ld	-2 (ix), l
   002E DD 74 FF      [19]  109 	ld	-1 (ix), h
   0031 DD 36 FC 84   [19]  110 	ld	-4 (ix), #0x84
   0035 DD 36 FD C2   [19]  111 	ld	-3 (ix), #0xc2
   0039 DD 4E F7      [19]  112 	ld	c,-9 (ix)
   003C 06 00         [ 7]  113 	ld	b,#0x00
   003E 69            [ 4]  114 	ld	l, c
   003F 60            [ 4]  115 	ld	h, b
   0040 29            [11]  116 	add	hl, hl
   0041 29            [11]  117 	add	hl, hl
   0042 09            [11]  118 	add	hl, bc
   0043 29            [11]  119 	add	hl, hl
   0044 29            [11]  120 	add	hl, hl
   0045 09            [11]  121 	add	hl, bc
   0046 11r00r00      [10]  122 	ld	de, #_entidad
   0049 19            [11]  123 	add	hl, de
   004A 11 11 00      [10]  124 	ld	de, #0x0011
   004D 19            [11]  125 	add	hl, de
   004E 4E            [ 7]  126 	ld	c, (hl)
   004F DD 71 FA      [19]  127 	ld	-6 (ix), c
   0052 DD 36 FB 00   [19]  128 	ld	-5 (ix), #0x00
   0056 DD 7E FA      [19]  129 	ld	a, -6 (ix)
   0059 C6 FC         [ 7]  130 	add	a, #0xfc
   005B 4F            [ 4]  131 	ld	c, a
   005C DD 7E FB      [19]  132 	ld	a, -5 (ix)
   005F CE FF         [ 7]  133 	adc	a, #0xff
   0061 47            [ 4]  134 	ld	b, a
   0062 DD 71 F8      [19]  135 	ld	-8 (ix), c
   0065 DD 70 F9      [19]  136 	ld	-7 (ix), b
   0068 CB 78         [ 8]  137 	bit	7, b
   006A 28 10         [12]  138 	jr	Z,00171$
   006C DD 7E FA      [19]  139 	ld	a, -6 (ix)
   006F C6 FD         [ 7]  140 	add	a, #0xfd
   0071 DD 77 F8      [19]  141 	ld	-8 (ix), a
   0074 DD 7E FB      [19]  142 	ld	a, -5 (ix)
   0077 CE FF         [ 7]  143 	adc	a, #0xff
   0079 DD 77 F9      [19]  144 	ld	-7 (ix), a
   007C                     145 00171$:
   007C DD 46 F8      [19]  146 	ld	b, -8 (ix)
   007F DD 4E F9      [19]  147 	ld	c, -7 (ix)
   0082 CB 29         [ 8]  148 	sra	c
   0084 CB 18         [ 8]  149 	rr	b
   0086 DD 6E FE      [19]  150 	ld	l,-2 (ix)
   0089 DD 66 FF      [19]  151 	ld	h,-1 (ix)
   008C E5            [11]  152 	push	hl
   008D DD 6E FC      [19]  153 	ld	l,-4 (ix)
   0090 DD 66 FD      [19]  154 	ld	h,-3 (ix)
   0093 E5            [11]  155 	push	hl
   0094 21 07 12      [10]  156 	ld	hl, #0x1207
   0097 E5            [11]  157 	push	hl
   0098 21 11 02      [10]  158 	ld	hl, #0x0211
   009B E5            [11]  159 	push	hl
   009C C5            [11]  160 	push	bc
   009D 33            [ 6]  161 	inc	sp
   009E CDr00r00      [17]  162 	call	_cpct_etm_drawTileBox2x4
                            163 ;src/juego.c:16: for (i = 0; i < 3; i++) {
   00A1 DD 34 F7      [23]  164 	inc	-9 (ix)
   00A4 DD 7E F7      [19]  165 	ld	a, -9 (ix)
   00A7 D6 03         [ 7]  166 	sub	a, #0x03
   00A9 DAr11r00      [10]  167 	jp	C, 00163$
                            168 ;src/juego.c:21: cpct_waitVSYNC();
   00AC CDr00r00      [17]  169 	call	_cpct_waitVSYNC
                            170 ;src/juego.c:23: for (i = 0; i < 3; i++) {
   00AF 0E 00         [ 7]  171 	ld	c, #0x00
   00B1                     172 00165$:
                            173 ;src/juego.c:24: if (entidad[i].energy) {
   00B1 06 00         [ 7]  174 	ld	b,#0x00
   00B3 69            [ 4]  175 	ld	l, c
   00B4 60            [ 4]  176 	ld	h, b
   00B5 29            [11]  177 	add	hl, hl
   00B6 29            [11]  178 	add	hl, hl
   00B7 09            [11]  179 	add	hl, bc
   00B8 29            [11]  180 	add	hl, hl
   00B9 29            [11]  181 	add	hl, hl
   00BA 09            [11]  182 	add	hl, bc
   00BB EB            [ 4]  183 	ex	de,hl
   00BC 21r00r00      [10]  184 	ld	hl, #_entidad
   00BF 19            [11]  185 	add	hl,de
   00C0 EB            [ 4]  186 	ex	de,hl
   00C1 D5            [11]  187 	push	de
   00C2 FD E1         [14]  188 	pop	iy
   00C4 FD 46 0B      [19]  189 	ld	b, 11 (iy)
   00C7 78            [ 4]  190 	ld	a, b
   00C8 B7            [ 4]  191 	or	a, a
   00C9 28 5A         [12]  192 	jr	Z,00166$
                            193 ;src/juego.c:25: printStats(&entidad[i]);
   00CB 6B            [ 4]  194 	ld	l, e
   00CC 62            [ 4]  195 	ld	h, d
   00CD C5            [11]  196 	push	bc
   00CE D5            [11]  197 	push	de
   00CF E5            [11]  198 	push	hl
   00D0 CDr00r00      [17]  199 	call	_printStats
   00D3 F1            [10]  200 	pop	af
   00D4 D1            [10]  201 	pop	de
   00D5 C1            [10]  202 	pop	bc
                            203 ;src/juego.c:26: cpct_drawSpriteMasked (entidad[i].sprite, cpct_getScreenPtr (CPCT_VMEM_START, entidad[i].pos_x, 132), 4,28);
   00D6 21 10 00      [10]  204 	ld	hl, #0x0010
   00D9 19            [11]  205 	add	hl,de
   00DA DD 75 F8      [19]  206 	ld	-8 (ix), l
   00DD DD 74 F9      [19]  207 	ld	-7 (ix), h
   00E0 46            [ 7]  208 	ld	b, (hl)
   00E1 C5            [11]  209 	push	bc
   00E2 D5            [11]  210 	push	de
   00E3 3E 84         [ 7]  211 	ld	a, #0x84
   00E5 F5            [11]  212 	push	af
   00E6 33            [ 6]  213 	inc	sp
   00E7 C5            [11]  214 	push	bc
   00E8 33            [ 6]  215 	inc	sp
   00E9 21 00 C0      [10]  216 	ld	hl, #0xc000
   00EC E5            [11]  217 	push	hl
   00ED CDr00r00      [17]  218 	call	_cpct_getScreenPtr
   00F0 D1            [10]  219 	pop	de
   00F1 C1            [10]  220 	pop	bc
   00F2 DD 75 FA      [19]  221 	ld	-6 (ix), l
   00F5 DD 74 FB      [19]  222 	ld	-5 (ix), h
   00F8 D5            [11]  223 	push	de
   00F9 FD E1         [14]  224 	pop	iy
   00FB FD 6E 13      [19]  225 	ld	l, 19 (iy)
   00FE FD 66 14      [19]  226 	ld	h, 20 (iy)
   0101 E5            [11]  227 	push	hl
   0102 FD E1         [14]  228 	pop	iy
   0104 C5            [11]  229 	push	bc
   0105 D5            [11]  230 	push	de
   0106 21 04 1C      [10]  231 	ld	hl, #0x1c04
   0109 E5            [11]  232 	push	hl
   010A DD 6E FA      [19]  233 	ld	l,-6 (ix)
   010D DD 66 FB      [19]  234 	ld	h,-5 (ix)
   0110 E5            [11]  235 	push	hl
   0111 FD E5         [15]  236 	push	iy
   0113 CDr00r00      [17]  237 	call	_cpct_drawSpriteMasked
   0116 D1            [10]  238 	pop	de
   0117 C1            [10]  239 	pop	bc
                            240 ;src/juego.c:27: entidad[i].pos_x_ant = entidad[i].pos_x;
   0118 21 11 00      [10]  241 	ld	hl, #0x0011
   011B 19            [11]  242 	add	hl,de
   011C EB            [ 4]  243 	ex	de,hl
   011D DD 6E F8      [19]  244 	ld	l,-8 (ix)
   0120 DD 66 F9      [19]  245 	ld	h,-7 (ix)
   0123 7E            [ 7]  246 	ld	a, (hl)
   0124 12            [ 7]  247 	ld	(de), a
   0125                     248 00166$:
                            249 ;src/juego.c:23: for (i = 0; i < 3; i++) {
   0125 0C            [ 4]  250 	inc	c
   0126 79            [ 4]  251 	ld	a, c
   0127 D6 03         [ 7]  252 	sub	a, #0x03
   0129 38 86         [12]  253 	jr	C,00165$
                            254 ;src/juego.c:39: entidad[0].energy = 0;
                            255 ;src/juego.c:32: if (nivel == 31) {
   012B 3Ar00r00      [13]  256 	ld	a,(#_nivel + 0)
   012E D6 1F         [ 7]  257 	sub	a, #0x1f
   0130 20 5D         [12]  258 	jr	NZ,00108$
                            259 ;src/juego.c:33: printConsole("Don Mendo", 2, 0);
   0132 21 02 00      [10]  260 	ld	hl, #0x0002
   0135 E5            [11]  261 	push	hl
   0136 21rA2r04      [10]  262 	ld	hl, #___str_0
   0139 E5            [11]  263 	push	hl
   013A CDr00r00      [17]  264 	call	_printConsole
   013D F1            [10]  265 	pop	af
                            266 ;src/juego.c:34: printConsole("&", 2, 0);
   013E 21 02 00      [10]  267 	ld	hl, #0x0002
   0141 E3            [19]  268 	ex	(sp),hl
   0142 21rACr04      [10]  269 	ld	hl, #___str_1
   0145 E5            [11]  270 	push	hl
   0146 CDr00r00      [17]  271 	call	_printConsole
   0149 F1            [10]  272 	pop	af
                            273 ;src/juego.c:35: printConsole("Lady Sol", 2, 0);
   014A 21 02 00      [10]  274 	ld	hl, #0x0002
   014D E3            [19]  275 	ex	(sp),hl
   014E 21rAEr04      [10]  276 	ld	hl, #___str_2
   0151 E5            [11]  277 	push	hl
   0152 CDr00r00      [17]  278 	call	_printConsole
   0155 F1            [10]  279 	pop	af
                            280 ;src/juego.c:36: printConsole(" ", 2, 0);
   0156 21 02 00      [10]  281 	ld	hl, #0x0002
   0159 E3            [19]  282 	ex	(sp),hl
   015A 21rB7r04      [10]  283 	ld	hl, #___str_3
   015D E5            [11]  284 	push	hl
   015E CDr00r00      [17]  285 	call	_printConsole
   0161 F1            [10]  286 	pop	af
                            287 ;src/juego.c:37: printConsole("together at last", 2, 0);
   0162 21 02 00      [10]  288 	ld	hl, #0x0002
   0165 E3            [19]  289 	ex	(sp),hl
   0166 21rB9r04      [10]  290 	ld	hl, #___str_4
   0169 E5            [11]  291 	push	hl
   016A CDr00r00      [17]  292 	call	_printConsole
   016D F1            [10]  293 	pop	af
                            294 ;src/juego.c:38: printConsole("CONGRATULATIONS!", 0, 2);
   016E 21 00 02      [10]  295 	ld	hl, #0x0200
   0171 E3            [19]  296 	ex	(sp),hl
   0172 21rCAr04      [10]  297 	ld	hl, #___str_5
   0175 E5            [11]  298 	push	hl
   0176 CDr00r00      [17]  299 	call	_printConsole
   0179 F1            [10]  300 	pop	af
   017A F1            [10]  301 	pop	af
                            302 ;src/juego.c:39: entidad[0].energy = 0;
   017B 21r0Br00      [10]  303 	ld	hl, #(_entidad + 0x000b)
   017E 36 00         [10]  304 	ld	(hl), #0x00
                            305 ;src/juego.c:41: pausaTecladoLibre();
   0180 CDr00r00      [17]  306 	call	_pausaTecladoLibre
                            307 ;src/juego.c:42: do {
   0183                     308 00105$:
                            309 ;src/juego.c:44: } while (!cpct_isAnyKeyPressed_f());
   0183 CDr00r00      [17]  310 	call	_cpct_isAnyKeyPressed_f
   0186 7D            [ 4]  311 	ld	a, l
   0187 B7            [ 4]  312 	or	a, a
   0188 28 F9         [12]  313 	jr	Z,00105$
                            314 ;src/juego.c:45: return 0;
   018A 2E 00         [ 7]  315 	ld	l, #0x00
   018C C3r9Dr04      [10]  316 	jp	00169$
   018F                     317 00108$:
                            318 ;src/juego.c:49: if (nivel == 5 || nivel == 15 || nivel == 25) {
   018F FD 21r00r00   [14]  319 	ld	iy, #_nivel
   0193 FD 7E 00      [19]  320 	ld	a, 0 (iy)
   0196 D6 05         [ 7]  321 	sub	a, #0x05
   0198 28 0E         [12]  322 	jr	Z,00109$
   019A FD 7E 00      [19]  323 	ld	a, 0 (iy)
   019D D6 0F         [ 7]  324 	sub	a, #0x0f
   019F 28 07         [12]  325 	jr	Z,00109$
   01A1 FD 7E 00      [19]  326 	ld	a, 0 (iy)
   01A4 D6 19         [ 7]  327 	sub	a, #0x19
   01A6 20 03         [12]  328 	jr	NZ,00110$
   01A8                     329 00109$:
                            330 ;src/juego.c:50: drawPotion();
   01A8 CDr00r00      [17]  331 	call	_drawPotion
   01AB                     332 00110$:
                            333 ;src/juego.c:56: i = 0;
   01AB DD 36 F7 00   [19]  334 	ld	-9 (ix), #0x00
                            335 ;src/juego.c:57: do  {
   01AF 21 00 00      [10]  336 	ld	hl, #0x0000
   01B2 39            [11]  337 	add	hl, sp
   01B3 DD 75 F8      [19]  338 	ld	-8 (ix), l
   01B6 DD 74 F9      [19]  339 	ld	-7 (ix), h
   01B9                     340 00125$:
                            341 ;src/juego.c:59: sprintf(temp, "ACTION (</>/D) ?");
   01B9 DD 7E F8      [19]  342 	ld	a, -8 (ix)
   01BC DD 77 FA      [19]  343 	ld	-6 (ix), a
   01BF DD 7E F9      [19]  344 	ld	a, -7 (ix)
   01C2 DD 77 FB      [19]  345 	ld	-5 (ix), a
   01C5 21rDBr04      [10]  346 	ld	hl, #___str_6
   01C8 E5            [11]  347 	push	hl
   01C9 DD 6E FA      [19]  348 	ld	l,-6 (ix)
   01CC DD 66 FB      [19]  349 	ld	h,-5 (ix)
   01CF E5            [11]  350 	push	hl
   01D0 CDr00r00      [17]  351 	call	_sprintf
   01D3 F1            [10]  352 	pop	af
   01D4 F1            [10]  353 	pop	af
                            354 ;src/juego.c:60: if (i < 25) {
   01D5 DD 7E F7      [19]  355 	ld	a, -9 (ix)
   01D8 D6 19         [ 7]  356 	sub	a, #0x19
   01DA 30 1E         [12]  357 	jr	NC,00114$
                            358 ;src/juego.c:61: printConsole(temp, 2, 0);
   01DC DD 7E F8      [19]  359 	ld	a, -8 (ix)
   01DF DD 77 FA      [19]  360 	ld	-6 (ix), a
   01E2 DD 7E F9      [19]  361 	ld	a, -7 (ix)
   01E5 DD 77 FB      [19]  362 	ld	-5 (ix), a
   01E8 21 02 00      [10]  363 	ld	hl, #0x0002
   01EB E5            [11]  364 	push	hl
   01EC DD 6E FA      [19]  365 	ld	l,-6 (ix)
   01EF DD 66 FB      [19]  366 	ld	h,-5 (ix)
   01F2 E5            [11]  367 	push	hl
   01F3 CDr00r00      [17]  368 	call	_printConsole
   01F6 F1            [10]  369 	pop	af
   01F7 F1            [10]  370 	pop	af
   01F8 18 1C         [12]  371 	jr	00115$
   01FA                     372 00114$:
                            373 ;src/juego.c:63: printConsole(temp, 0, 2);
   01FA DD 7E F8      [19]  374 	ld	a, -8 (ix)
   01FD DD 77 FA      [19]  375 	ld	-6 (ix), a
   0200 DD 7E F9      [19]  376 	ld	a, -7 (ix)
   0203 DD 77 FB      [19]  377 	ld	-5 (ix), a
   0206 21 00 02      [10]  378 	ld	hl, #0x0200
   0209 E5            [11]  379 	push	hl
   020A DD 6E FA      [19]  380 	ld	l,-6 (ix)
   020D DD 66 FB      [19]  381 	ld	h,-5 (ix)
   0210 E5            [11]  382 	push	hl
   0211 CDr00r00      [17]  383 	call	_printConsole
   0214 F1            [10]  384 	pop	af
   0215 F1            [10]  385 	pop	af
   0216                     386 00115$:
                            387 ;src/juego.c:65: i++;
   0216 DD 34 F7      [23]  388 	inc	-9 (ix)
                            389 ;src/juego.c:66: cursorConsola -=8;
   0219 21r00r00      [10]  390 	ld	hl, #_cursorConsola
   021C 7E            [ 7]  391 	ld	a, (hl)
   021D C6 F8         [ 7]  392 	add	a, #0xf8
   021F 77            [ 7]  393 	ld	(hl), a
                            394 ;src/juego.c:67: if (i == 50)
   0220 DD 7E F7      [19]  395 	ld	a, -9 (ix)
   0223 D6 32         [ 7]  396 	sub	a, #0x32
   0225 20 04         [12]  397 	jr	NZ,00126$
                            398 ;src/juego.c:68: i=0;
   0227 DD 36 F7 00   [19]  399 	ld	-9 (ix), #0x00
   022B                     400 00126$:
                            401 ;src/juego.c:70: while (!cpct_isKeyPressed(Key_O) && !cpct_isKeyPressed(Key_CursorLeft)  && !cpct_isKeyPressed(Joy0_Left) 
   022B 21 04 04      [10]  402 	ld	hl, #0x0404
   022E CDr00r00      [17]  403 	call	_cpct_isKeyPressed
   0231 DD 75 FA      [19]  404 	ld	-6 (ix), l
   0234 7D            [ 4]  405 	ld	a, l
   0235 B7            [ 4]  406 	or	a, a
   0236 20 4A         [12]  407 	jr	NZ,00127$
   0238 21 01 01      [10]  408 	ld	hl, #0x0101
   023B CDr00r00      [17]  409 	call	_cpct_isKeyPressed
   023E DD 75 FA      [19]  410 	ld	-6 (ix), l
   0241 7D            [ 4]  411 	ld	a, l
   0242 B7            [ 4]  412 	or	a, a
   0243 20 3D         [12]  413 	jr	NZ,00127$
   0245 21 09 04      [10]  414 	ld	hl, #0x0409
   0248 CDr00r00      [17]  415 	call	_cpct_isKeyPressed
   024B 7D            [ 4]  416 	ld	a, l
   024C B7            [ 4]  417 	or	a, a
   024D 20 33         [12]  418 	jr	NZ,00127$
                            419 ;src/juego.c:71: && !cpct_isKeyPressed(Key_P) && !cpct_isKeyPressed(Key_CursorRight) && !cpct_isKeyPressed(Joy0_Right) 
   024F 21 03 08      [10]  420 	ld	hl, #0x0803
   0252 CDr00r00      [17]  421 	call	_cpct_isKeyPressed
   0255 7D            [ 4]  422 	ld	a, l
   0256 B7            [ 4]  423 	or	a, a
   0257 20 29         [12]  424 	jr	NZ,00127$
   0259 21 00 02      [10]  425 	ld	hl, #0x0200
   025C CDr00r00      [17]  426 	call	_cpct_isKeyPressed
   025F 7D            [ 4]  427 	ld	a, l
   0260 B7            [ 4]  428 	or	a, a
   0261 20 1F         [12]  429 	jr	NZ,00127$
   0263 21 09 08      [10]  430 	ld	hl, #0x0809
   0266 CDr00r00      [17]  431 	call	_cpct_isKeyPressed
   0269 7D            [ 4]  432 	ld	a, l
   026A B7            [ 4]  433 	or	a, a
   026B 20 15         [12]  434 	jr	NZ,00127$
                            435 ;src/juego.c:72: && !cpct_isKeyPressed(Key_D) && !cpct_isKeyPressed(Joy0_Fire1));
   026D 21 07 20      [10]  436 	ld	hl, #0x2007
   0270 CDr00r00      [17]  437 	call	_cpct_isKeyPressed
   0273 7D            [ 4]  438 	ld	a, l
   0274 B7            [ 4]  439 	or	a, a
   0275 20 0B         [12]  440 	jr	NZ,00127$
   0277 21 09 10      [10]  441 	ld	hl, #0x1009
   027A CDr00r00      [17]  442 	call	_cpct_isKeyPressed
   027D 7D            [ 4]  443 	ld	a, l
   027E B7            [ 4]  444 	or	a, a
   027F CArB9r01      [10]  445 	jp	Z, 00125$
   0282                     446 00127$:
                            447 ;src/juego.c:75: if (cpct_isKeyPressed(Key_O) || cpct_isKeyPressed(Key_CursorLeft) || cpct_isKeyPressed(Joy0_Left)) {
   0282 21 04 04      [10]  448 	ld	hl, #0x0404
   0285 CDr00r00      [17]  449 	call	_cpct_isKeyPressed
   0288 DD 75 FA      [19]  450 	ld	-6 (ix), l
   028B 7D            [ 4]  451 	ld	a, l
   028C B7            [ 4]  452 	or	a, a
   028D 20 17         [12]  453 	jr	NZ,00128$
   028F 21 01 01      [10]  454 	ld	hl, #0x0101
   0292 CDr00r00      [17]  455 	call	_cpct_isKeyPressed
   0295 DD 75 FA      [19]  456 	ld	-6 (ix), l
   0298 7D            [ 4]  457 	ld	a, l
   0299 B7            [ 4]  458 	or	a, a
   029A 20 0A         [12]  459 	jr	NZ,00128$
   029C 21 09 04      [10]  460 	ld	hl, #0x0409
   029F CDr00r00      [17]  461 	call	_cpct_isKeyPressed
   02A2 7D            [ 4]  462 	ld	a, l
   02A3 B7            [ 4]  463 	or	a, a
   02A4 28 08         [12]  464 	jr	Z,00129$
   02A6                     465 00128$:
                            466 ;src/juego.c:76: moverIzq(&entidad[0]);
   02A6 21r00r00      [10]  467 	ld	hl, #_entidad
   02A9 E5            [11]  468 	push	hl
   02AA CDr00r00      [17]  469 	call	_moverIzq
   02AD F1            [10]  470 	pop	af
   02AE                     471 00129$:
                            472 ;src/juego.c:80: if (cpct_isKeyPressed(Key_P) || cpct_isKeyPressed(Key_CursorRight) || cpct_isKeyPressed(Joy0_Right)) {
   02AE 21 03 08      [10]  473 	ld	hl, #0x0803
   02B1 CDr00r00      [17]  474 	call	_cpct_isKeyPressed
   02B4 DD 75 FA      [19]  475 	ld	-6 (ix), l
   02B7 7D            [ 4]  476 	ld	a, l
   02B8 B7            [ 4]  477 	or	a, a
   02B9 20 14         [12]  478 	jr	NZ,00132$
   02BB 21 00 02      [10]  479 	ld	hl, #0x0200
   02BE CDr00r00      [17]  480 	call	_cpct_isKeyPressed
   02C1 7D            [ 4]  481 	ld	a, l
   02C2 B7            [ 4]  482 	or	a, a
   02C3 20 0A         [12]  483 	jr	NZ,00132$
   02C5 21 09 08      [10]  484 	ld	hl, #0x0809
   02C8 CDr00r00      [17]  485 	call	_cpct_isKeyPressed
   02CB 7D            [ 4]  486 	ld	a, l
   02CC B7            [ 4]  487 	or	a, a
   02CD 28 08         [12]  488 	jr	Z,00133$
   02CF                     489 00132$:
                            490 ;src/juego.c:81: moverDcha(&entidad[0]);
   02CF 21r00r00      [10]  491 	ld	hl, #_entidad
   02D2 E5            [11]  492 	push	hl
   02D3 CDr00r00      [17]  493 	call	_moverDcha
   02D6 F1            [10]  494 	pop	af
   02D7                     495 00133$:
                            496 ;src/juego.c:85: if (cpct_isKeyPressed(Key_D) || cpct_isKeyPressed(Joy0_Fire1)) {
   02D7 21 07 20      [10]  497 	ld	hl, #0x2007
   02DA CDr00r00      [17]  498 	call	_cpct_isKeyPressed
   02DD DD 75 FA      [19]  499 	ld	-6 (ix), l
   02E0 7D            [ 4]  500 	ld	a, l
   02E1 B7            [ 4]  501 	or	a, a
   02E2 20 0A         [12]  502 	jr	NZ,00136$
   02E4 21 09 10      [10]  503 	ld	hl, #0x1009
   02E7 CDr00r00      [17]  504 	call	_cpct_isKeyPressed
   02EA 7D            [ 4]  505 	ld	a, l
   02EB B7            [ 4]  506 	or	a, a
   02EC 28 08         [12]  507 	jr	Z,00199$
   02EE                     508 00136$:
                            509 ;src/juego.c:86: defender(&entidad[0]);
   02EE 21r00r00      [10]  510 	ld	hl, #_entidad
   02F1 E5            [11]  511 	push	hl
   02F2 CDr00r00      [17]  512 	call	_defender
   02F5 F1            [10]  513 	pop	af
                            514 ;src/juego.c:91: for (i = 1; i < 3; i++) {
   02F6                     515 00199$:
   02F6 DD 36 F7 01   [19]  516 	ld	-9 (ix), #0x01
   02FA                     517 00167$:
                            518 ;src/juego.c:92: if (entidad[i].energy) {
   02FA DD 4E F7      [19]  519 	ld	c,-9 (ix)
   02FD 06 00         [ 7]  520 	ld	b,#0x00
   02FF 69            [ 4]  521 	ld	l, c
   0300 60            [ 4]  522 	ld	h, b
   0301 29            [11]  523 	add	hl, hl
   0302 29            [11]  524 	add	hl, hl
   0303 09            [11]  525 	add	hl, bc
   0304 29            [11]  526 	add	hl, hl
   0305 29            [11]  527 	add	hl, hl
   0306 09            [11]  528 	add	hl, bc
   0307 DD 75 FA      [19]  529 	ld	-6 (ix), l
   030A DD 74 FB      [19]  530 	ld	-5 (ix), h
   030D 3Er00         [ 7]  531 	ld	a, #<(_entidad)
   030F DD 86 FA      [19]  532 	add	a, -6 (ix)
   0312 DD 77 FA      [19]  533 	ld	-6 (ix), a
   0315 3Es00         [ 7]  534 	ld	a, #>(_entidad)
   0317 DD 8E FB      [19]  535 	adc	a, -5 (ix)
   031A DD 77 FB      [19]  536 	ld	-5 (ix), a
   031D DD 7E FA      [19]  537 	ld	a, -6 (ix)
   0320 DD 77 FC      [19]  538 	ld	-4 (ix), a
   0323 DD 7E FB      [19]  539 	ld	a, -5 (ix)
   0326 DD 77 FD      [19]  540 	ld	-3 (ix), a
   0329 DD 6E FC      [19]  541 	ld	l,-4 (ix)
   032C DD 66 FD      [19]  542 	ld	h,-3 (ix)
   032F 11 0B 00      [10]  543 	ld	de, #0x000b
   0332 19            [11]  544 	add	hl, de
   0333 7E            [ 7]  545 	ld	a, (hl)
   0334 B7            [ 4]  546 	or	a, a
   0335 28 0B         [12]  547 	jr	Z,00168$
                            548 ;src/juego.c:93: IA (&entidad[i]);
   0337 DD 6E FA      [19]  549 	ld	l,-6 (ix)
   033A DD 66 FB      [19]  550 	ld	h,-5 (ix)
   033D E5            [11]  551 	push	hl
   033E CDr00r00      [17]  552 	call	_IA
   0341 F1            [10]  553 	pop	af
   0342                     554 00168$:
                            555 ;src/juego.c:91: for (i = 1; i < 3; i++) {
   0342 DD 34 F7      [23]  556 	inc	-9 (ix)
   0345 DD 7E F7      [19]  557 	ld	a, -9 (ix)
   0348 D6 03         [ 7]  558 	sub	a, #0x03
   034A 38 AE         [12]  559 	jr	C,00167$
                            560 ;src/juego.c:97: pausa(SEGUNDO);
   034C 21 00 80      [10]  561 	ld	hl, #0x8000
   034F E5            [11]  562 	push	hl
   0350 CDr00r00      [17]  563 	call	_pausa
   0353 F1            [10]  564 	pop	af
                            565 ;src/juego.c:98: pausaTecladoLibre();
   0354 CDr00r00      [17]  566 	call	_pausaTecladoLibre
                            567 ;src/juego.c:103: if (entidad[0].pos_x == 28) {
                            568 ;src/juego.c:102: if (nivel == 5 || nivel == 15 || nivel == 25) {
   0357 FD 21r00r00   [14]  569 	ld	iy, #_nivel
   035B FD 7E 00      [19]  570 	ld	a, 0 (iy)
   035E D6 05         [ 7]  571 	sub	a, #0x05
   0360 28 0F         [12]  572 	jr	Z,00153$
   0362 FD 7E 00      [19]  573 	ld	a, 0 (iy)
   0365 D6 0F         [ 7]  574 	sub	a, #0x0f
   0367 28 08         [12]  575 	jr	Z,00153$
   0369 FD 7E 00      [19]  576 	ld	a, 0 (iy)
   036C D6 19         [ 7]  577 	sub	a, #0x19
   036E C2r28r04      [10]  578 	jp	NZ,00154$
   0371                     579 00153$:
                            580 ;src/juego.c:103: if (entidad[0].pos_x == 28) {
   0371 3Ar10r00      [13]  581 	ld	a, (#(_entidad + 0x0010) + 0)
   0374 D6 1C         [ 7]  582 	sub	a, #0x1c
   0376 C2r39r04      [10]  583 	jp	NZ,00155$
                            584 ;src/juego.c:105: if (cpct_rand() % 2){
   0379 CDr00r00      [17]  585 	call	_cpct_getRandom_mxor_u8
   037C 7D            [ 4]  586 	ld	a, l
                            587 ;src/juego.c:109: sprintf(temp, "%-9s ^ HP",entidad[0].name);
                            588 ;src/juego.c:105: if (cpct_rand() % 2){
   037D E6 01         [ 7]  589 	and	a,#0x01
   037F 28 33         [12]  590 	jr	Z,00146$
                            591 ;src/juego.c:107: entidad[0].max_energy +=10;
   0381 01r0Cr00      [10]  592 	ld	bc, #_entidad + 12
   0384 0A            [ 7]  593 	ld	a, (bc)
   0385 C6 0A         [ 7]  594 	add	a, #0x0a
   0387 02            [ 7]  595 	ld	(bc), a
                            596 ;src/juego.c:108: entidad[0].energy = entidad[0].max_energy;
   0388 32r0Br00      [13]  597 	ld	(#(_entidad + 0x000b)),a
                            598 ;src/juego.c:109: sprintf(temp, "%-9s ^ HP",entidad[0].name);
   038B DD 4E F8      [19]  599 	ld	c,-8 (ix)
   038E DD 46 F9      [19]  600 	ld	b,-7 (ix)
   0391 21r01r00      [10]  601 	ld	hl, #(_entidad + 0x0001)
   0394 E5            [11]  602 	push	hl
   0395 21rECr04      [10]  603 	ld	hl, #___str_7
   0398 E5            [11]  604 	push	hl
   0399 C5            [11]  605 	push	bc
   039A CDr00r00      [17]  606 	call	_sprintf
   039D 21 06 00      [10]  607 	ld	hl, #6
   03A0 39            [11]  608 	add	hl, sp
   03A1 F9            [ 6]  609 	ld	sp, hl
                            610 ;src/juego.c:110: printConsole(temp, 2, 0);
   03A2 DD 4E F8      [19]  611 	ld	c,-8 (ix)
   03A5 DD 46 F9      [19]  612 	ld	b,-7 (ix)
   03A8 21 02 00      [10]  613 	ld	hl, #0x0002
   03AB E5            [11]  614 	push	hl
   03AC C5            [11]  615 	push	bc
   03AD CDr00r00      [17]  616 	call	_printConsole
   03B0 F1            [10]  617 	pop	af
   03B1 F1            [10]  618 	pop	af
   03B2 18 65         [12]  619 	jr	00147$
   03B4                     620 00146$:
                            621 ;src/juego.c:111: } else if (cpct_rand() % 2){
   03B4 CDr00r00      [17]  622 	call	_cpct_getRandom_mxor_u8
   03B7 CB 45         [ 8]  623 	bit	0, l
   03B9 28 30         [12]  624 	jr	Z,00143$
                            625 ;src/juego.c:113: entidad[0].attack += 5;
   03BB 01r0Dr00      [10]  626 	ld	bc, #_entidad + 13
   03BE 0A            [ 7]  627 	ld	a, (bc)
   03BF C6 05         [ 7]  628 	add	a, #0x05
   03C1 02            [ 7]  629 	ld	(bc), a
                            630 ;src/juego.c:114: sprintf(temp, "%-9s ^ ATT",entidad[0].name);
   03C2 11rF6r04      [10]  631 	ld	de, #___str_8+0
   03C5 DD 4E F8      [19]  632 	ld	c,-8 (ix)
   03C8 DD 46 F9      [19]  633 	ld	b,-7 (ix)
   03CB 21r01r00      [10]  634 	ld	hl, #(_entidad + 0x0001)
   03CE E5            [11]  635 	push	hl
   03CF D5            [11]  636 	push	de
   03D0 C5            [11]  637 	push	bc
   03D1 CDr00r00      [17]  638 	call	_sprintf
   03D4 21 06 00      [10]  639 	ld	hl, #6
   03D7 39            [11]  640 	add	hl, sp
   03D8 F9            [ 6]  641 	ld	sp, hl
                            642 ;src/juego.c:115: printConsole(temp, 2, 0);
   03D9 DD 4E F8      [19]  643 	ld	c,-8 (ix)
   03DC DD 46 F9      [19]  644 	ld	b,-7 (ix)
   03DF 21 02 00      [10]  645 	ld	hl, #0x0002
   03E2 E5            [11]  646 	push	hl
   03E3 C5            [11]  647 	push	bc
   03E4 CDr00r00      [17]  648 	call	_printConsole
   03E7 F1            [10]  649 	pop	af
   03E8 F1            [10]  650 	pop	af
   03E9 18 2E         [12]  651 	jr	00147$
   03EB                     652 00143$:
                            653 ;src/juego.c:118: entidad[0].defense += 5;
   03EB 01r0Fr00      [10]  654 	ld	bc, #_entidad + 15
   03EE 0A            [ 7]  655 	ld	a, (bc)
   03EF C6 05         [ 7]  656 	add	a, #0x05
   03F1 02            [ 7]  657 	ld	(bc), a
                            658 ;src/juego.c:119: sprintf(temp, "%-9s ^ DEF",entidad[0].name);
   03F2 DD 4E F8      [19]  659 	ld	c,-8 (ix)
   03F5 DD 46 F9      [19]  660 	ld	b,-7 (ix)
   03F8 21r01r00      [10]  661 	ld	hl, #(_entidad + 0x0001)
   03FB E5            [11]  662 	push	hl
   03FC 21r01r05      [10]  663 	ld	hl, #___str_9
   03FF E5            [11]  664 	push	hl
   0400 C5            [11]  665 	push	bc
   0401 CDr00r00      [17]  666 	call	_sprintf
   0404 21 06 00      [10]  667 	ld	hl, #6
   0407 39            [11]  668 	add	hl, sp
   0408 F9            [ 6]  669 	ld	sp, hl
                            670 ;src/juego.c:120: printConsole(temp, 2, 0);
   0409 DD 4E F8      [19]  671 	ld	c,-8 (ix)
   040C DD 46 F9      [19]  672 	ld	b,-7 (ix)
   040F 21 02 00      [10]  673 	ld	hl, #0x0002
   0412 E5            [11]  674 	push	hl
   0413 C5            [11]  675 	push	bc
   0414 CDr00r00      [17]  676 	call	_printConsole
   0417 F1            [10]  677 	pop	af
   0418 F1            [10]  678 	pop	af
   0419                     679 00147$:
                            680 ;src/juego.c:123: printStats(&entidad[0]);
   0419 21r00r00      [10]  681 	ld	hl, #_entidad
   041C E5            [11]  682 	push	hl
   041D CDr00r00      [17]  683 	call	_printStats
   0420 F1            [10]  684 	pop	af
                            685 ;src/juego.c:124: sig_nivel = 1;
   0421 21r00r00      [10]  686 	ld	hl,#_sig_nivel + 0
   0424 36 01         [10]  687 	ld	(hl), #0x01
   0426 18 11         [12]  688 	jr	00155$
   0428                     689 00154$:
                            690 ;src/juego.c:127: } else if (!(entidad[1].energy || entidad[2].energy)) {
   0428 3Ar20r00      [13]  691 	ld	a, (#_entidad + 32)
   042B B7            [ 4]  692 	or	a, a
   042C 20 0B         [12]  693 	jr	NZ,00155$
   042E 3Ar35r00      [13]  694 	ld	a, (#_entidad + 53)
   0431 B7            [ 4]  695 	or	a, a
   0432 20 05         [12]  696 	jr	NZ,00155$
                            697 ;src/juego.c:128: sig_nivel = 1;
   0434 21r00r00      [10]  698 	ld	hl,#_sig_nivel + 0
   0437 36 01         [10]  699 	ld	(hl), #0x01
   0439                     700 00155$:
                            701 ;src/juego.c:132: if (sig_nivel) {
   0439 3Ar00r00      [13]  702 	ld	a,(#_sig_nivel + 0)
   043C B7            [ 4]  703 	or	a, a
   043D 28 32         [12]  704 	jr	Z,00159$
                            705 ;src/juego.c:133: nivel++;
   043F 21r00r00      [10]  706 	ld	hl, #_nivel+0
   0442 34            [11]  707 	inc	(hl)
                            708 ;src/juego.c:134: entidad[0].pos_x = 8;
   0443 21r10r00      [10]  709 	ld	hl, #(_entidad + 0x0010)
   0446 36 08         [10]  710 	ld	(hl), #0x08
                            711 ;src/juego.c:135: sprintf(temp, "   NEXT LEVEL   ");
   0448 DD 4E F8      [19]  712 	ld	c,-8 (ix)
   044B DD 46 F9      [19]  713 	ld	b,-7 (ix)
   044E 21r0Cr05      [10]  714 	ld	hl, #___str_10
   0451 E5            [11]  715 	push	hl
   0452 C5            [11]  716 	push	bc
   0453 CDr00r00      [17]  717 	call	_sprintf
   0456 F1            [10]  718 	pop	af
   0457 F1            [10]  719 	pop	af
                            720 ;src/juego.c:137: printConsole(temp, 0, 2);
   0458 DD 4E F8      [19]  721 	ld	c,-8 (ix)
   045B DD 46 F9      [19]  722 	ld	b,-7 (ix)
   045E 21 00 02      [10]  723 	ld	hl, #0x0200
   0461 E5            [11]  724 	push	hl
   0462 C5            [11]  725 	push	bc
   0463 CDr00r00      [17]  726 	call	_printConsole
   0466 F1            [10]  727 	pop	af
   0467 F1            [10]  728 	pop	af
                            729 ;src/juego.c:138: sig_nivel = 0;
   0468 21r00r00      [10]  730 	ld	hl,#_sig_nivel + 0
   046B 36 00         [10]  731 	ld	(hl), #0x00
                            732 ;src/juego.c:139: return 0;
   046D 2E 00         [ 7]  733 	ld	l, #0x00
   046F 18 2C         [12]  734 	jr	00169$
   0471                     735 00159$:
                            736 ;src/juego.c:143: if (!entidad[0].energy) {
   0471 3Ar0Br00      [13]  737 	ld	a, (#(_entidad + 0x000b) + 0)
   0474 B7            [ 4]  738 	or	a, a
   0475 20 24         [12]  739 	jr	NZ,00161$
                            740 ;src/juego.c:144: sprintf(temp, "    GAME OVER   ");
   0477 DD 4E F8      [19]  741 	ld	c,-8 (ix)
   047A DD 46 F9      [19]  742 	ld	b,-7 (ix)
   047D 21r1Dr05      [10]  743 	ld	hl, #___str_11
   0480 E5            [11]  744 	push	hl
   0481 C5            [11]  745 	push	bc
   0482 CDr00r00      [17]  746 	call	_sprintf
   0485 F1            [10]  747 	pop	af
   0486 F1            [10]  748 	pop	af
                            749 ;src/juego.c:145: printConsole(temp, 0, 2);
   0487 DD 4E F8      [19]  750 	ld	c,-8 (ix)
   048A DD 46 F9      [19]  751 	ld	b,-7 (ix)
   048D 21 00 02      [10]  752 	ld	hl, #0x0200
   0490 E5            [11]  753 	push	hl
   0491 C5            [11]  754 	push	bc
   0492 CDr00r00      [17]  755 	call	_printConsole
   0495 F1            [10]  756 	pop	af
   0496 F1            [10]  757 	pop	af
                            758 ;src/juego.c:146: return 0;
   0497 2E 00         [ 7]  759 	ld	l, #0x00
   0499 18 02         [12]  760 	jr	00169$
   049B                     761 00161$:
                            762 ;src/juego.c:149: return 1;
   049B 2E 01         [ 7]  763 	ld	l, #0x01
   049D                     764 00169$:
   049D DD F9         [10]  765 	ld	sp, ix
   049F DD E1         [14]  766 	pop	ix
   04A1 C9            [10]  767 	ret
   04A2                     768 ___str_0:
   04A2 44 6F 6E 20 4D 65   769 	.ascii "Don Mendo"
        6E 64 6F
   04AB 00                  770 	.db 0x00
   04AC                     771 ___str_1:
   04AC 26                  772 	.ascii "&"
   04AD 00                  773 	.db 0x00
   04AE                     774 ___str_2:
   04AE 4C 61 64 79 20 53   775 	.ascii "Lady Sol"
        6F 6C
   04B6 00                  776 	.db 0x00
   04B7                     777 ___str_3:
   04B7 20                  778 	.ascii " "
   04B8 00                  779 	.db 0x00
   04B9                     780 ___str_4:
   04B9 74 6F 67 65 74 68   781 	.ascii "together at last"
        65 72 20 61 74 20
        6C 61 73 74
   04C9 00                  782 	.db 0x00
   04CA                     783 ___str_5:
   04CA 43 4F 4E 47 52 41   784 	.ascii "CONGRATULATIONS!"
        54 55 4C 41 54 49
        4F 4E 53 21
   04DA 00                  785 	.db 0x00
   04DB                     786 ___str_6:
   04DB 41 43 54 49 4F 4E   787 	.ascii "ACTION (</>/D) ?"
        20 28 3C 2F 3E 2F
        44 29 20 3F
   04EB 00                  788 	.db 0x00
   04EC                     789 ___str_7:
   04EC 25 2D 39 73 20 5E   790 	.ascii "%-9s ^ HP"
        20 48 50
   04F5 00                  791 	.db 0x00
   04F6                     792 ___str_8:
   04F6 25 2D 39 73 20 5E   793 	.ascii "%-9s ^ ATT"
        20 41 54 54
   0500 00                  794 	.db 0x00
   0501                     795 ___str_9:
   0501 25 2D 39 73 20 5E   796 	.ascii "%-9s ^ DEF"
        20 44 45 46
   050B 00                  797 	.db 0x00
   050C                     798 ___str_10:
   050C 20 20 20 4E 45 58   799 	.ascii "   NEXT LEVEL   "
        54 20 4C 45 56 45
        4C 20 20 20
   051C 00                  800 	.db 0x00
   051D                     801 ___str_11:
   051D 20 20 20 20 47 41   802 	.ascii "    GAME OVER   "
        4D 45 20 4F 56 45
        52 20 20 20
   052D 00                  803 	.db 0x00
                            804 ;src/juego.c:152: void juego() {
                            805 ;	---------------------------------
                            806 ; Function juego
                            807 ; ---------------------------------
   052E                     808 _juego::
                            809 ;src/juego.c:155: nivel = 1;
   052E 21r00r00      [10]  810 	ld	hl,#_nivel + 0
   0531 36 01         [10]  811 	ld	(hl), #0x01
                            812 ;src/juego.c:156: sig_nivel = 0;
   0533 21r00r00      [10]  813 	ld	hl,#_sig_nivel + 0
   0536 36 00         [10]  814 	ld	(hl), #0x00
                            815 ;src/juego.c:158: initPlayer();
   0538 CDr00r00      [17]  816 	call	_initPlayer
                            817 ;src/juego.c:159: efecto_pliegue(PLIEGUE);
   053B AF            [ 4]  818 	xor	a, a
   053C F5            [11]  819 	push	af
   053D 33            [ 6]  820 	inc	sp
   053E CDr00r00      [17]  821 	call	_efecto_pliegue
   0541 33            [ 6]  822 	inc	sp
                            823 ;src/juego.c:160: while(entidad[0].energy) {
   0542                     824 00115$:
   0542 3Ar0Br00      [13]  825 	ld	a, (#(_entidad + 0x000b) + 0)
   0545 B7            [ 4]  826 	or	a, a
   0546 C8            [11]  827 	ret	Z
                            828 ;src/juego.c:161: i = 0;
   0547 0E 00         [ 7]  829 	ld	c, #0x00
                            830 ;src/juego.c:162: cpct_clearScreen(0x00);
   0549 C5            [11]  831 	push	bc
   054A 21 00 40      [10]  832 	ld	hl, #0x4000
   054D E5            [11]  833 	push	hl
   054E AF            [ 4]  834 	xor	a, a
   054F F5            [11]  835 	push	af
   0550 33            [ 6]  836 	inc	sp
   0551 26 C0         [ 7]  837 	ld	h, #0xc0
   0553 E5            [11]  838 	push	hl
   0554 CDr00r00      [17]  839 	call	_cpct_memset
   0557 CDr00r00      [17]  840 	call	_dibujarMarcoExterior
   055A 21 02 00      [10]  841 	ld	hl, #0x0002
   055D E5            [11]  842 	push	hl
   055E CDr00r00      [17]  843 	call	_cpct_setDrawCharM1
   0561 C1            [10]  844 	pop	bc
                            845 ;src/juego.c:166: if (nivel == 1) {
   0562 3Ar00r00      [13]  846 	ld	a,(#_nivel + 0)
   0565 3D            [ 4]  847 	dec	a
   0566 20 18         [12]  848 	jr	NZ,00102$
                            849 ;src/juego.c:167: mydrawStringM1("Chapter 1", cpctm_screenPtr(CPCT_VMEM_START, 30, 80));
   0568 21 3E C3      [10]  850 	ld	hl, #0xc33e
   056B E5            [11]  851 	push	hl
   056C 21r14r06      [10]  852 	ld	hl, #___str_12
   056F E5            [11]  853 	push	hl
   0570 CDr00r00      [17]  854 	call	_mydrawStringM1
                            855 ;src/juego.c:168: mydrawStringM1("A faraway and foreign land ...", cpctm_screenPtr(CPCT_VMEM_START, 12, 96));
   0573 21 CC C3      [10]  856 	ld	hl, #0xc3cc
   0576 E5            [11]  857 	push	hl
   0577 21r1Er06      [10]  858 	ld	hl, #___str_13
   057A E5            [11]  859 	push	hl
   057B CDr00r00      [17]  860 	call	_mydrawStringM1
                            861 ;src/juego.c:169: i = 1;
   057E 0E 01         [ 7]  862 	ld	c, #0x01
   0580                     863 00102$:
                            864 ;src/juego.c:171: if (nivel == 11) {
   0580 3Ar00r00      [13]  865 	ld	a,(#_nivel + 0)
   0583 D6 0B         [ 7]  866 	sub	a, #0x0b
   0585 20 18         [12]  867 	jr	NZ,00104$
                            868 ;src/juego.c:172: mydrawStringM1("Chapter 2", cpctm_screenPtr(CPCT_VMEM_START, 30, 80));
   0587 21 3E C3      [10]  869 	ld	hl, #0xc33e
   058A E5            [11]  870 	push	hl
   058B 21r3Dr06      [10]  871 	ld	hl, #___str_14
   058E E5            [11]  872 	push	hl
   058F CDr00r00      [17]  873 	call	_mydrawStringM1
                            874 ;src/juego.c:173: mydrawStringM1("A hidden passage to the Castle ...", cpctm_screenPtr(CPCT_VMEM_START, 6, 96));
   0592 21 C6 C3      [10]  875 	ld	hl, #0xc3c6
   0595 E5            [11]  876 	push	hl
   0596 21r47r06      [10]  877 	ld	hl, #___str_15
   0599 E5            [11]  878 	push	hl
   059A CDr00r00      [17]  879 	call	_mydrawStringM1
                            880 ;src/juego.c:174: i = 1;
   059D 0E 01         [ 7]  881 	ld	c, #0x01
   059F                     882 00104$:
                            883 ;src/juego.c:176: if (nivel == 21) {
   059F 3Ar00r00      [13]  884 	ld	a,(#_nivel + 0)
   05A2 D6 15         [ 7]  885 	sub	a, #0x15
   05A4 20 18         [12]  886 	jr	NZ,00106$
                            887 ;src/juego.c:177: mydrawStringM1("Chapter 3", cpctm_screenPtr(CPCT_VMEM_START, 30, 80));
   05A6 21 3E C3      [10]  888 	ld	hl, #0xc33e
   05A9 E5            [11]  889 	push	hl
   05AA 21r6Ar06      [10]  890 	ld	hl, #___str_16
   05AD E5            [11]  891 	push	hl
   05AE CDr00r00      [17]  892 	call	_mydrawStringM1
                            893 ;src/juego.c:178: mydrawStringM1("don Ricardo's Castle ...", cpctm_screenPtr(CPCT_VMEM_START, 15, 96));
   05B1 21 CF C3      [10]  894 	ld	hl, #0xc3cf
   05B4 E5            [11]  895 	push	hl
   05B5 21r74r06      [10]  896 	ld	hl, #___str_17
   05B8 E5            [11]  897 	push	hl
   05B9 CDr00r00      [17]  898 	call	_mydrawStringM1
                            899 ;src/juego.c:179: i = 1;
   05BC 0E 01         [ 7]  900 	ld	c, #0x01
   05BE                     901 00106$:
                            902 ;src/juego.c:182: if (i) {
   05BE 79            [ 4]  903 	ld	a, c
   05BF B7            [ 4]  904 	or	a, a
   05C0 28 21         [12]  905 	jr	Z,00109$
                            906 ;src/juego.c:183: efecto_pliegue(DESPLIEGUE);
   05C2 3E 01         [ 7]  907 	ld	a, #0x01
   05C4 F5            [11]  908 	push	af
   05C5 33            [ 6]  909 	inc	sp
   05C6 CDr00r00      [17]  910 	call	_efecto_pliegue
   05C9 33            [ 6]  911 	inc	sp
                            912 ;src/juego.c:184: for (i=0; i< 5; i++)
   05CA 0E 00         [ 7]  913 	ld	c, #0x00
   05CC                     914 00118$:
                            915 ;src/juego.c:185: pausa(SEGUNDO);
   05CC C5            [11]  916 	push	bc
   05CD 21 00 80      [10]  917 	ld	hl, #0x8000
   05D0 E5            [11]  918 	push	hl
   05D1 CDr00r00      [17]  919 	call	_pausa
   05D4 F1            [10]  920 	pop	af
   05D5 C1            [10]  921 	pop	bc
                            922 ;src/juego.c:184: for (i=0; i< 5; i++)
   05D6 0C            [ 4]  923 	inc	c
   05D7 79            [ 4]  924 	ld	a, c
   05D8 D6 05         [ 7]  925 	sub	a, #0x05
   05DA 38 F0         [12]  926 	jr	C,00118$
                            927 ;src/juego.c:187: efecto_pliegue(PLIEGUE);
   05DC AF            [ 4]  928 	xor	a, a
   05DD F5            [11]  929 	push	af
   05DE 33            [ 6]  930 	inc	sp
   05DF CDr00r00      [17]  931 	call	_efecto_pliegue
   05E2 33            [ 6]  932 	inc	sp
   05E3                     933 00109$:
                            934 ;src/juego.c:190: cursorConsola = 64;
   05E3 21r00r00      [10]  935 	ld	hl,#_cursorConsola + 0
   05E6 36 40         [10]  936 	ld	(hl), #0x40
                            937 ;src/juego.c:192: initNivel();
   05E8 CDr00r00      [17]  938 	call	_initNivel
                            939 ;src/juego.c:193: dibujarMarcoInterior();
   05EB CDr00r00      [17]  940 	call	_dibujarMarcoInterior
                            941 ;src/juego.c:194: dibujarEscenario();
   05EE CDr00r00      [17]  942 	call	_dibujarEscenario
                            943 ;src/juego.c:195: printLevel();
   05F1 CDr00r00      [17]  944 	call	_printLevel
                            945 ;src/juego.c:197: efecto_pliegue(DESPLIEGUE);
   05F4 3E 01         [ 7]  946 	ld	a, #0x01
   05F6 F5            [11]  947 	push	af
   05F7 33            [ 6]  948 	inc	sp
   05F8 CDr00r00      [17]  949 	call	_efecto_pliegue
   05FB 33            [ 6]  950 	inc	sp
                            951 ;src/juego.c:198: while (turno())
   05FC                     952 00110$:
   05FC CDr00r00      [17]  953 	call	_turno
   05FF 7D            [ 4]  954 	ld	a, l
   0600 B7            [ 4]  955 	or	a, a
   0601 20 F9         [12]  956 	jr	NZ,00110$
                            957 ;src/juego.c:201: do {
   0603                     958 00113$:
                            959 ;src/juego.c:203: } while (!cpct_isAnyKeyPressed_f());
   0603 CDr00r00      [17]  960 	call	_cpct_isAnyKeyPressed_f
   0606 7D            [ 4]  961 	ld	a, l
   0607 B7            [ 4]  962 	or	a, a
   0608 28 F9         [12]  963 	jr	Z,00113$
                            964 ;src/juego.c:204: efecto_pliegue(PLIEGUE);
   060A AF            [ 4]  965 	xor	a, a
   060B F5            [11]  966 	push	af
   060C 33            [ 6]  967 	inc	sp
   060D CDr00r00      [17]  968 	call	_efecto_pliegue
   0610 33            [ 6]  969 	inc	sp
   0611 C3r42r05      [10]  970 	jp	00115$
   0614                     971 ___str_12:
   0614 43 68 61 70 74 65   972 	.ascii "Chapter 1"
        72 20 31
   061D 00                  973 	.db 0x00
   061E                     974 ___str_13:
   061E 41 20 66 61 72 61   975 	.ascii "A faraway and foreign land ..."
        77 61 79 20 61 6E
        64 20 66 6F 72 65
        69 67 6E 20 6C 61
        6E 64 20 2E 2E 2E
   063C 00                  976 	.db 0x00
   063D                     977 ___str_14:
   063D 43 68 61 70 74 65   978 	.ascii "Chapter 2"
        72 20 32
   0646 00                  979 	.db 0x00
   0647                     980 ___str_15:
   0647 41 20 68 69 64 64   981 	.ascii "A hidden passage to the Castle ..."
        65 6E 20 70 61 73
        73 61 67 65 20 74
        6F 20 74 68 65 20
        43 61 73 74 6C 65
        20 2E 2E 2E
   0669 00                  982 	.db 0x00
   066A                     983 ___str_16:
   066A 43 68 61 70 74 65   984 	.ascii "Chapter 3"
        72 20 33
   0673 00                  985 	.db 0x00
   0674                     986 ___str_17:
   0674 64 6F 6E 20 52 69   987 	.ascii "don Ricardo's Castle ..."
        63 61 72 64 6F 27
        73 20 43 61 73 74
        6C 65 20 2E 2E 2E
   068C 00                  988 	.db 0x00
                            989 	.area _CODE
                            990 	.area _INITIALIZER
                            991 	.area _CABS (ABS)
