                              1 ;--------------------------------------------------------
                              2 ; File Created by SDCC : free open source ANSI-C Compiler
                              3 ; Version 3.6.8 #9946 (CYGWIN)
                              4 ;--------------------------------------------------------
                              5 	.module niveles
                              6 	.optsdcc -mz80
                              7 	
                              8 ;--------------------------------------------------------
                              9 ; Public variables in this module
                             10 ;--------------------------------------------------------
                             11 	.globl _initNivel
                             12 	.globl _initPlayer
                             13 	.globl _initAbeja
                             14 	.globl _initFakir
                             15 	.globl _initSoldadoArabe3
                             16 	.globl _initSoldadoArabe2
                             17 	.globl _initSoldadoArabe1
                             18 ;--------------------------------------------------------
                             19 ; special function registers
                             20 ;--------------------------------------------------------
                             21 ;--------------------------------------------------------
                             22 ; ram data
                             23 ;--------------------------------------------------------
                             24 	.area _DATA
                             25 ;--------------------------------------------------------
                             26 ; ram data
                             27 ;--------------------------------------------------------
                             28 	.area _INITIALIZED
                             29 ;--------------------------------------------------------
                             30 ; absolute external ram data
                             31 ;--------------------------------------------------------
                             32 	.area _DABS (ABS)
                             33 ;--------------------------------------------------------
                             34 ; global & static initialisations
                             35 ;--------------------------------------------------------
                             36 	.area _HOME
                             37 	.area _GSINIT
                             38 	.area _GSFINAL
                             39 	.area _GSINIT
                             40 ;--------------------------------------------------------
                             41 ; Home
                             42 ;--------------------------------------------------------
                             43 	.area _HOME
                             44 	.area _HOME
                             45 ;--------------------------------------------------------
                             46 ; code
                             47 ;--------------------------------------------------------
                             48 	.area _CODE
                             49 ;src/niveles.c:7: void initSoldadoArabe1(TStats *entidad) {
                             50 ;	---------------------------------
                             51 ; Function initSoldadoArabe1
                             52 ; ---------------------------------
   0000                      53 _initSoldadoArabe1::
   0000 DD E5         [15]   54 	push	ix
   0002 DD 21 00 00   [14]   55 	ld	ix,#0
   0006 DD 39         [15]   56 	add	ix,sp
                             57 ;src/niveles.c:8: strcpy(entidad->name,"Soldier 1");
   0008 DD 4E 04      [19]   58 	ld	c,4 (ix)
   000B DD 46 05      [19]   59 	ld	b,5 (ix)
   000E 59            [ 4]   60 	ld	e, c
   000F 50            [ 4]   61 	ld	d, b
   0010 C5            [11]   62 	push	bc
   0011 21r40r00      [10]   63 	ld	hl, #___str_0
   0014 AF            [ 4]   64 	xor	a, a
   0015                      65 00103$:
   0015 BE            [ 7]   66 	cp	a, (hl)
   0016 ED A0         [16]   67 	ldi
   0018 20 FB         [12]   68 	jr	NZ, 00103$
   001A C1            [10]   69 	pop	bc
                             70 ;src/niveles.c:9: entidad->max_energy = 60;
   001B 21 0B 00      [10]   71 	ld	hl, #0x000b
   001E 09            [11]   72 	add	hl, bc
   001F 36 3C         [10]   73 	ld	(hl), #0x3c
                             74 ;src/niveles.c:10: entidad->attack = 20;
   0021 21 0C 00      [10]   75 	ld	hl, #0x000c
   0024 09            [11]   76 	add	hl, bc
   0025 36 14         [10]   77 	ld	(hl), #0x14
                             78 ;src/niveles.c:11: entidad->force = 5;
   0027 21 0D 00      [10]   79 	ld	hl, #0x000d
   002A 09            [11]   80 	add	hl, bc
   002B 36 05         [10]   81 	ld	(hl), #0x05
                             82 ;src/niveles.c:12: entidad->defense = 10;
   002D 21 0E 00      [10]   83 	ld	hl, #0x000e
   0030 09            [11]   84 	add	hl, bc
   0031 36 0A         [10]   85 	ld	(hl), #0x0a
                             86 ;src/niveles.c:13: entidad->sprite = (u8*) &G_arabe_1[0];
   0033 21 12 00      [10]   87 	ld	hl, #0x0012
   0036 09            [11]   88 	add	hl, bc
   0037 01r00r00      [10]   89 	ld	bc, #_G_arabe_1+0
   003A 71            [ 7]   90 	ld	(hl), c
   003B 23            [ 6]   91 	inc	hl
   003C 70            [ 7]   92 	ld	(hl), b
   003D DD E1         [14]   93 	pop	ix
   003F C9            [10]   94 	ret
   0040                      95 ___str_0:
   0040 53 6F 6C 64 69 65    96 	.ascii "Soldier 1"
        72 20 31
   0049 00                   97 	.db 0x00
                             98 ;src/niveles.c:16: void initSoldadoArabe2(TStats *entidad) {
                             99 ;	---------------------------------
                            100 ; Function initSoldadoArabe2
                            101 ; ---------------------------------
   004A                     102 _initSoldadoArabe2::
   004A DD E5         [15]  103 	push	ix
   004C DD 21 00 00   [14]  104 	ld	ix,#0
   0050 DD 39         [15]  105 	add	ix,sp
                            106 ;src/niveles.c:17: strcpy(entidad->name,"Soldier 2");
   0052 DD 4E 04      [19]  107 	ld	c,4 (ix)
   0055 DD 46 05      [19]  108 	ld	b,5 (ix)
   0058 59            [ 4]  109 	ld	e, c
   0059 50            [ 4]  110 	ld	d, b
   005A C5            [11]  111 	push	bc
   005B 21r8Ar00      [10]  112 	ld	hl, #___str_1
   005E AF            [ 4]  113 	xor	a, a
   005F                     114 00103$:
   005F BE            [ 7]  115 	cp	a, (hl)
   0060 ED A0         [16]  116 	ldi
   0062 20 FB         [12]  117 	jr	NZ, 00103$
   0064 C1            [10]  118 	pop	bc
                            119 ;src/niveles.c:18: entidad->max_energy = 75;
   0065 21 0B 00      [10]  120 	ld	hl, #0x000b
   0068 09            [11]  121 	add	hl, bc
   0069 36 4B         [10]  122 	ld	(hl), #0x4b
                            123 ;src/niveles.c:19: entidad->attack = 30;
   006B 21 0C 00      [10]  124 	ld	hl, #0x000c
   006E 09            [11]  125 	add	hl, bc
   006F 36 1E         [10]  126 	ld	(hl), #0x1e
                            127 ;src/niveles.c:20: entidad->force = 10;
   0071 21 0D 00      [10]  128 	ld	hl, #0x000d
   0074 09            [11]  129 	add	hl, bc
   0075 36 0A         [10]  130 	ld	(hl), #0x0a
                            131 ;src/niveles.c:21: entidad->defense = 20;
   0077 21 0E 00      [10]  132 	ld	hl, #0x000e
   007A 09            [11]  133 	add	hl, bc
   007B 36 14         [10]  134 	ld	(hl), #0x14
                            135 ;src/niveles.c:22: entidad->sprite = (u8*) &G_arabe_2[0];
   007D 21 12 00      [10]  136 	ld	hl, #0x0012
   0080 09            [11]  137 	add	hl, bc
   0081 01r00r00      [10]  138 	ld	bc, #_G_arabe_2+0
   0084 71            [ 7]  139 	ld	(hl), c
   0085 23            [ 6]  140 	inc	hl
   0086 70            [ 7]  141 	ld	(hl), b
   0087 DD E1         [14]  142 	pop	ix
   0089 C9            [10]  143 	ret
   008A                     144 ___str_1:
   008A 53 6F 6C 64 69 65   145 	.ascii "Soldier 2"
        72 20 32
   0093 00                  146 	.db 0x00
                            147 ;src/niveles.c:25: void initSoldadoArabe3(TStats *entidad) {
                            148 ;	---------------------------------
                            149 ; Function initSoldadoArabe3
                            150 ; ---------------------------------
   0094                     151 _initSoldadoArabe3::
   0094 DD E5         [15]  152 	push	ix
   0096 DD 21 00 00   [14]  153 	ld	ix,#0
   009A DD 39         [15]  154 	add	ix,sp
                            155 ;src/niveles.c:26: strcpy(entidad->name,"Soldier 3");
   009C DD 4E 04      [19]  156 	ld	c,4 (ix)
   009F DD 46 05      [19]  157 	ld	b,5 (ix)
   00A2 59            [ 4]  158 	ld	e, c
   00A3 50            [ 4]  159 	ld	d, b
   00A4 C5            [11]  160 	push	bc
   00A5 21rD4r00      [10]  161 	ld	hl, #___str_2
   00A8 AF            [ 4]  162 	xor	a, a
   00A9                     163 00103$:
   00A9 BE            [ 7]  164 	cp	a, (hl)
   00AA ED A0         [16]  165 	ldi
   00AC 20 FB         [12]  166 	jr	NZ, 00103$
   00AE C1            [10]  167 	pop	bc
                            168 ;src/niveles.c:27: entidad->max_energy = 90;
   00AF 21 0B 00      [10]  169 	ld	hl, #0x000b
   00B2 09            [11]  170 	add	hl, bc
   00B3 36 5A         [10]  171 	ld	(hl), #0x5a
                            172 ;src/niveles.c:28: entidad->attack = 30;
   00B5 21 0C 00      [10]  173 	ld	hl, #0x000c
   00B8 09            [11]  174 	add	hl, bc
   00B9 36 1E         [10]  175 	ld	(hl), #0x1e
                            176 ;src/niveles.c:29: entidad->force = 20;
   00BB 21 0D 00      [10]  177 	ld	hl, #0x000d
   00BE 09            [11]  178 	add	hl, bc
   00BF 36 14         [10]  179 	ld	(hl), #0x14
                            180 ;src/niveles.c:30: entidad->defense = 30;
   00C1 21 0E 00      [10]  181 	ld	hl, #0x000e
   00C4 09            [11]  182 	add	hl, bc
   00C5 36 1E         [10]  183 	ld	(hl), #0x1e
                            184 ;src/niveles.c:31: entidad->sprite = (u8*) &G_arabe_3[0];
   00C7 21 12 00      [10]  185 	ld	hl, #0x0012
   00CA 09            [11]  186 	add	hl, bc
   00CB 01r00r00      [10]  187 	ld	bc, #_G_arabe_3+0
   00CE 71            [ 7]  188 	ld	(hl), c
   00CF 23            [ 6]  189 	inc	hl
   00D0 70            [ 7]  190 	ld	(hl), b
   00D1 DD E1         [14]  191 	pop	ix
   00D3 C9            [10]  192 	ret
   00D4                     193 ___str_2:
   00D4 53 6F 6C 64 69 65   194 	.ascii "Soldier 3"
        72 20 33
   00DD 00                  195 	.db 0x00
                            196 ;src/niveles.c:34: void initFakir(TStats *entidad) {
                            197 ;	---------------------------------
                            198 ; Function initFakir
                            199 ; ---------------------------------
   00DE                     200 _initFakir::
   00DE DD E5         [15]  201 	push	ix
   00E0 DD 21 00 00   [14]  202 	ld	ix,#0
   00E4 DD 39         [15]  203 	add	ix,sp
                            204 ;src/niveles.c:35: strcpy(entidad->name,"Fakir");
   00E6 DD 4E 04      [19]  205 	ld	c,4 (ix)
   00E9 DD 46 05      [19]  206 	ld	b,5 (ix)
   00EC 59            [ 4]  207 	ld	e, c
   00ED 50            [ 4]  208 	ld	d, b
   00EE C5            [11]  209 	push	bc
   00EF 21r1Er01      [10]  210 	ld	hl, #___str_3
   00F2 AF            [ 4]  211 	xor	a, a
   00F3                     212 00103$:
   00F3 BE            [ 7]  213 	cp	a, (hl)
   00F4 ED A0         [16]  214 	ldi
   00F6 20 FB         [12]  215 	jr	NZ, 00103$
   00F8 C1            [10]  216 	pop	bc
                            217 ;src/niveles.c:36: entidad->max_energy = 60;
   00F9 21 0B 00      [10]  218 	ld	hl, #0x000b
   00FC 09            [11]  219 	add	hl, bc
   00FD 36 3C         [10]  220 	ld	(hl), #0x3c
                            221 ;src/niveles.c:37: entidad->attack = 40;
   00FF 21 0C 00      [10]  222 	ld	hl, #0x000c
   0102 09            [11]  223 	add	hl, bc
   0103 36 28         [10]  224 	ld	(hl), #0x28
                            225 ;src/niveles.c:38: entidad->force = 0;
   0105 21 0D 00      [10]  226 	ld	hl, #0x000d
   0108 09            [11]  227 	add	hl, bc
   0109 36 00         [10]  228 	ld	(hl), #0x00
                            229 ;src/niveles.c:39: entidad->defense = 5;
   010B 21 0E 00      [10]  230 	ld	hl, #0x000e
   010E 09            [11]  231 	add	hl, bc
   010F 36 05         [10]  232 	ld	(hl), #0x05
                            233 ;src/niveles.c:40: entidad->sprite = (u8*) &G_fakir[0];
   0111 21 12 00      [10]  234 	ld	hl, #0x0012
   0114 09            [11]  235 	add	hl, bc
   0115 01r00r00      [10]  236 	ld	bc, #_G_fakir+0
   0118 71            [ 7]  237 	ld	(hl), c
   0119 23            [ 6]  238 	inc	hl
   011A 70            [ 7]  239 	ld	(hl), b
   011B DD E1         [14]  240 	pop	ix
   011D C9            [10]  241 	ret
   011E                     242 ___str_3:
   011E 46 61 6B 69 72      243 	.ascii "Fakir"
   0123 00                  244 	.db 0x00
                            245 ;src/niveles.c:43: void initAbeja(TStats *entidad) {
                            246 ;	---------------------------------
                            247 ; Function initAbeja
                            248 ; ---------------------------------
   0124                     249 _initAbeja::
   0124 DD E5         [15]  250 	push	ix
   0126 DD 21 00 00   [14]  251 	ld	ix,#0
   012A DD 39         [15]  252 	add	ix,sp
                            253 ;src/niveles.c:44: strcpy(entidad->name,"Bee");
   012C DD 4E 04      [19]  254 	ld	c,4 (ix)
   012F DD 46 05      [19]  255 	ld	b,5 (ix)
   0132 59            [ 4]  256 	ld	e, c
   0133 50            [ 4]  257 	ld	d, b
   0134 C5            [11]  258 	push	bc
   0135 21r64r01      [10]  259 	ld	hl, #___str_4
   0138 AF            [ 4]  260 	xor	a, a
   0139                     261 00103$:
   0139 BE            [ 7]  262 	cp	a, (hl)
   013A ED A0         [16]  263 	ldi
   013C 20 FB         [12]  264 	jr	NZ, 00103$
   013E C1            [10]  265 	pop	bc
                            266 ;src/niveles.c:45: entidad->max_energy = 60;
   013F 21 0B 00      [10]  267 	ld	hl, #0x000b
   0142 09            [11]  268 	add	hl, bc
   0143 36 3C         [10]  269 	ld	(hl), #0x3c
                            270 ;src/niveles.c:46: entidad->attack = 30;
   0145 21 0C 00      [10]  271 	ld	hl, #0x000c
   0148 09            [11]  272 	add	hl, bc
   0149 36 1E         [10]  273 	ld	(hl), #0x1e
                            274 ;src/niveles.c:47: entidad->force = 10;
   014B 21 0D 00      [10]  275 	ld	hl, #0x000d
   014E 09            [11]  276 	add	hl, bc
   014F 36 0A         [10]  277 	ld	(hl), #0x0a
                            278 ;src/niveles.c:48: entidad->defense = 5;
   0151 21 0E 00      [10]  279 	ld	hl, #0x000e
   0154 09            [11]  280 	add	hl, bc
   0155 36 05         [10]  281 	ld	(hl), #0x05
                            282 ;src/niveles.c:49: entidad->sprite = (u8*) &G_abeja[0];
   0157 21 12 00      [10]  283 	ld	hl, #0x0012
   015A 09            [11]  284 	add	hl, bc
   015B 01r00r00      [10]  285 	ld	bc, #_G_abeja+0
   015E 71            [ 7]  286 	ld	(hl), c
   015F 23            [ 6]  287 	inc	hl
   0160 70            [ 7]  288 	ld	(hl), b
   0161 DD E1         [14]  289 	pop	ix
   0163 C9            [10]  290 	ret
   0164                     291 ___str_4:
   0164 42 65 65            292 	.ascii "Bee"
   0167 00                  293 	.db 0x00
                            294 ;src/niveles.c:52: void initPlayer(){
                            295 ;	---------------------------------
                            296 ; Function initPlayer
                            297 ; ---------------------------------
   0168                     298 _initPlayer::
                            299 ;src/niveles.c:53: strcpy(entidad[0].name,"Don Mendo");
   0168 11r00r00      [10]  300 	ld	de, #_entidad
   016B 21rA3r01      [10]  301 	ld	hl, #___str_5
   016E AF            [ 4]  302 	xor	a, a
   016F                     303 00103$:
   016F BE            [ 7]  304 	cp	a, (hl)
   0170 ED A0         [16]  305 	ldi
   0172 20 FB         [12]  306 	jr	NZ, 00103$
                            307 ;src/niveles.c:54: entidad[0].max_energy = entidad[0].energy = 99;
   0174 21r0Ar00      [10]  308 	ld	hl, #(_entidad + 0x000a)
   0177 36 63         [10]  309 	ld	(hl), #0x63
   0179 21r0Br00      [10]  310 	ld	hl, #(_entidad + 0x000b)
   017C 36 63         [10]  311 	ld	(hl), #0x63
                            312 ;src/niveles.c:55: entidad[0].attack = 30;
   017E 21r0Cr00      [10]  313 	ld	hl, #(_entidad + 0x000c)
   0181 36 1E         [10]  314 	ld	(hl), #0x1e
                            315 ;src/niveles.c:56: entidad[0].force = 6;
   0183 21r0Dr00      [10]  316 	ld	hl, #(_entidad + 0x000d)
   0186 36 06         [10]  317 	ld	(hl), #0x06
                            318 ;src/niveles.c:57: entidad[0].defense = 15;
   0188 21r0Er00      [10]  319 	ld	hl, #(_entidad + 0x000e)
   018B 36 0F         [10]  320 	ld	(hl), #0x0f
                            321 ;src/niveles.c:58: entidad[0].pos_x = 8;
   018D 21r0Fr00      [10]  322 	ld	hl, #(_entidad + 0x000f)
   0190 36 08         [10]  323 	ld	(hl), #0x08
                            324 ;src/niveles.c:59: entidad[0].pos_x_ant = 8;
   0192 21r10r00      [10]  325 	ld	hl, #(_entidad + 0x0010)
   0195 36 08         [10]  326 	ld	(hl), #0x08
                            327 ;src/niveles.c:60: entidad[0].pos_y = 24;
   0197 21r11r00      [10]  328 	ld	hl, #(_entidad + 0x0011)
   019A 36 18         [10]  329 	ld	(hl), #0x18
                            330 ;src/niveles.c:61: entidad[0].sprite = (u8*) &G_mendo[0];
   019C 21r00r00      [10]  331 	ld	hl, #_G_mendo
   019F 22r12r00      [16]  332 	ld	((_entidad + 0x0012)), hl
   01A2 C9            [10]  333 	ret
   01A3                     334 ___str_5:
   01A3 44 6F 6E 20 4D 65   335 	.ascii "Don Mendo"
        6E 64 6F
   01AC 00                  336 	.db 0x00
                            337 ;src/niveles.c:64: void initNivel(){
                            338 ;	---------------------------------
                            339 ; Function initNivel
                            340 ; ---------------------------------
   01AD                     341 _initNivel::
                            342 ;src/niveles.c:66: entidad[1].max_energy = 0;
   01AD 21r1Fr00      [10]  343 	ld	hl, #(_entidad + 0x001f)
   01B0 36 00         [10]  344 	ld	(hl), #0x00
                            345 ;src/niveles.c:67: entidad[1].pos_x_ant = 4;
   01B2 21r24r00      [10]  346 	ld	hl, #(_entidad + 0x0024)
   01B5 36 04         [10]  347 	ld	(hl), #0x04
                            348 ;src/niveles.c:68: entidad[2].max_energy = 0;
   01B7 21r33r00      [10]  349 	ld	hl, #(_entidad + 0x0033)
   01BA 36 00         [10]  350 	ld	(hl), #0x00
                            351 ;src/niveles.c:69: entidad[2].pos_x_ant = 4;
   01BC 21r38r00      [10]  352 	ld	hl, #(_entidad + 0x0038)
   01BF 36 04         [10]  353 	ld	(hl), #0x04
                            354 ;src/niveles.c:72: if (nivel == 1) {
   01C1 3Ar00r00      [13]  355 	ld	a,(#_nivel + 0)
   01C4 3D            [ 4]  356 	dec	a
   01C5 20 08         [12]  357 	jr	NZ,00102$
                            358 ;src/niveles.c:73: initSoldadoArabe1(&entidad[1]);
   01C7 21r14r00      [10]  359 	ld	hl, #(_entidad + 0x0014)
   01CA E5            [11]  360 	push	hl
   01CB CDr00r00      [17]  361 	call	_initSoldadoArabe1
   01CE F1            [10]  362 	pop	af
   01CF                     363 00102$:
                            364 ;src/niveles.c:75: if (nivel == 2) {
   01CF 3Ar00r00      [13]  365 	ld	a,(#_nivel + 0)
   01D2 D6 02         [ 7]  366 	sub	a, #0x02
   01D4 20 0F         [12]  367 	jr	NZ,00104$
                            368 ;src/niveles.c:76: initSoldadoArabe1(&entidad[1]);
   01D6 21r14r00      [10]  369 	ld	hl, #(_entidad + 0x0014)
   01D9 E5            [11]  370 	push	hl
   01DA CDr00r00      [17]  371 	call	_initSoldadoArabe1
                            372 ;src/niveles.c:77: initSoldadoArabe1(&entidad[2]);
   01DD 21r28r00      [10]  373 	ld	hl, #(_entidad + 0x0028)
   01E0 E3            [19]  374 	ex	(sp),hl
   01E1 CDr00r00      [17]  375 	call	_initSoldadoArabe1
   01E4 F1            [10]  376 	pop	af
   01E5                     377 00104$:
                            378 ;src/niveles.c:79: if (nivel == 3){
   01E5 3Ar00r00      [13]  379 	ld	a,(#_nivel + 0)
   01E8 D6 03         [ 7]  380 	sub	a, #0x03
   01EA 20 0F         [12]  381 	jr	NZ,00106$
                            382 ;src/niveles.c:80: initAbeja(&entidad[1]);
   01EC 21r14r00      [10]  383 	ld	hl, #(_entidad + 0x0014)
   01EF E5            [11]  384 	push	hl
   01F0 CDr24r01      [17]  385 	call	_initAbeja
                            386 ;src/niveles.c:81: initSoldadoArabe1(&entidad[2]);
   01F3 21r28r00      [10]  387 	ld	hl, #(_entidad + 0x0028)
   01F6 E3            [19]  388 	ex	(sp),hl
   01F7 CDr00r00      [17]  389 	call	_initSoldadoArabe1
   01FA F1            [10]  390 	pop	af
   01FB                     391 00106$:
                            392 ;src/niveles.c:83: if (nivel == 4){
   01FB 3Ar00r00      [13]  393 	ld	a,(#_nivel + 0)
   01FE D6 04         [ 7]  394 	sub	a, #0x04
   0200 20 08         [12]  395 	jr	NZ,00108$
                            396 ;src/niveles.c:84: initSoldadoArabe2(&entidad[1]);
   0202 21r14r00      [10]  397 	ld	hl, #(_entidad + 0x0014)
   0205 E5            [11]  398 	push	hl
   0206 CDr4Ar00      [17]  399 	call	_initSoldadoArabe2
   0209 F1            [10]  400 	pop	af
   020A                     401 00108$:
                            402 ;src/niveles.c:86: if (nivel == 6){
   020A 3Ar00r00      [13]  403 	ld	a,(#_nivel + 0)
   020D D6 06         [ 7]  404 	sub	a, #0x06
   020F 20 0F         [12]  405 	jr	NZ,00110$
                            406 ;src/niveles.c:87: initAbeja(&entidad[1]);
   0211 21r14r00      [10]  407 	ld	hl, #(_entidad + 0x0014)
   0214 E5            [11]  408 	push	hl
   0215 CDr24r01      [17]  409 	call	_initAbeja
                            410 ;src/niveles.c:88: initFakir(&entidad[2]);
   0218 21r28r00      [10]  411 	ld	hl, #(_entidad + 0x0028)
   021B E3            [19]  412 	ex	(sp),hl
   021C CDrDEr00      [17]  413 	call	_initFakir
   021F F1            [10]  414 	pop	af
   0220                     415 00110$:
                            416 ;src/niveles.c:90: if (nivel == 7){
   0220 3Ar00r00      [13]  417 	ld	a,(#_nivel + 0)
   0223 D6 07         [ 7]  418 	sub	a, #0x07
   0225 20 0F         [12]  419 	jr	NZ,00112$
                            420 ;src/niveles.c:91: initSoldadoArabe2(&entidad[1]);
   0227 21r14r00      [10]  421 	ld	hl, #(_entidad + 0x0014)
   022A E5            [11]  422 	push	hl
   022B CDr4Ar00      [17]  423 	call	_initSoldadoArabe2
                            424 ;src/niveles.c:92: initSoldadoArabe3(&entidad[2]);
   022E 21r28r00      [10]  425 	ld	hl, #(_entidad + 0x0028)
   0231 E3            [19]  426 	ex	(sp),hl
   0232 CDr94r00      [17]  427 	call	_initSoldadoArabe3
   0235 F1            [10]  428 	pop	af
   0236                     429 00112$:
                            430 ;src/niveles.c:94: if (nivel == 8){
   0236 3Ar00r00      [13]  431 	ld	a,(#_nivel + 0)
   0239 D6 08         [ 7]  432 	sub	a, #0x08
   023B 20 0F         [12]  433 	jr	NZ,00114$
                            434 ;src/niveles.c:95: initFakir(&entidad[1]);
   023D 21r14r00      [10]  435 	ld	hl, #(_entidad + 0x0014)
   0240 E5            [11]  436 	push	hl
   0241 CDrDEr00      [17]  437 	call	_initFakir
                            438 ;src/niveles.c:96: initSoldadoArabe2(&entidad[2]);
   0244 21r28r00      [10]  439 	ld	hl, #(_entidad + 0x0028)
   0247 E3            [19]  440 	ex	(sp),hl
   0248 CDr4Ar00      [17]  441 	call	_initSoldadoArabe2
   024B F1            [10]  442 	pop	af
   024C                     443 00114$:
                            444 ;src/niveles.c:98: if (nivel == 9){
   024C 3Ar00r00      [13]  445 	ld	a,(#_nivel + 0)
   024F D6 09         [ 7]  446 	sub	a, #0x09
   0251 20 0F         [12]  447 	jr	NZ,00116$
                            448 ;src/niveles.c:99: initSoldadoArabe3(&entidad[1]);
   0253 21r14r00      [10]  449 	ld	hl, #(_entidad + 0x0014)
   0256 E5            [11]  450 	push	hl
   0257 CDr94r00      [17]  451 	call	_initSoldadoArabe3
                            452 ;src/niveles.c:100: initSoldadoArabe3(&entidad[2]);
   025A 21r28r00      [10]  453 	ld	hl, #(_entidad + 0x0028)
   025D E3            [19]  454 	ex	(sp),hl
   025E CDr94r00      [17]  455 	call	_initSoldadoArabe3
   0261 F1            [10]  456 	pop	af
   0262                     457 00116$:
                            458 ;src/niveles.c:102: if (nivel == 10){
   0262 FD 21r00r00   [14]  459 	ld	iy, #_nivel
   0266 FD 7E 00      [19]  460 	ld	a, 0 (iy)
   0269 D6 0A         [ 7]  461 	sub	a, #0x0a
   026B 20 26         [12]  462 	jr	NZ,00118$
                            463 ;src/niveles.c:103: strcpy(entidad[2].name,"Boss Lvl1");
   026D 11r28r00      [10]  464 	ld	de, #(_entidad + 0x0028)
   0270 21rB6r02      [10]  465 	ld	hl, #___str_6
   0273 AF            [ 4]  466 	xor	a, a
   0274                     467 00175$:
   0274 BE            [ 7]  468 	cp	a, (hl)
   0275 ED A0         [16]  469 	ldi
   0277 20 FB         [12]  470 	jr	NZ, 00175$
                            471 ;src/niveles.c:104: entidad[2].max_energy = 99;
   0279 21r33r00      [10]  472 	ld	hl, #(_entidad + 0x0033)
   027C 36 63         [10]  473 	ld	(hl), #0x63
                            474 ;src/niveles.c:105: entidad[2].attack = 40;
   027E 21r34r00      [10]  475 	ld	hl, #(_entidad + 0x0034)
   0281 36 28         [10]  476 	ld	(hl), #0x28
                            477 ;src/niveles.c:106: entidad[2].force = 10;
   0283 21r35r00      [10]  478 	ld	hl, #(_entidad + 0x0035)
   0286 36 0A         [10]  479 	ld	(hl), #0x0a
                            480 ;src/niveles.c:107: entidad[2].defense = 25;
   0288 21r36r00      [10]  481 	ld	hl, #(_entidad + 0x0036)
   028B 36 19         [10]  482 	ld	(hl), #0x19
                            483 ;src/niveles.c:108: entidad[2].sprite = (u8*) &G_arabe_boss[0];
   028D 21r00r00      [10]  484 	ld	hl, #_G_arabe_boss
   0290 22r3Ar00      [16]  485 	ld	((_entidad + 0x003a)), hl
   0293                     486 00118$:
                            487 ;src/niveles.c:111: entidad[1].pos_x = 28;  //Posición del sprite en pantalla
   0293 21r23r00      [10]  488 	ld	hl, #(_entidad + 0x0023)
   0296 36 1C         [10]  489 	ld	(hl), #0x1c
                            490 ;src/niveles.c:112: entidad[2].pos_x = 36;
   0298 21r37r00      [10]  491 	ld	hl, #(_entidad + 0x0037)
   029B 36 24         [10]  492 	ld	(hl), #0x24
                            493 ;src/niveles.c:113: entidad[1].pos_y = 32;  //Posición en el marcador
   029D 21r25r00      [10]  494 	ld	hl, #(_entidad + 0x0025)
   02A0 36 20         [10]  495 	ld	(hl), #0x20
                            496 ;src/niveles.c:114: entidad[2].pos_y = 40;  //
   02A2 21r39r00      [10]  497 	ld	hl, #(_entidad + 0x0039)
   02A5 36 28         [10]  498 	ld	(hl), #0x28
                            499 ;src/niveles.c:115: entidad[1].energy = entidad[1].max_energy;
   02A7 01r1Er00      [10]  500 	ld	bc, #_entidad + 30
   02AA 3Ar1Fr00      [13]  501 	ld	a, (#(_entidad + 0x001f) + 0)
   02AD 02            [ 7]  502 	ld	(bc), a
                            503 ;src/niveles.c:116: entidad[2].energy = entidad[2].max_energy;
   02AE 01r32r00      [10]  504 	ld	bc, #_entidad + 50
   02B1 3Ar33r00      [13]  505 	ld	a, (#(_entidad + 0x0033) + 0)
   02B4 02            [ 7]  506 	ld	(bc), a
   02B5 C9            [10]  507 	ret
   02B6                     508 ___str_6:
   02B6 42 6F 73 73 20 4C   509 	.ascii "Boss Lvl1"
        76 6C 31
   02BF 00                  510 	.db 0x00
                            511 	.area _CODE
                            512 	.area _INITIALIZER
                            513 	.area _CABS (ABS)
