                              1 ;--------------------------------------------------------
                              2 ; File Created by SDCC : free open source ANSI-C Compiler
                              3 ; Version 3.6.8 #9946 (CYGWIN)
                              4 ;--------------------------------------------------------
                              5 	.module fase_05
                              6 	.optsdcc -mz80
                              7 	
                              8 ;--------------------------------------------------------
                              9 ; Public variables in this module
                             10 ;--------------------------------------------------------
                             11 	.globl _g_mapa05
                             12 ;--------------------------------------------------------
                             13 ; special function registers
                             14 ;--------------------------------------------------------
                             15 ;--------------------------------------------------------
                             16 ; ram data
                             17 ;--------------------------------------------------------
                             18 	.area _DATA
                             19 ;--------------------------------------------------------
                             20 ; ram data
                             21 ;--------------------------------------------------------
                             22 	.area _INITIALIZED
                             23 ;--------------------------------------------------------
                             24 ; absolute external ram data
                             25 ;--------------------------------------------------------
                             26 	.area _DABS (ABS)
                             27 ;--------------------------------------------------------
                             28 ; global & static initialisations
                             29 ;--------------------------------------------------------
                             30 	.area _HOME
                             31 	.area _GSINIT
                             32 	.area _GSFINAL
                             33 	.area _GSINIT
                             34 ;--------------------------------------------------------
                             35 ; Home
                             36 ;--------------------------------------------------------
                             37 	.area _HOME
                             38 	.area _HOME
                             39 ;--------------------------------------------------------
                             40 ; code
                             41 ;--------------------------------------------------------
                             42 	.area _CODE
                             43 	.area _CODE
   0000                      44 _g_mapa05:
   0000 8C                   45 	.db #0x8c	; 140
   0001 8C                   46 	.db #0x8c	; 140
   0002 8C                   47 	.db #0x8c	; 140
   0003 8C                   48 	.db #0x8c	; 140
   0004 8C                   49 	.db #0x8c	; 140
   0005 8C                   50 	.db #0x8c	; 140
   0006 A2                   51 	.db #0xa2	; 162
   0007 A3                   52 	.db #0xa3	; 163
   0008 8C                   53 	.db #0x8c	; 140
   0009 8C                   54 	.db #0x8c	; 140
   000A 8C                   55 	.db #0x8c	; 140
   000B B6                   56 	.db #0xb6	; 182
   000C B7                   57 	.db #0xb7	; 183
   000D 8C                   58 	.db #0x8c	; 140
   000E 8C                   59 	.db #0x8c	; 140
   000F 8C                   60 	.db #0x8c	; 140
   0010 A2                   61 	.db #0xa2	; 162
   0011 A3                   62 	.db #0xa3	; 163
   0012 8C                   63 	.db #0x8c	; 140
   0013 8C                   64 	.db #0x8c	; 140
   0014 8C                   65 	.db #0x8c	; 140
   0015 8C                   66 	.db #0x8c	; 140
   0016 8C                   67 	.db #0x8c	; 140
   0017 8C                   68 	.db #0x8c	; 140
   0018 AC                   69 	.db #0xac	; 172
   0019 AD                   70 	.db #0xad	; 173
   001A 8C                   71 	.db #0x8c	; 140
   001B 8C                   72 	.db #0x8c	; 140
   001C 8C                   73 	.db #0x8c	; 140
   001D C0                   74 	.db #0xc0	; 192
   001E C1                   75 	.db #0xc1	; 193
   001F 8C                   76 	.db #0x8c	; 140
   0020 8C                   77 	.db #0x8c	; 140
   0021 8C                   78 	.db #0x8c	; 140
   0022 AC                   79 	.db #0xac	; 172
   0023 AD                   80 	.db #0xad	; 173
   0024 8C                   81 	.db #0x8c	; 140
   0025 8C                   82 	.db #0x8c	; 140
   0026 8C                   83 	.db #0x8c	; 140
   0027 8C                   84 	.db #0x8c	; 140
   0028 8C                   85 	.db #0x8c	; 140
   0029 8C                   86 	.db #0x8c	; 140
   002A 8C                   87 	.db #0x8c	; 140
   002B 8C                   88 	.db #0x8c	; 140
   002C 8C                   89 	.db #0x8c	; 140
   002D 8C                   90 	.db #0x8c	; 140
   002E 8C                   91 	.db #0x8c	; 140
   002F 8C                   92 	.db #0x8c	; 140
   0030 8C                   93 	.db #0x8c	; 140
   0031 8C                   94 	.db #0x8c	; 140
   0032 B6                   95 	.db #0xb6	; 182
   0033 B7                   96 	.db #0xb7	; 183
   0034 8C                   97 	.db #0x8c	; 140
   0035 8C                   98 	.db #0x8c	; 140
   0036 8C                   99 	.db #0x8c	; 140
   0037 08                  100 	.db #0x08	; 8
   0038 09                  101 	.db #0x09	; 9
   0039 8C                  102 	.db #0x8c	; 140
   003A 8C                  103 	.db #0x8c	; 140
   003B 8C                  104 	.db #0x8c	; 140
   003C 8C                  105 	.db #0x8c	; 140
   003D 8C                  106 	.db #0x8c	; 140
   003E 8C                  107 	.db #0x8c	; 140
   003F A2                  108 	.db #0xa2	; 162
   0040 A3                  109 	.db #0xa3	; 163
   0041 8C                  110 	.db #0x8c	; 140
   0042 8C                  111 	.db #0x8c	; 140
   0043 8C                  112 	.db #0x8c	; 140
   0044 C0                  113 	.db #0xc0	; 192
   0045 C1                  114 	.db #0xc1	; 193
   0046 8C                  115 	.db #0x8c	; 140
   0047 8C                  116 	.db #0x8c	; 140
   0048 8C                  117 	.db #0x8c	; 140
   0049 12                  118 	.db #0x12	; 18
   004A 13                  119 	.db #0x13	; 19
   004B 8C                  120 	.db #0x8c	; 140
   004C 8C                  121 	.db #0x8c	; 140
   004D 8C                  122 	.db #0x8c	; 140
   004E 8C                  123 	.db #0x8c	; 140
   004F 8C                  124 	.db #0x8c	; 140
   0050 8C                  125 	.db #0x8c	; 140
   0051 AC                  126 	.db #0xac	; 172
   0052 AD                  127 	.db #0xad	; 173
   0053 8C                  128 	.db #0x8c	; 140
   0054 8C                  129 	.db #0x8c	; 140
   0055 8C                  130 	.db #0x8c	; 140
   0056 8C                  131 	.db #0x8c	; 140
   0057 8C                  132 	.db #0x8c	; 140
   0058 8C                  133 	.db #0x8c	; 140
   0059 8C                  134 	.db #0x8c	; 140
   005A 8C                  135 	.db #0x8c	; 140
   005B 1C                  136 	.db #0x1c	; 28
   005C 1D                  137 	.db #0x1d	; 29
   005D 8C                  138 	.db #0x8c	; 140
   005E 8C                  139 	.db #0x8c	; 140
   005F 8C                  140 	.db #0x8c	; 140
   0060 8C                  141 	.db #0x8c	; 140
   0061 8C                  142 	.db #0x8c	; 140
   0062 8C                  143 	.db #0x8c	; 140
   0063 8C                  144 	.db #0x8c	; 140
   0064 8C                  145 	.db #0x8c	; 140
   0065 8C                  146 	.db #0x8c	; 140
   0066 8C                  147 	.db #0x8c	; 140
   0067 8C                  148 	.db #0x8c	; 140
   0068 8C                  149 	.db #0x8c	; 140
   0069 8C                  150 	.db #0x8c	; 140
   006A 8C                  151 	.db #0x8c	; 140
   006B 8C                  152 	.db #0x8c	; 140
   006C 8C                  153 	.db #0x8c	; 140
   006D 26                  154 	.db #0x26	; 38
   006E 27                  155 	.db #0x27	; 39
   006F 8C                  156 	.db #0x8c	; 140
   0070 8C                  157 	.db #0x8c	; 140
   0071 8C                  158 	.db #0x8c	; 140
   0072 8C                  159 	.db #0x8c	; 140
   0073 8C                  160 	.db #0x8c	; 140
   0074 8C                  161 	.db #0x8c	; 140
   0075 8C                  162 	.db #0x8c	; 140
   0076 8C                  163 	.db #0x8c	; 140
   0077 8C                  164 	.db #0x8c	; 140
   0078 8C                  165 	.db #0x8c	; 140
   0079 8C                  166 	.db #0x8c	; 140
   007A 8C                  167 	.db #0x8c	; 140
   007B 8C                  168 	.db #0x8c	; 140
   007C 8C                  169 	.db #0x8c	; 140
   007D 8C                  170 	.db #0x8c	; 140
   007E 8C                  171 	.db #0x8c	; 140
   007F 04                  172 	.db #0x04	; 4
   0080 05                  173 	.db #0x05	; 5
   0081 06                  174 	.db #0x06	; 6
   0082 8C                  175 	.db #0x8c	; 140
   0083 8C                  176 	.db #0x8c	; 140
   0084 8C                  177 	.db #0x8c	; 140
   0085 8C                  178 	.db #0x8c	; 140
   0086 8C                  179 	.db #0x8c	; 140
   0087 8C                  180 	.db #0x8c	; 140
   0088 8C                  181 	.db #0x8c	; 140
   0089 8C                  182 	.db #0x8c	; 140
   008A 8C                  183 	.db #0x8c	; 140
   008B 8C                  184 	.db #0x8c	; 140
   008C 8C                  185 	.db #0x8c	; 140
   008D 8C                  186 	.db #0x8c	; 140
   008E 8C                  187 	.db #0x8c	; 140
   008F 8C                  188 	.db #0x8c	; 140
   0090 8C                  189 	.db #0x8c	; 140
   0091 0E                  190 	.db #0x0e	; 14
   0092 0F                  191 	.db #0x0f	; 15
   0093 10                  192 	.db #0x10	; 16
   0094 8C                  193 	.db #0x8c	; 140
   0095 07                  194 	.db #0x07	; 7
   0096 07                  195 	.db #0x07	; 7
   0097 8C                  196 	.db #0x8c	; 140
   0098 8C                  197 	.db #0x8c	; 140
   0099 8C                  198 	.db #0x8c	; 140
   009A 24                  199 	.db #0x24	; 36
   009B 8C                  200 	.db #0x8c	; 140
   009C 8C                  201 	.db #0x8c	; 140
   009D 8C                  202 	.db #0x8c	; 140
   009E 8C                  203 	.db #0x8c	; 140
   009F 8C                  204 	.db #0x8c	; 140
   00A0 8C                  205 	.db #0x8c	; 140
   00A1 8C                  206 	.db #0x8c	; 140
   00A2 17                  207 	.db #0x17	; 23
   00A3 18                  208 	.db #0x18	; 24
   00A4 19                  209 	.db #0x19	; 25
   00A5 1A                  210 	.db #0x1a	; 26
   00A6 1B                  211 	.db #0x1b	; 27
   00A7 11                  212 	.db #0x11	; 17
   00A8 11                  213 	.db #0x11	; 17
   00A9 8C                  214 	.db #0x8c	; 140
   00AA 8C                  215 	.db #0x8c	; 140
   00AB 8C                  216 	.db #0x8c	; 140
   00AC 8C                  217 	.db #0x8c	; 140
   00AD 8C                  218 	.db #0x8c	; 140
   00AE 8C                  219 	.db #0x8c	; 140
   00AF 8C                  220 	.db #0x8c	; 140
   00B0 8C                  221 	.db #0x8c	; 140
   00B1 8C                  222 	.db #0x8c	; 140
   00B2 8C                  223 	.db #0x8c	; 140
   00B3 8C                  224 	.db #0x8c	; 140
   00B4 21                  225 	.db #0x21	; 33
   00B5 22                  226 	.db #0x22	; 34
   00B6 23                  227 	.db #0x23	; 35
   00B7 24                  228 	.db #0x24	; 36
   00B8 25                  229 	.db #0x25	; 37
   00B9 8C                  230 	.db #0x8c	; 140
   00BA 8C                  231 	.db #0x8c	; 140
   00BB 8C                  232 	.db #0x8c	; 140
   00BC 8C                  233 	.db #0x8c	; 140
   00BD 8C                  234 	.db #0x8c	; 140
   00BE 8C                  235 	.db #0x8c	; 140
   00BF 8C                  236 	.db #0x8c	; 140
   00C0 8C                  237 	.db #0x8c	; 140
   00C1 8C                  238 	.db #0x8c	; 140
   00C2 8C                  239 	.db #0x8c	; 140
   00C3 8C                  240 	.db #0x8c	; 140
   00C4 8C                  241 	.db #0x8c	; 140
   00C5 8C                  242 	.db #0x8c	; 140
   00C6 8C                  243 	.db #0x8c	; 140
   00C7 8C                  244 	.db #0x8c	; 140
   00C8 8C                  245 	.db #0x8c	; 140
   00C9 8C                  246 	.db #0x8c	; 140
   00CA 8C                  247 	.db #0x8c	; 140
   00CB 8C                  248 	.db #0x8c	; 140
   00CC 8C                  249 	.db #0x8c	; 140
   00CD 8C                  250 	.db #0x8c	; 140
   00CE 8C                  251 	.db #0x8c	; 140
   00CF 8C                  252 	.db #0x8c	; 140
   00D0 8C                  253 	.db #0x8c	; 140
   00D1 8C                  254 	.db #0x8c	; 140
   00D2 8C                  255 	.db #0x8c	; 140
   00D3 8C                  256 	.db #0x8c	; 140
   00D4 8C                  257 	.db #0x8c	; 140
   00D5 8C                  258 	.db #0x8c	; 140
   00D6 8C                  259 	.db #0x8c	; 140
   00D7 8C                  260 	.db #0x8c	; 140
   00D8 8C                  261 	.db #0x8c	; 140
   00D9 8C                  262 	.db #0x8c	; 140
   00DA 8C                  263 	.db #0x8c	; 140
   00DB 8C                  264 	.db #0x8c	; 140
   00DC 8C                  265 	.db #0x8c	; 140
   00DD 8C                  266 	.db #0x8c	; 140
   00DE 8C                  267 	.db #0x8c	; 140
   00DF 8C                  268 	.db #0x8c	; 140
   00E0 8C                  269 	.db #0x8c	; 140
   00E1 8C                  270 	.db #0x8c	; 140
   00E2 8C                  271 	.db #0x8c	; 140
   00E3 8C                  272 	.db #0x8c	; 140
   00E4 8C                  273 	.db #0x8c	; 140
   00E5 8C                  274 	.db #0x8c	; 140
   00E6 8C                  275 	.db #0x8c	; 140
   00E7 8C                  276 	.db #0x8c	; 140
   00E8 8C                  277 	.db #0x8c	; 140
   00E9 8C                  278 	.db #0x8c	; 140
   00EA 8C                  279 	.db #0x8c	; 140
   00EB 8C                  280 	.db #0x8c	; 140
   00EC 8C                  281 	.db #0x8c	; 140
   00ED 8C                  282 	.db #0x8c	; 140
   00EE 8C                  283 	.db #0x8c	; 140
   00EF 8C                  284 	.db #0x8c	; 140
   00F0 8C                  285 	.db #0x8c	; 140
   00F1 8C                  286 	.db #0x8c	; 140
   00F2 8C                  287 	.db #0x8c	; 140
   00F3 8C                  288 	.db #0x8c	; 140
   00F4 8C                  289 	.db #0x8c	; 140
   00F5 8C                  290 	.db #0x8c	; 140
   00F6 8C                  291 	.db #0x8c	; 140
   00F7 8C                  292 	.db #0x8c	; 140
   00F8 8C                  293 	.db #0x8c	; 140
   00F9 8C                  294 	.db #0x8c	; 140
   00FA 8C                  295 	.db #0x8c	; 140
   00FB 8C                  296 	.db #0x8c	; 140
   00FC 8C                  297 	.db #0x8c	; 140
   00FD 8C                  298 	.db #0x8c	; 140
   00FE 8C                  299 	.db #0x8c	; 140
   00FF 8C                  300 	.db #0x8c	; 140
   0100 8C                  301 	.db #0x8c	; 140
   0101 8C                  302 	.db #0x8c	; 140
   0102 8C                  303 	.db #0x8c	; 140
   0103 8C                  304 	.db #0x8c	; 140
   0104 8C                  305 	.db #0x8c	; 140
   0105 8C                  306 	.db #0x8c	; 140
   0106 8C                  307 	.db #0x8c	; 140
   0107 8C                  308 	.db #0x8c	; 140
   0108 8C                  309 	.db #0x8c	; 140
   0109 8C                  310 	.db #0x8c	; 140
   010A 8C                  311 	.db #0x8c	; 140
   010B 8C                  312 	.db #0x8c	; 140
   010C 8C                  313 	.db #0x8c	; 140
   010D 8C                  314 	.db #0x8c	; 140
   010E 8C                  315 	.db #0x8c	; 140
   010F 8C                  316 	.db #0x8c	; 140
   0110 8C                  317 	.db #0x8c	; 140
   0111 8C                  318 	.db #0x8c	; 140
   0112 8C                  319 	.db #0x8c	; 140
   0113 8C                  320 	.db #0x8c	; 140
   0114 8C                  321 	.db #0x8c	; 140
   0115 8C                  322 	.db #0x8c	; 140
   0116 8C                  323 	.db #0x8c	; 140
   0117 8C                  324 	.db #0x8c	; 140
   0118 8C                  325 	.db #0x8c	; 140
   0119 8C                  326 	.db #0x8c	; 140
   011A 8C                  327 	.db #0x8c	; 140
   011B 8C                  328 	.db #0x8c	; 140
   011C 8C                  329 	.db #0x8c	; 140
   011D 8C                  330 	.db #0x8c	; 140
   011E 8C                  331 	.db #0x8c	; 140
   011F 8C                  332 	.db #0x8c	; 140
   0120 8C                  333 	.db #0x8c	; 140
   0121 8C                  334 	.db #0x8c	; 140
   0122 8C                  335 	.db #0x8c	; 140
   0123 8C                  336 	.db #0x8c	; 140
   0124 8C                  337 	.db #0x8c	; 140
   0125 8C                  338 	.db #0x8c	; 140
   0126 8C                  339 	.db #0x8c	; 140
   0127 8C                  340 	.db #0x8c	; 140
   0128 8C                  341 	.db #0x8c	; 140
   0129 8C                  342 	.db #0x8c	; 140
   012A 8C                  343 	.db #0x8c	; 140
   012B 8C                  344 	.db #0x8c	; 140
   012C 8C                  345 	.db #0x8c	; 140
   012D 8C                  346 	.db #0x8c	; 140
   012E 8C                  347 	.db #0x8c	; 140
   012F 8C                  348 	.db #0x8c	; 140
   0130 8C                  349 	.db #0x8c	; 140
   0131 8C                  350 	.db #0x8c	; 140
   0132 8C                  351 	.db #0x8c	; 140
   0133 8C                  352 	.db #0x8c	; 140
   0134 8C                  353 	.db #0x8c	; 140
   0135 8C                  354 	.db #0x8c	; 140
   0136 8C                  355 	.db #0x8c	; 140
   0137 8C                  356 	.db #0x8c	; 140
   0138 8C                  357 	.db #0x8c	; 140
   0139 8C                  358 	.db #0x8c	; 140
   013A 8C                  359 	.db #0x8c	; 140
   013B 8C                  360 	.db #0x8c	; 140
   013C 8C                  361 	.db #0x8c	; 140
   013D 8C                  362 	.db #0x8c	; 140
   013E 8C                  363 	.db #0x8c	; 140
   013F 8C                  364 	.db #0x8c	; 140
   0140 8C                  365 	.db #0x8c	; 140
   0141 8C                  366 	.db #0x8c	; 140
   0142 8C                  367 	.db #0x8c	; 140
   0143 8C                  368 	.db #0x8c	; 140
   0144 8C                  369 	.db #0x8c	; 140
   0145 8C                  370 	.db #0x8c	; 140
   0146 8C                  371 	.db #0x8c	; 140
   0147 8C                  372 	.db #0x8c	; 140
   0148 8C                  373 	.db #0x8c	; 140
   0149 8C                  374 	.db #0x8c	; 140
   014A 8C                  375 	.db #0x8c	; 140
   014B 8C                  376 	.db #0x8c	; 140
   014C 8C                  377 	.db #0x8c	; 140
   014D 8C                  378 	.db #0x8c	; 140
   014E 8C                  379 	.db #0x8c	; 140
   014F 8C                  380 	.db #0x8c	; 140
   0150 8C                  381 	.db #0x8c	; 140
   0151 8C                  382 	.db #0x8c	; 140
   0152 8C                  383 	.db #0x8c	; 140
   0153 8C                  384 	.db #0x8c	; 140
   0154 8C                  385 	.db #0x8c	; 140
   0155 8C                  386 	.db #0x8c	; 140
   0156 8C                  387 	.db #0x8c	; 140
   0157 8C                  388 	.db #0x8c	; 140
   0158 8C                  389 	.db #0x8c	; 140
   0159 8C                  390 	.db #0x8c	; 140
   015A 8C                  391 	.db #0x8c	; 140
   015B 8C                  392 	.db #0x8c	; 140
   015C 8C                  393 	.db #0x8c	; 140
   015D 8C                  394 	.db #0x8c	; 140
   015E 8C                  395 	.db #0x8c	; 140
   015F 8C                  396 	.db #0x8c	; 140
   0160 8C                  397 	.db #0x8c	; 140
   0161 8C                  398 	.db #0x8c	; 140
   0162 8C                  399 	.db #0x8c	; 140
   0163 8C                  400 	.db #0x8c	; 140
   0164 8C                  401 	.db #0x8c	; 140
   0165 8C                  402 	.db #0x8c	; 140
   0166 8C                  403 	.db #0x8c	; 140
   0167 8C                  404 	.db #0x8c	; 140
   0168 8C                  405 	.db #0x8c	; 140
   0169 8C                  406 	.db #0x8c	; 140
   016A 8C                  407 	.db #0x8c	; 140
   016B 8C                  408 	.db #0x8c	; 140
   016C 8C                  409 	.db #0x8c	; 140
   016D 8C                  410 	.db #0x8c	; 140
   016E 8C                  411 	.db #0x8c	; 140
   016F 8C                  412 	.db #0x8c	; 140
   0170 8C                  413 	.db #0x8c	; 140
   0171 8C                  414 	.db #0x8c	; 140
   0172 8C                  415 	.db #0x8c	; 140
   0173 8C                  416 	.db #0x8c	; 140
   0174 8C                  417 	.db #0x8c	; 140
   0175 8C                  418 	.db #0x8c	; 140
   0176 8C                  419 	.db #0x8c	; 140
   0177 8C                  420 	.db #0x8c	; 140
   0178 8C                  421 	.db #0x8c	; 140
   0179 8C                  422 	.db #0x8c	; 140
   017A 8C                  423 	.db #0x8c	; 140
   017B 8C                  424 	.db #0x8c	; 140
   017C 8C                  425 	.db #0x8c	; 140
   017D 8C                  426 	.db #0x8c	; 140
   017E 8C                  427 	.db #0x8c	; 140
   017F 8C                  428 	.db #0x8c	; 140
   0180 8C                  429 	.db #0x8c	; 140
   0181 8C                  430 	.db #0x8c	; 140
   0182 8C                  431 	.db #0x8c	; 140
   0183 8C                  432 	.db #0x8c	; 140
   0184 8C                  433 	.db #0x8c	; 140
   0185 8C                  434 	.db #0x8c	; 140
   0186 8C                  435 	.db #0x8c	; 140
   0187 8C                  436 	.db #0x8c	; 140
   0188 8C                  437 	.db #0x8c	; 140
   0189 8C                  438 	.db #0x8c	; 140
   018A 8C                  439 	.db #0x8c	; 140
   018B 8C                  440 	.db #0x8c	; 140
   018C 8C                  441 	.db #0x8c	; 140
   018D 8C                  442 	.db #0x8c	; 140
   018E 8C                  443 	.db #0x8c	; 140
   018F 8C                  444 	.db #0x8c	; 140
   0190 8C                  445 	.db #0x8c	; 140
   0191 8C                  446 	.db #0x8c	; 140
   0192 8C                  447 	.db #0x8c	; 140
   0193 8C                  448 	.db #0x8c	; 140
   0194 8C                  449 	.db #0x8c	; 140
   0195 8C                  450 	.db #0x8c	; 140
   0196 8C                  451 	.db #0x8c	; 140
   0197 8C                  452 	.db #0x8c	; 140
   0198 8C                  453 	.db #0x8c	; 140
   0199 8C                  454 	.db #0x8c	; 140
   019A 8C                  455 	.db #0x8c	; 140
   019B 8C                  456 	.db #0x8c	; 140
   019C 8C                  457 	.db #0x8c	; 140
   019D 8C                  458 	.db #0x8c	; 140
   019E 8C                  459 	.db #0x8c	; 140
   019F 8C                  460 	.db #0x8c	; 140
   01A0 8C                  461 	.db #0x8c	; 140
   01A1 8C                  462 	.db #0x8c	; 140
   01A2 8C                  463 	.db #0x8c	; 140
   01A3 8C                  464 	.db #0x8c	; 140
   01A4 8C                  465 	.db #0x8c	; 140
   01A5 8C                  466 	.db #0x8c	; 140
   01A6 8C                  467 	.db #0x8c	; 140
   01A7 8C                  468 	.db #0x8c	; 140
   01A8 8C                  469 	.db #0x8c	; 140
   01A9 8C                  470 	.db #0x8c	; 140
   01AA 8C                  471 	.db #0x8c	; 140
   01AB 8C                  472 	.db #0x8c	; 140
   01AC 8C                  473 	.db #0x8c	; 140
   01AD 8C                  474 	.db #0x8c	; 140
   01AE 8C                  475 	.db #0x8c	; 140
   01AF 8C                  476 	.db #0x8c	; 140
   01B0 00                  477 	.db #0x00	; 0
   01B1 01                  478 	.db #0x01	; 1
   01B2 00                  479 	.db #0x00	; 0
   01B3 01                  480 	.db #0x01	; 1
   01B4 00                  481 	.db #0x00	; 0
   01B5 01                  482 	.db #0x01	; 1
   01B6 00                  483 	.db #0x00	; 0
   01B7 01                  484 	.db #0x01	; 1
   01B8 00                  485 	.db #0x00	; 0
   01B9 01                  486 	.db #0x01	; 1
   01BA 00                  487 	.db #0x00	; 0
   01BB 01                  488 	.db #0x01	; 1
   01BC 00                  489 	.db #0x00	; 0
   01BD 01                  490 	.db #0x01	; 1
   01BE 00                  491 	.db #0x00	; 0
   01BF 01                  492 	.db #0x01	; 1
   01C0 2E                  493 	.db #0x2e	; 46
   01C1 2F                  494 	.db #0x2f	; 47
   01C2 0A                  495 	.db #0x0a	; 10
   01C3 0B                  496 	.db #0x0b	; 11
   01C4 0A                  497 	.db #0x0a	; 10
   01C5 0B                  498 	.db #0x0b	; 11
   01C6 0A                  499 	.db #0x0a	; 10
   01C7 0B                  500 	.db #0x0b	; 11
   01C8 0A                  501 	.db #0x0a	; 10
   01C9 0B                  502 	.db #0x0b	; 11
   01CA 0A                  503 	.db #0x0a	; 10
   01CB 0B                  504 	.db #0x0b	; 11
   01CC 0A                  505 	.db #0x0a	; 10
   01CD 0B                  506 	.db #0x0b	; 11
   01CE 0A                  507 	.db #0x0a	; 10
   01CF 0B                  508 	.db #0x0b	; 11
   01D0 0A                  509 	.db #0x0a	; 10
   01D1 0B                  510 	.db #0x0b	; 11
   01D2 38                  511 	.db #0x38	; 56	'8'
   01D3 39                  512 	.db #0x39	; 57	'9'
   01D4 14                  513 	.db #0x14	; 20
   01D5 15                  514 	.db #0x15	; 21
   01D6 14                  515 	.db #0x14	; 20
   01D7 15                  516 	.db #0x15	; 21
   01D8 14                  517 	.db #0x14	; 20
   01D9 15                  518 	.db #0x15	; 21
   01DA 14                  519 	.db #0x14	; 20
   01DB 15                  520 	.db #0x15	; 21
   01DC 14                  521 	.db #0x14	; 20
   01DD 15                  522 	.db #0x15	; 21
   01DE 14                  523 	.db #0x14	; 20
   01DF 15                  524 	.db #0x15	; 21
   01E0 14                  525 	.db #0x14	; 20
   01E1 15                  526 	.db #0x15	; 21
   01E2 14                  527 	.db #0x14	; 20
   01E3 15                  528 	.db #0x15	; 21
   01E4 42                  529 	.db #0x42	; 66	'B'
   01E5 43                  530 	.db #0x43	; 67	'C'
   01E6 1E                  531 	.db #0x1e	; 30
   01E7 1F                  532 	.db #0x1f	; 31
   01E8 1E                  533 	.db #0x1e	; 30
   01E9 1F                  534 	.db #0x1f	; 31
   01EA 1E                  535 	.db #0x1e	; 30
   01EB 1F                  536 	.db #0x1f	; 31
   01EC 1E                  537 	.db #0x1e	; 30
   01ED 1F                  538 	.db #0x1f	; 31
   01EE 1E                  539 	.db #0x1e	; 30
   01EF 1F                  540 	.db #0x1f	; 31
   01F0 1E                  541 	.db #0x1e	; 30
   01F1 1F                  542 	.db #0x1f	; 31
   01F2 1E                  543 	.db #0x1e	; 30
   01F3 1F                  544 	.db #0x1f	; 31
   01F4 1E                  545 	.db #0x1e	; 30
   01F5 1F                  546 	.db #0x1f	; 31
   01F6 4C                  547 	.db #0x4c	; 76	'L'
   01F7 4D                  548 	.db #0x4d	; 77	'M'
                            549 	.area _INITIALIZER
                            550 	.area _CABS (ABS)
