                              1 ;--------------------------------------------------------
                              2 ; File Created by SDCC : free open source ANSI-C Compiler
                              3 ; Version 3.6.8 #9946 (CYGWIN)
                              4 ;--------------------------------------------------------
                              5 	.module fase_06
                              6 	.optsdcc -mz80
                              7 	
                              8 ;--------------------------------------------------------
                              9 ; Public variables in this module
                             10 ;--------------------------------------------------------
                             11 	.globl _g_mapa06
                             12 ;--------------------------------------------------------
                             13 ; special function registers
                             14 ;--------------------------------------------------------
                             15 ;--------------------------------------------------------
                             16 ; ram data
                             17 ;--------------------------------------------------------
                             18 	.area _DATA
                             19 ;--------------------------------------------------------
                             20 ; ram data
                             21 ;--------------------------------------------------------
                             22 	.area _INITIALIZED
                             23 ;--------------------------------------------------------
                             24 ; absolute external ram data
                             25 ;--------------------------------------------------------
                             26 	.area _DABS (ABS)
                             27 ;--------------------------------------------------------
                             28 ; global & static initialisations
                             29 ;--------------------------------------------------------
                             30 	.area _HOME
                             31 	.area _GSINIT
                             32 	.area _GSFINAL
                             33 	.area _GSINIT
                             34 ;--------------------------------------------------------
                             35 ; Home
                             36 ;--------------------------------------------------------
                             37 	.area _HOME
                             38 	.area _HOME
                             39 ;--------------------------------------------------------
                             40 ; code
                             41 ;--------------------------------------------------------
                             42 	.area _CODE
                             43 	.area _CODE
   0000                      44 _g_mapa06:
   0000 54                   45 	.db #0x54	; 84	'T'
   0001 55                   46 	.db #0x55	; 85	'U'
   0002 56                   47 	.db #0x56	; 86	'V'
   0003 57                   48 	.db #0x57	; 87	'W'
   0004 58                   49 	.db #0x58	; 88	'X'
   0005 59                   50 	.db #0x59	; 89	'Y'
   0006 54                   51 	.db #0x54	; 84	'T'
   0007 55                   52 	.db #0x55	; 85	'U'
   0008 56                   53 	.db #0x56	; 86	'V'
   0009 57                   54 	.db #0x57	; 87	'W'
   000A 58                   55 	.db #0x58	; 88	'X'
   000B 59                   56 	.db #0x59	; 89	'Y'
   000C 54                   57 	.db #0x54	; 84	'T'
   000D 55                   58 	.db #0x55	; 85	'U'
   000E 56                   59 	.db #0x56	; 86	'V'
   000F 57                   60 	.db #0x57	; 87	'W'
   0010 58                   61 	.db #0x58	; 88	'X'
   0011 59                   62 	.db #0x59	; 89	'Y'
   0012 5E                   63 	.db #0x5e	; 94
   0013 5F                   64 	.db #0x5f	; 95
   0014 60                   65 	.db #0x60	; 96
   0015 61                   66 	.db #0x61	; 97	'a'
   0016 62                   67 	.db #0x62	; 98	'b'
   0017 63                   68 	.db #0x63	; 99	'c'
   0018 5E                   69 	.db #0x5e	; 94
   0019 5F                   70 	.db #0x5f	; 95
   001A 60                   71 	.db #0x60	; 96
   001B 61                   72 	.db #0x61	; 97	'a'
   001C 62                   73 	.db #0x62	; 98	'b'
   001D 63                   74 	.db #0x63	; 99	'c'
   001E 5E                   75 	.db #0x5e	; 94
   001F 5F                   76 	.db #0x5f	; 95
   0020 60                   77 	.db #0x60	; 96
   0021 61                   78 	.db #0x61	; 97	'a'
   0022 62                   79 	.db #0x62	; 98	'b'
   0023 63                   80 	.db #0x63	; 99	'c'
   0024 68                   81 	.db #0x68	; 104	'h'
   0025 69                   82 	.db #0x69	; 105	'i'
   0026 6A                   83 	.db #0x6a	; 106	'j'
   0027 6B                   84 	.db #0x6b	; 107	'k'
   0028 6C                   85 	.db #0x6c	; 108	'l'
   0029 6D                   86 	.db #0x6d	; 109	'm'
   002A 68                   87 	.db #0x68	; 104	'h'
   002B 69                   88 	.db #0x69	; 105	'i'
   002C 6A                   89 	.db #0x6a	; 106	'j'
   002D 6B                   90 	.db #0x6b	; 107	'k'
   002E 6C                   91 	.db #0x6c	; 108	'l'
   002F 6D                   92 	.db #0x6d	; 109	'm'
   0030 68                   93 	.db #0x68	; 104	'h'
   0031 69                   94 	.db #0x69	; 105	'i'
   0032 6A                   95 	.db #0x6a	; 106	'j'
   0033 6B                   96 	.db #0x6b	; 107	'k'
   0034 6C                   97 	.db #0x6c	; 108	'l'
   0035 6D                   98 	.db #0x6d	; 109	'm'
   0036 72                   99 	.db #0x72	; 114	'r'
   0037 73                  100 	.db #0x73	; 115	's'
   0038 74                  101 	.db #0x74	; 116	't'
   0039 75                  102 	.db #0x75	; 117	'u'
   003A 76                  103 	.db #0x76	; 118	'v'
   003B 77                  104 	.db #0x77	; 119	'w'
   003C 72                  105 	.db #0x72	; 114	'r'
   003D 73                  106 	.db #0x73	; 115	's'
   003E 74                  107 	.db #0x74	; 116	't'
   003F 75                  108 	.db #0x75	; 117	'u'
   0040 76                  109 	.db #0x76	; 118	'v'
   0041 77                  110 	.db #0x77	; 119	'w'
   0042 72                  111 	.db #0x72	; 114	'r'
   0043 73                  112 	.db #0x73	; 115	's'
   0044 74                  113 	.db #0x74	; 116	't'
   0045 75                  114 	.db #0x75	; 117	'u'
   0046 76                  115 	.db #0x76	; 118	'v'
   0047 77                  116 	.db #0x77	; 119	'w'
   0048 7C                  117 	.db #0x7c	; 124
   0049 7D                  118 	.db #0x7d	; 125
   004A 8C                  119 	.db #0x8c	; 140
   004B 8C                  120 	.db #0x8c	; 140
   004C 80                  121 	.db #0x80	; 128
   004D 81                  122 	.db #0x81	; 129
   004E 7C                  123 	.db #0x7c	; 124
   004F 7D                  124 	.db #0x7d	; 125
   0050 8C                  125 	.db #0x8c	; 140
   0051 8C                  126 	.db #0x8c	; 140
   0052 80                  127 	.db #0x80	; 128
   0053 81                  128 	.db #0x81	; 129
   0054 7C                  129 	.db #0x7c	; 124
   0055 7D                  130 	.db #0x7d	; 125
   0056 8C                  131 	.db #0x8c	; 140
   0057 8C                  132 	.db #0x8c	; 140
   0058 80                  133 	.db #0x80	; 128
   0059 81                  134 	.db #0x81	; 129
   005A 86                  135 	.db #0x86	; 134
   005B 87                  136 	.db #0x87	; 135
   005C 8C                  137 	.db #0x8c	; 140
   005D 8C                  138 	.db #0x8c	; 140
   005E 8A                  139 	.db #0x8a	; 138
   005F 8B                  140 	.db #0x8b	; 139
   0060 86                  141 	.db #0x86	; 134
   0061 87                  142 	.db #0x87	; 135
   0062 8C                  143 	.db #0x8c	; 140
   0063 8C                  144 	.db #0x8c	; 140
   0064 8A                  145 	.db #0x8a	; 138
   0065 8B                  146 	.db #0x8b	; 139
   0066 86                  147 	.db #0x86	; 134
   0067 87                  148 	.db #0x87	; 135
   0068 8C                  149 	.db #0x8c	; 140
   0069 8C                  150 	.db #0x8c	; 140
   006A 8A                  151 	.db #0x8a	; 138
   006B 8B                  152 	.db #0x8b	; 139
   006C 90                  153 	.db #0x90	; 144
   006D 91                  154 	.db #0x91	; 145
   006E 8C                  155 	.db #0x8c	; 140
   006F 8C                  156 	.db #0x8c	; 140
   0070 94                  157 	.db #0x94	; 148
   0071 95                  158 	.db #0x95	; 149
   0072 90                  159 	.db #0x90	; 144
   0073 91                  160 	.db #0x91	; 145
   0074 8C                  161 	.db #0x8c	; 140
   0075 8C                  162 	.db #0x8c	; 140
   0076 94                  163 	.db #0x94	; 148
   0077 95                  164 	.db #0x95	; 149
   0078 90                  165 	.db #0x90	; 144
   0079 91                  166 	.db #0x91	; 145
   007A 8C                  167 	.db #0x8c	; 140
   007B 8C                  168 	.db #0x8c	; 140
   007C 94                  169 	.db #0x94	; 148
   007D 95                  170 	.db #0x95	; 149
   007E 9A                  171 	.db #0x9a	; 154
   007F 9B                  172 	.db #0x9b	; 155
   0080 8C                  173 	.db #0x8c	; 140
   0081 8C                  174 	.db #0x8c	; 140
   0082 9E                  175 	.db #0x9e	; 158
   0083 9F                  176 	.db #0x9f	; 159
   0084 9A                  177 	.db #0x9a	; 154
   0085 9B                  178 	.db #0x9b	; 155
   0086 8C                  179 	.db #0x8c	; 140
   0087 8C                  180 	.db #0x8c	; 140
   0088 9E                  181 	.db #0x9e	; 158
   0089 9F                  182 	.db #0x9f	; 159
   008A 9A                  183 	.db #0x9a	; 154
   008B 9B                  184 	.db #0x9b	; 155
   008C 8C                  185 	.db #0x8c	; 140
   008D 8C                  186 	.db #0x8c	; 140
   008E 9E                  187 	.db #0x9e	; 158
   008F 9F                  188 	.db #0x9f	; 159
   0090 A4                  189 	.db #0xa4	; 164
   0091 8C                  190 	.db #0x8c	; 140
   0092 8C                  191 	.db #0x8c	; 140
   0093 8C                  192 	.db #0x8c	; 140
   0094 8C                  193 	.db #0x8c	; 140
   0095 A9                  194 	.db #0xa9	; 169
   0096 A4                  195 	.db #0xa4	; 164
   0097 8C                  196 	.db #0x8c	; 140
   0098 8C                  197 	.db #0x8c	; 140
   0099 8C                  198 	.db #0x8c	; 140
   009A 24                  199 	.db #0x24	; 36
   009B A9                  200 	.db #0xa9	; 169
   009C A4                  201 	.db #0xa4	; 164
   009D 8C                  202 	.db #0x8c	; 140
   009E 8C                  203 	.db #0x8c	; 140
   009F 8C                  204 	.db #0x8c	; 140
   00A0 8C                  205 	.db #0x8c	; 140
   00A1 A9                  206 	.db #0xa9	; 169
   00A2 AE                  207 	.db #0xae	; 174
   00A3 8C                  208 	.db #0x8c	; 140
   00A4 8C                  209 	.db #0x8c	; 140
   00A5 8C                  210 	.db #0x8c	; 140
   00A6 8C                  211 	.db #0x8c	; 140
   00A7 B3                  212 	.db #0xb3	; 179
   00A8 AE                  213 	.db #0xae	; 174
   00A9 8C                  214 	.db #0x8c	; 140
   00AA 8C                  215 	.db #0x8c	; 140
   00AB 8C                  216 	.db #0x8c	; 140
   00AC 8C                  217 	.db #0x8c	; 140
   00AD B3                  218 	.db #0xb3	; 179
   00AE AE                  219 	.db #0xae	; 174
   00AF 8C                  220 	.db #0x8c	; 140
   00B0 8C                  221 	.db #0x8c	; 140
   00B1 8C                  222 	.db #0x8c	; 140
   00B2 8C                  223 	.db #0x8c	; 140
   00B3 B3                  224 	.db #0xb3	; 179
   00B4 B8                  225 	.db #0xb8	; 184
   00B5 8C                  226 	.db #0x8c	; 140
   00B6 8C                  227 	.db #0x8c	; 140
   00B7 8C                  228 	.db #0x8c	; 140
   00B8 8C                  229 	.db #0x8c	; 140
   00B9 BD                  230 	.db #0xbd	; 189
   00BA B8                  231 	.db #0xb8	; 184
   00BB 8C                  232 	.db #0x8c	; 140
   00BC 8C                  233 	.db #0x8c	; 140
   00BD 8C                  234 	.db #0x8c	; 140
   00BE 8C                  235 	.db #0x8c	; 140
   00BF BD                  236 	.db #0xbd	; 189
   00C0 B8                  237 	.db #0xb8	; 184
   00C1 8C                  238 	.db #0x8c	; 140
   00C2 8C                  239 	.db #0x8c	; 140
   00C3 8C                  240 	.db #0x8c	; 140
   00C4 8C                  241 	.db #0x8c	; 140
   00C5 BD                  242 	.db #0xbd	; 189
   00C6 C2                  243 	.db #0xc2	; 194
   00C7 8C                  244 	.db #0x8c	; 140
   00C8 8C                  245 	.db #0x8c	; 140
   00C9 8C                  246 	.db #0x8c	; 140
   00CA 8C                  247 	.db #0x8c	; 140
   00CB C7                  248 	.db #0xc7	; 199
   00CC C2                  249 	.db #0xc2	; 194
   00CD 8C                  250 	.db #0x8c	; 140
   00CE 8C                  251 	.db #0x8c	; 140
   00CF 8C                  252 	.db #0x8c	; 140
   00D0 8C                  253 	.db #0x8c	; 140
   00D1 C7                  254 	.db #0xc7	; 199
   00D2 C2                  255 	.db #0xc2	; 194
   00D3 8C                  256 	.db #0x8c	; 140
   00D4 8C                  257 	.db #0x8c	; 140
   00D5 8C                  258 	.db #0x8c	; 140
   00D6 8C                  259 	.db #0x8c	; 140
   00D7 C7                  260 	.db #0xc7	; 199
   00D8 AE                  261 	.db #0xae	; 174
   00D9 8C                  262 	.db #0x8c	; 140
   00DA 8C                  263 	.db #0x8c	; 140
   00DB 8C                  264 	.db #0x8c	; 140
   00DC 8C                  265 	.db #0x8c	; 140
   00DD B3                  266 	.db #0xb3	; 179
   00DE AE                  267 	.db #0xae	; 174
   00DF 8C                  268 	.db #0x8c	; 140
   00E0 8C                  269 	.db #0x8c	; 140
   00E1 8C                  270 	.db #0x8c	; 140
   00E2 8C                  271 	.db #0x8c	; 140
   00E3 B3                  272 	.db #0xb3	; 179
   00E4 AE                  273 	.db #0xae	; 174
   00E5 8C                  274 	.db #0x8c	; 140
   00E6 8C                  275 	.db #0x8c	; 140
   00E7 8C                  276 	.db #0x8c	; 140
   00E8 8C                  277 	.db #0x8c	; 140
   00E9 B3                  278 	.db #0xb3	; 179
   00EA B8                  279 	.db #0xb8	; 184
   00EB 8C                  280 	.db #0x8c	; 140
   00EC 8C                  281 	.db #0x8c	; 140
   00ED 8C                  282 	.db #0x8c	; 140
   00EE 8C                  283 	.db #0x8c	; 140
   00EF BD                  284 	.db #0xbd	; 189
   00F0 B8                  285 	.db #0xb8	; 184
   00F1 8C                  286 	.db #0x8c	; 140
   00F2 8C                  287 	.db #0x8c	; 140
   00F3 8C                  288 	.db #0x8c	; 140
   00F4 8C                  289 	.db #0x8c	; 140
   00F5 BD                  290 	.db #0xbd	; 189
   00F6 B8                  291 	.db #0xb8	; 184
   00F7 8C                  292 	.db #0x8c	; 140
   00F8 8C                  293 	.db #0x8c	; 140
   00F9 8C                  294 	.db #0x8c	; 140
   00FA 8C                  295 	.db #0x8c	; 140
   00FB BD                  296 	.db #0xbd	; 189
   00FC C2                  297 	.db #0xc2	; 194
   00FD 8C                  298 	.db #0x8c	; 140
   00FE 8C                  299 	.db #0x8c	; 140
   00FF 8C                  300 	.db #0x8c	; 140
   0100 8C                  301 	.db #0x8c	; 140
   0101 C7                  302 	.db #0xc7	; 199
   0102 C2                  303 	.db #0xc2	; 194
   0103 8C                  304 	.db #0x8c	; 140
   0104 8C                  305 	.db #0x8c	; 140
   0105 8C                  306 	.db #0x8c	; 140
   0106 8C                  307 	.db #0x8c	; 140
   0107 C7                  308 	.db #0xc7	; 199
   0108 C2                  309 	.db #0xc2	; 194
   0109 8C                  310 	.db #0x8c	; 140
   010A 8C                  311 	.db #0x8c	; 140
   010B 8C                  312 	.db #0x8c	; 140
   010C 8C                  313 	.db #0x8c	; 140
   010D C7                  314 	.db #0xc7	; 199
   010E AE                  315 	.db #0xae	; 174
   010F 8C                  316 	.db #0x8c	; 140
   0110 8C                  317 	.db #0x8c	; 140
   0111 8C                  318 	.db #0x8c	; 140
   0112 8C                  319 	.db #0x8c	; 140
   0113 B3                  320 	.db #0xb3	; 179
   0114 AE                  321 	.db #0xae	; 174
   0115 8C                  322 	.db #0x8c	; 140
   0116 8C                  323 	.db #0x8c	; 140
   0117 8C                  324 	.db #0x8c	; 140
   0118 8C                  325 	.db #0x8c	; 140
   0119 B3                  326 	.db #0xb3	; 179
   011A AE                  327 	.db #0xae	; 174
   011B 8C                  328 	.db #0x8c	; 140
   011C 8C                  329 	.db #0x8c	; 140
   011D 8C                  330 	.db #0x8c	; 140
   011E 8C                  331 	.db #0x8c	; 140
   011F B3                  332 	.db #0xb3	; 179
   0120 B8                  333 	.db #0xb8	; 184
   0121 8C                  334 	.db #0x8c	; 140
   0122 8C                  335 	.db #0x8c	; 140
   0123 8C                  336 	.db #0x8c	; 140
   0124 8C                  337 	.db #0x8c	; 140
   0125 BD                  338 	.db #0xbd	; 189
   0126 B8                  339 	.db #0xb8	; 184
   0127 8C                  340 	.db #0x8c	; 140
   0128 8C                  341 	.db #0x8c	; 140
   0129 8C                  342 	.db #0x8c	; 140
   012A 8C                  343 	.db #0x8c	; 140
   012B BD                  344 	.db #0xbd	; 189
   012C B8                  345 	.db #0xb8	; 184
   012D 8C                  346 	.db #0x8c	; 140
   012E 8C                  347 	.db #0x8c	; 140
   012F 8C                  348 	.db #0x8c	; 140
   0130 8C                  349 	.db #0x8c	; 140
   0131 BD                  350 	.db #0xbd	; 189
   0132 C2                  351 	.db #0xc2	; 194
   0133 8C                  352 	.db #0x8c	; 140
   0134 8C                  353 	.db #0x8c	; 140
   0135 8C                  354 	.db #0x8c	; 140
   0136 8C                  355 	.db #0x8c	; 140
   0137 C7                  356 	.db #0xc7	; 199
   0138 C2                  357 	.db #0xc2	; 194
   0139 8C                  358 	.db #0x8c	; 140
   013A 8C                  359 	.db #0x8c	; 140
   013B 8C                  360 	.db #0x8c	; 140
   013C 8C                  361 	.db #0x8c	; 140
   013D C7                  362 	.db #0xc7	; 199
   013E C2                  363 	.db #0xc2	; 194
   013F 8C                  364 	.db #0x8c	; 140
   0140 8C                  365 	.db #0x8c	; 140
   0141 8C                  366 	.db #0x8c	; 140
   0142 8C                  367 	.db #0x8c	; 140
   0143 C7                  368 	.db #0xc7	; 199
   0144 AE                  369 	.db #0xae	; 174
   0145 8C                  370 	.db #0x8c	; 140
   0146 8C                  371 	.db #0x8c	; 140
   0147 8C                  372 	.db #0x8c	; 140
   0148 8C                  373 	.db #0x8c	; 140
   0149 B3                  374 	.db #0xb3	; 179
   014A AE                  375 	.db #0xae	; 174
   014B 8C                  376 	.db #0x8c	; 140
   014C 8C                  377 	.db #0x8c	; 140
   014D 8C                  378 	.db #0x8c	; 140
   014E 8C                  379 	.db #0x8c	; 140
   014F B3                  380 	.db #0xb3	; 179
   0150 AE                  381 	.db #0xae	; 174
   0151 8C                  382 	.db #0x8c	; 140
   0152 8C                  383 	.db #0x8c	; 140
   0153 8C                  384 	.db #0x8c	; 140
   0154 8C                  385 	.db #0x8c	; 140
   0155 B3                  386 	.db #0xb3	; 179
   0156 B8                  387 	.db #0xb8	; 184
   0157 8C                  388 	.db #0x8c	; 140
   0158 8C                  389 	.db #0x8c	; 140
   0159 8C                  390 	.db #0x8c	; 140
   015A 8C                  391 	.db #0x8c	; 140
   015B BD                  392 	.db #0xbd	; 189
   015C B8                  393 	.db #0xb8	; 184
   015D 8C                  394 	.db #0x8c	; 140
   015E 8C                  395 	.db #0x8c	; 140
   015F 8C                  396 	.db #0x8c	; 140
   0160 8C                  397 	.db #0x8c	; 140
   0161 BD                  398 	.db #0xbd	; 189
   0162 B8                  399 	.db #0xb8	; 184
   0163 8C                  400 	.db #0x8c	; 140
   0164 8C                  401 	.db #0x8c	; 140
   0165 8C                  402 	.db #0x8c	; 140
   0166 8C                  403 	.db #0x8c	; 140
   0167 BD                  404 	.db #0xbd	; 189
   0168 C2                  405 	.db #0xc2	; 194
   0169 8C                  406 	.db #0x8c	; 140
   016A 8C                  407 	.db #0x8c	; 140
   016B 8C                  408 	.db #0x8c	; 140
   016C 8C                  409 	.db #0x8c	; 140
   016D C7                  410 	.db #0xc7	; 199
   016E C2                  411 	.db #0xc2	; 194
   016F 8C                  412 	.db #0x8c	; 140
   0170 8C                  413 	.db #0x8c	; 140
   0171 8C                  414 	.db #0x8c	; 140
   0172 8C                  415 	.db #0x8c	; 140
   0173 C7                  416 	.db #0xc7	; 199
   0174 C2                  417 	.db #0xc2	; 194
   0175 8C                  418 	.db #0x8c	; 140
   0176 8C                  419 	.db #0x8c	; 140
   0177 8C                  420 	.db #0x8c	; 140
   0178 8C                  421 	.db #0x8c	; 140
   0179 C7                  422 	.db #0xc7	; 199
   017A AE                  423 	.db #0xae	; 174
   017B 8C                  424 	.db #0x8c	; 140
   017C 8C                  425 	.db #0x8c	; 140
   017D 8C                  426 	.db #0x8c	; 140
   017E 8C                  427 	.db #0x8c	; 140
   017F B3                  428 	.db #0xb3	; 179
   0180 AE                  429 	.db #0xae	; 174
   0181 8C                  430 	.db #0x8c	; 140
   0182 8C                  431 	.db #0x8c	; 140
   0183 8C                  432 	.db #0x8c	; 140
   0184 8C                  433 	.db #0x8c	; 140
   0185 B3                  434 	.db #0xb3	; 179
   0186 AE                  435 	.db #0xae	; 174
   0187 8C                  436 	.db #0x8c	; 140
   0188 8C                  437 	.db #0x8c	; 140
   0189 8C                  438 	.db #0x8c	; 140
   018A 8C                  439 	.db #0x8c	; 140
   018B B3                  440 	.db #0xb3	; 179
   018C B8                  441 	.db #0xb8	; 184
   018D 8C                  442 	.db #0x8c	; 140
   018E 8C                  443 	.db #0x8c	; 140
   018F 8C                  444 	.db #0x8c	; 140
   0190 8C                  445 	.db #0x8c	; 140
   0191 BD                  446 	.db #0xbd	; 189
   0192 B8                  447 	.db #0xb8	; 184
   0193 8C                  448 	.db #0x8c	; 140
   0194 8C                  449 	.db #0x8c	; 140
   0195 8C                  450 	.db #0x8c	; 140
   0196 8C                  451 	.db #0x8c	; 140
   0197 BD                  452 	.db #0xbd	; 189
   0198 B8                  453 	.db #0xb8	; 184
   0199 8C                  454 	.db #0x8c	; 140
   019A 8C                  455 	.db #0x8c	; 140
   019B 8C                  456 	.db #0x8c	; 140
   019C 8C                  457 	.db #0x8c	; 140
   019D BD                  458 	.db #0xbd	; 189
   019E C2                  459 	.db #0xc2	; 194
   019F 8C                  460 	.db #0x8c	; 140
   01A0 8C                  461 	.db #0x8c	; 140
   01A1 8C                  462 	.db #0x8c	; 140
   01A2 8C                  463 	.db #0x8c	; 140
   01A3 C7                  464 	.db #0xc7	; 199
   01A4 C2                  465 	.db #0xc2	; 194
   01A5 8C                  466 	.db #0x8c	; 140
   01A6 8C                  467 	.db #0x8c	; 140
   01A7 8C                  468 	.db #0x8c	; 140
   01A8 8C                  469 	.db #0x8c	; 140
   01A9 C7                  470 	.db #0xc7	; 199
   01AA C2                  471 	.db #0xc2	; 194
   01AB 8C                  472 	.db #0x8c	; 140
   01AC 8C                  473 	.db #0x8c	; 140
   01AD 8C                  474 	.db #0x8c	; 140
   01AE 8C                  475 	.db #0x8c	; 140
   01AF C7                  476 	.db #0xc7	; 199
   01B0 28                  477 	.db #0x28	; 40
   01B1 29                  478 	.db #0x29	; 41
   01B2 28                  479 	.db #0x28	; 40
   01B3 29                  480 	.db #0x29	; 41
   01B4 28                  481 	.db #0x28	; 40
   01B5 29                  482 	.db #0x29	; 41
   01B6 28                  483 	.db #0x28	; 40
   01B7 29                  484 	.db #0x29	; 41
   01B8 28                  485 	.db #0x28	; 40
   01B9 29                  486 	.db #0x29	; 41
   01BA 28                  487 	.db #0x28	; 40
   01BB 29                  488 	.db #0x29	; 41
   01BC 28                  489 	.db #0x28	; 40
   01BD 29                  490 	.db #0x29	; 41
   01BE 2E                  491 	.db #0x2e	; 46
   01BF 2F                  492 	.db #0x2f	; 47
   01C0 28                  493 	.db #0x28	; 40
   01C1 29                  494 	.db #0x29	; 41
   01C2 32                  495 	.db #0x32	; 50	'2'
   01C3 33                  496 	.db #0x33	; 51	'3'
   01C4 32                  497 	.db #0x32	; 50	'2'
   01C5 33                  498 	.db #0x33	; 51	'3'
   01C6 32                  499 	.db #0x32	; 50	'2'
   01C7 33                  500 	.db #0x33	; 51	'3'
   01C8 32                  501 	.db #0x32	; 50	'2'
   01C9 33                  502 	.db #0x33	; 51	'3'
   01CA 32                  503 	.db #0x32	; 50	'2'
   01CB 33                  504 	.db #0x33	; 51	'3'
   01CC 32                  505 	.db #0x32	; 50	'2'
   01CD 33                  506 	.db #0x33	; 51	'3'
   01CE 32                  507 	.db #0x32	; 50	'2'
   01CF 33                  508 	.db #0x33	; 51	'3'
   01D0 38                  509 	.db #0x38	; 56	'8'
   01D1 39                  510 	.db #0x39	; 57	'9'
   01D2 32                  511 	.db #0x32	; 50	'2'
   01D3 33                  512 	.db #0x33	; 51	'3'
   01D4 3C                  513 	.db #0x3c	; 60
   01D5 3D                  514 	.db #0x3d	; 61
   01D6 3C                  515 	.db #0x3c	; 60
   01D7 3D                  516 	.db #0x3d	; 61
   01D8 3C                  517 	.db #0x3c	; 60
   01D9 3D                  518 	.db #0x3d	; 61
   01DA 3C                  519 	.db #0x3c	; 60
   01DB 3D                  520 	.db #0x3d	; 61
   01DC 3C                  521 	.db #0x3c	; 60
   01DD 3D                  522 	.db #0x3d	; 61
   01DE 3C                  523 	.db #0x3c	; 60
   01DF 3D                  524 	.db #0x3d	; 61
   01E0 3C                  525 	.db #0x3c	; 60
   01E1 3D                  526 	.db #0x3d	; 61
   01E2 42                  527 	.db #0x42	; 66	'B'
   01E3 43                  528 	.db #0x43	; 67	'C'
   01E4 3C                  529 	.db #0x3c	; 60
   01E5 3D                  530 	.db #0x3d	; 61
   01E6 46                  531 	.db #0x46	; 70	'F'
   01E7 47                  532 	.db #0x47	; 71	'G'
   01E8 46                  533 	.db #0x46	; 70	'F'
   01E9 47                  534 	.db #0x47	; 71	'G'
   01EA 46                  535 	.db #0x46	; 70	'F'
   01EB 47                  536 	.db #0x47	; 71	'G'
   01EC 46                  537 	.db #0x46	; 70	'F'
   01ED 47                  538 	.db #0x47	; 71	'G'
   01EE 46                  539 	.db #0x46	; 70	'F'
   01EF 47                  540 	.db #0x47	; 71	'G'
   01F0 46                  541 	.db #0x46	; 70	'F'
   01F1 47                  542 	.db #0x47	; 71	'G'
   01F2 46                  543 	.db #0x46	; 70	'F'
   01F3 47                  544 	.db #0x47	; 71	'G'
   01F4 4C                  545 	.db #0x4c	; 76	'L'
   01F5 4D                  546 	.db #0x4d	; 77	'M'
   01F6 46                  547 	.db #0x46	; 70	'F'
   01F7 47                  548 	.db #0x47	; 71	'G'
                            549 	.area _INITIALIZER
                            550 	.area _CABS (ABS)
