                              1 ;--------------------------------------------------------
                              2 ; File Created by SDCC : free open source ANSI-C Compiler
                              3 ; Version 3.6.8 #9946 (CYGWIN)
                              4 ;--------------------------------------------------------
                              5 	.module fase_13
                              6 	.optsdcc -mz80
                              7 	
                              8 ;--------------------------------------------------------
                              9 ; Public variables in this module
                             10 ;--------------------------------------------------------
                             11 	.globl _g_mapa13
                             12 ;--------------------------------------------------------
                             13 ; special function registers
                             14 ;--------------------------------------------------------
                             15 ;--------------------------------------------------------
                             16 ; ram data
                             17 ;--------------------------------------------------------
                             18 	.area _DATA
                             19 ;--------------------------------------------------------
                             20 ; ram data
                             21 ;--------------------------------------------------------
                             22 	.area _INITIALIZED
                             23 ;--------------------------------------------------------
                             24 ; absolute external ram data
                             25 ;--------------------------------------------------------
                             26 	.area _DABS (ABS)
                             27 ;--------------------------------------------------------
                             28 ; global & static initialisations
                             29 ;--------------------------------------------------------
                             30 	.area _HOME
                             31 	.area _GSINIT
                             32 	.area _GSFINAL
                             33 	.area _GSINIT
                             34 ;--------------------------------------------------------
                             35 ; Home
                             36 ;--------------------------------------------------------
                             37 	.area _HOME
                             38 	.area _HOME
                             39 ;--------------------------------------------------------
                             40 ; code
                             41 ;--------------------------------------------------------
                             42 	.area _CODE
                             43 	.area _CODE
   0000                      44 _g_mapa13:
   0000 06                   45 	.db #0x06	; 6
   0001 07                   46 	.db #0x07	; 7
   0002 02                   47 	.db #0x02	; 2
   0003 03                   48 	.db #0x03	; 3
   0004 02                   49 	.db #0x02	; 2
   0005 03                   50 	.db #0x03	; 3
   0006 02                   51 	.db #0x02	; 2
   0007 03                   52 	.db #0x03	; 3
   0008 02                   53 	.db #0x02	; 2
   0009 03                   54 	.db #0x03	; 3
   000A 02                   55 	.db #0x02	; 2
   000B 02                   56 	.db #0x02	; 2
   000C 03                   57 	.db #0x03	; 3
   000D 04                   58 	.db #0x04	; 4
   000E 03                   59 	.db #0x03	; 3
   000F 04                   60 	.db #0x04	; 4
   0010 08                   61 	.db #0x08	; 8
   0011 09                   62 	.db #0x09	; 9
   0012 10                   63 	.db #0x10	; 16
   0013 11                   64 	.db #0x11	; 17
   0014 0C                   65 	.db #0x0c	; 12
   0015 0D                   66 	.db #0x0d	; 13
   0016 0C                   67 	.db #0x0c	; 12
   0017 0D                   68 	.db #0x0d	; 13
   0018 0C                   69 	.db #0x0c	; 12
   0019 0D                   70 	.db #0x0d	; 13
   001A 0C                   71 	.db #0x0c	; 12
   001B 0D                   72 	.db #0x0d	; 13
   001C 0C                   73 	.db #0x0c	; 12
   001D 0C                   74 	.db #0x0c	; 12
   001E 0D                   75 	.db #0x0d	; 13
   001F 0F                   76 	.db #0x0f	; 15
   0020 0D                   77 	.db #0x0d	; 13
   0021 0E                   78 	.db #0x0e	; 14
   0022 12                   79 	.db #0x12	; 18
   0023 13                   80 	.db #0x13	; 19
   0024 1A                   81 	.db #0x1a	; 26
   0025 1B                   82 	.db #0x1b	; 27
   0026 C7                   83 	.db #0xc7	; 199
   0027 C7                   84 	.db #0xc7	; 199
   0028 C7                   85 	.db #0xc7	; 199
   0029 C7                   86 	.db #0xc7	; 199
   002A C7                   87 	.db #0xc7	; 199
   002B C7                   88 	.db #0xc7	; 199
   002C C7                   89 	.db #0xc7	; 199
   002D C7                   90 	.db #0xc7	; 199
   002E C7                   91 	.db #0xc7	; 199
   002F C7                   92 	.db #0xc7	; 199
   0030 C7                   93 	.db #0xc7	; 199
   0031 29                   94 	.db #0x29	; 41
   0032 C7                   95 	.db #0xc7	; 199
   0033 C7                   96 	.db #0xc7	; 199
   0034 1C                   97 	.db #0x1c	; 28
   0035 1D                   98 	.db #0x1d	; 29
   0036 24                   99 	.db #0x24	; 36
   0037 25                  100 	.db #0x25	; 37
   0038 C7                  101 	.db #0xc7	; 199
   0039 C7                  102 	.db #0xc7	; 199
   003A C7                  103 	.db #0xc7	; 199
   003B C7                  104 	.db #0xc7	; 199
   003C C7                  105 	.db #0xc7	; 199
   003D C7                  106 	.db #0xc7	; 199
   003E C7                  107 	.db #0xc7	; 199
   003F C7                  108 	.db #0xc7	; 199
   0040 C7                  109 	.db #0xc7	; 199
   0041 C7                  110 	.db #0xc7	; 199
   0042 C7                  111 	.db #0xc7	; 199
   0043 33                  112 	.db #0x33	; 51	'3'
   0044 C7                  113 	.db #0xc7	; 199
   0045 C7                  114 	.db #0xc7	; 199
   0046 C7                  115 	.db #0xc7	; 199
   0047 27                  116 	.db #0x27	; 39
   0048 2E                  117 	.db #0x2e	; 46
   0049 C7                  118 	.db #0xc7	; 199
   004A C7                  119 	.db #0xc7	; 199
   004B C7                  120 	.db #0xc7	; 199
   004C C7                  121 	.db #0xc7	; 199
   004D C7                  122 	.db #0xc7	; 199
   004E C7                  123 	.db #0xc7	; 199
   004F C7                  124 	.db #0xc7	; 199
   0050 C7                  125 	.db #0xc7	; 199
   0051 C7                  126 	.db #0xc7	; 199
   0052 C7                  127 	.db #0xc7	; 199
   0053 C7                  128 	.db #0xc7	; 199
   0054 C7                  129 	.db #0xc7	; 199
   0055 C7                  130 	.db #0xc7	; 199
   0056 C7                  131 	.db #0xc7	; 199
   0057 C7                  132 	.db #0xc7	; 199
   0058 C7                  133 	.db #0xc7	; 199
   0059 31                  134 	.db #0x31	; 49	'1'
   005A 38                  135 	.db #0x38	; 56	'8'
   005B C7                  136 	.db #0xc7	; 199
   005C C7                  137 	.db #0xc7	; 199
   005D C7                  138 	.db #0xc7	; 199
   005E C7                  139 	.db #0xc7	; 199
   005F C7                  140 	.db #0xc7	; 199
   0060 C7                  141 	.db #0xc7	; 199
   0061 C7                  142 	.db #0xc7	; 199
   0062 C7                  143 	.db #0xc7	; 199
   0063 C7                  144 	.db #0xc7	; 199
   0064 C7                  145 	.db #0xc7	; 199
   0065 C7                  146 	.db #0xc7	; 199
   0066 C7                  147 	.db #0xc7	; 199
   0067 C7                  148 	.db #0xc7	; 199
   0068 C7                  149 	.db #0xc7	; 199
   0069 C7                  150 	.db #0xc7	; 199
   006A C7                  151 	.db #0xc7	; 199
   006B 3B                  152 	.db #0x3b	; 59
   006C C7                  153 	.db #0xc7	; 199
   006D C7                  154 	.db #0xc7	; 199
   006E C7                  155 	.db #0xc7	; 199
   006F C7                  156 	.db #0xc7	; 199
   0070 C7                  157 	.db #0xc7	; 199
   0071 C7                  158 	.db #0xc7	; 199
   0072 C7                  159 	.db #0xc7	; 199
   0073 C7                  160 	.db #0xc7	; 199
   0074 C7                  161 	.db #0xc7	; 199
   0075 C7                  162 	.db #0xc7	; 199
   0076 C7                  163 	.db #0xc7	; 199
   0077 C7                  164 	.db #0xc7	; 199
   0078 C7                  165 	.db #0xc7	; 199
   0079 C7                  166 	.db #0xc7	; 199
   007A C7                  167 	.db #0xc7	; 199
   007B C7                  168 	.db #0xc7	; 199
   007C C7                  169 	.db #0xc7	; 199
   007D C7                  170 	.db #0xc7	; 199
   007E C7                  171 	.db #0xc7	; 199
   007F C7                  172 	.db #0xc7	; 199
   0080 C7                  173 	.db #0xc7	; 199
   0081 C7                  174 	.db #0xc7	; 199
   0082 C7                  175 	.db #0xc7	; 199
   0083 C7                  176 	.db #0xc7	; 199
   0084 C7                  177 	.db #0xc7	; 199
   0085 C7                  178 	.db #0xc7	; 199
   0086 C7                  179 	.db #0xc7	; 199
   0087 C7                  180 	.db #0xc7	; 199
   0088 C7                  181 	.db #0xc7	; 199
   0089 C7                  182 	.db #0xc7	; 199
   008A C7                  183 	.db #0xc7	; 199
   008B C7                  184 	.db #0xc7	; 199
   008C C7                  185 	.db #0xc7	; 199
   008D C7                  186 	.db #0xc7	; 199
   008E C7                  187 	.db #0xc7	; 199
   008F C7                  188 	.db #0xc7	; 199
   0090 C7                  189 	.db #0xc7	; 199
   0091 C7                  190 	.db #0xc7	; 199
   0092 C7                  191 	.db #0xc7	; 199
   0093 C7                  192 	.db #0xc7	; 199
   0094 C7                  193 	.db #0xc7	; 199
   0095 C7                  194 	.db #0xc7	; 199
   0096 C7                  195 	.db #0xc7	; 199
   0097 C7                  196 	.db #0xc7	; 199
   0098 C7                  197 	.db #0xc7	; 199
   0099 C7                  198 	.db #0xc7	; 199
   009A C7                  199 	.db #0xc7	; 199
   009B C7                  200 	.db #0xc7	; 199
   009C C7                  201 	.db #0xc7	; 199
   009D C7                  202 	.db #0xc7	; 199
   009E C7                  203 	.db #0xc7	; 199
   009F C7                  204 	.db #0xc7	; 199
   00A0 C7                  205 	.db #0xc7	; 199
   00A1 C7                  206 	.db #0xc7	; 199
   00A2 C7                  207 	.db #0xc7	; 199
   00A3 C7                  208 	.db #0xc7	; 199
   00A4 C7                  209 	.db #0xc7	; 199
   00A5 C7                  210 	.db #0xc7	; 199
   00A6 C7                  211 	.db #0xc7	; 199
   00A7 C7                  212 	.db #0xc7	; 199
   00A8 C7                  213 	.db #0xc7	; 199
   00A9 C7                  214 	.db #0xc7	; 199
   00AA C7                  215 	.db #0xc7	; 199
   00AB C7                  216 	.db #0xc7	; 199
   00AC C7                  217 	.db #0xc7	; 199
   00AD C7                  218 	.db #0xc7	; 199
   00AE C7                  219 	.db #0xc7	; 199
   00AF C7                  220 	.db #0xc7	; 199
   00B0 C7                  221 	.db #0xc7	; 199
   00B1 C7                  222 	.db #0xc7	; 199
   00B2 C7                  223 	.db #0xc7	; 199
   00B3 C7                  224 	.db #0xc7	; 199
   00B4 C7                  225 	.db #0xc7	; 199
   00B5 C7                  226 	.db #0xc7	; 199
   00B6 C7                  227 	.db #0xc7	; 199
   00B7 C7                  228 	.db #0xc7	; 199
   00B8 C7                  229 	.db #0xc7	; 199
   00B9 C7                  230 	.db #0xc7	; 199
   00BA C7                  231 	.db #0xc7	; 199
   00BB C7                  232 	.db #0xc7	; 199
   00BC C7                  233 	.db #0xc7	; 199
   00BD C7                  234 	.db #0xc7	; 199
   00BE C7                  235 	.db #0xc7	; 199
   00BF C7                  236 	.db #0xc7	; 199
   00C0 C7                  237 	.db #0xc7	; 199
   00C1 C7                  238 	.db #0xc7	; 199
   00C2 C7                  239 	.db #0xc7	; 199
   00C3 C7                  240 	.db #0xc7	; 199
   00C4 C7                  241 	.db #0xc7	; 199
   00C5 C7                  242 	.db #0xc7	; 199
   00C6 C7                  243 	.db #0xc7	; 199
   00C7 C7                  244 	.db #0xc7	; 199
   00C8 C7                  245 	.db #0xc7	; 199
   00C9 C7                  246 	.db #0xc7	; 199
   00CA C7                  247 	.db #0xc7	; 199
   00CB C7                  248 	.db #0xc7	; 199
   00CC C7                  249 	.db #0xc7	; 199
   00CD C7                  250 	.db #0xc7	; 199
   00CE C7                  251 	.db #0xc7	; 199
   00CF C7                  252 	.db #0xc7	; 199
   00D0 C7                  253 	.db #0xc7	; 199
   00D1 C7                  254 	.db #0xc7	; 199
   00D2 C7                  255 	.db #0xc7	; 199
   00D3 C7                  256 	.db #0xc7	; 199
   00D4 C7                  257 	.db #0xc7	; 199
   00D5 C7                  258 	.db #0xc7	; 199
   00D6 C7                  259 	.db #0xc7	; 199
   00D7 C7                  260 	.db #0xc7	; 199
   00D8 C7                  261 	.db #0xc7	; 199
   00D9 C7                  262 	.db #0xc7	; 199
   00DA C7                  263 	.db #0xc7	; 199
   00DB C7                  264 	.db #0xc7	; 199
   00DC 46                  265 	.db #0x46	; 70	'F'
   00DD C7                  266 	.db #0xc7	; 199
   00DE C7                  267 	.db #0xc7	; 199
   00DF C7                  268 	.db #0xc7	; 199
   00E0 C7                  269 	.db #0xc7	; 199
   00E1 C7                  270 	.db #0xc7	; 199
   00E2 C7                  271 	.db #0xc7	; 199
   00E3 C7                  272 	.db #0xc7	; 199
   00E4 C7                  273 	.db #0xc7	; 199
   00E5 C7                  274 	.db #0xc7	; 199
   00E6 C7                  275 	.db #0xc7	; 199
   00E7 C7                  276 	.db #0xc7	; 199
   00E8 C7                  277 	.db #0xc7	; 199
   00E9 C7                  278 	.db #0xc7	; 199
   00EA C7                  279 	.db #0xc7	; 199
   00EB C7                  280 	.db #0xc7	; 199
   00EC C7                  281 	.db #0xc7	; 199
   00ED C7                  282 	.db #0xc7	; 199
   00EE C7                  283 	.db #0xc7	; 199
   00EF C7                  284 	.db #0xc7	; 199
   00F0 C7                  285 	.db #0xc7	; 199
   00F1 C7                  286 	.db #0xc7	; 199
   00F2 C7                  287 	.db #0xc7	; 199
   00F3 C7                  288 	.db #0xc7	; 199
   00F4 C7                  289 	.db #0xc7	; 199
   00F5 C7                  290 	.db #0xc7	; 199
   00F6 C7                  291 	.db #0xc7	; 199
   00F7 C7                  292 	.db #0xc7	; 199
   00F8 C7                  293 	.db #0xc7	; 199
   00F9 C7                  294 	.db #0xc7	; 199
   00FA C7                  295 	.db #0xc7	; 199
   00FB C7                  296 	.db #0xc7	; 199
   00FC C7                  297 	.db #0xc7	; 199
   00FD C7                  298 	.db #0xc7	; 199
   00FE C7                  299 	.db #0xc7	; 199
   00FF C7                  300 	.db #0xc7	; 199
   0100 C7                  301 	.db #0xc7	; 199
   0101 C7                  302 	.db #0xc7	; 199
   0102 C7                  303 	.db #0xc7	; 199
   0103 C7                  304 	.db #0xc7	; 199
   0104 C7                  305 	.db #0xc7	; 199
   0105 C7                  306 	.db #0xc7	; 199
   0106 C7                  307 	.db #0xc7	; 199
   0107 C7                  308 	.db #0xc7	; 199
   0108 C7                  309 	.db #0xc7	; 199
   0109 C7                  310 	.db #0xc7	; 199
   010A C7                  311 	.db #0xc7	; 199
   010B C7                  312 	.db #0xc7	; 199
   010C C7                  313 	.db #0xc7	; 199
   010D C7                  314 	.db #0xc7	; 199
   010E C7                  315 	.db #0xc7	; 199
   010F C7                  316 	.db #0xc7	; 199
   0110 C7                  317 	.db #0xc7	; 199
   0111 C7                  318 	.db #0xc7	; 199
   0112 C7                  319 	.db #0xc7	; 199
   0113 C7                  320 	.db #0xc7	; 199
   0114 C7                  321 	.db #0xc7	; 199
   0115 C7                  322 	.db #0xc7	; 199
   0116 C7                  323 	.db #0xc7	; 199
   0117 C7                  324 	.db #0xc7	; 199
   0118 C7                  325 	.db #0xc7	; 199
   0119 C7                  326 	.db #0xc7	; 199
   011A C7                  327 	.db #0xc7	; 199
   011B C7                  328 	.db #0xc7	; 199
   011C C7                  329 	.db #0xc7	; 199
   011D C7                  330 	.db #0xc7	; 199
   011E C7                  331 	.db #0xc7	; 199
   011F C7                  332 	.db #0xc7	; 199
   0120 C7                  333 	.db #0xc7	; 199
   0121 C7                  334 	.db #0xc7	; 199
   0122 C7                  335 	.db #0xc7	; 199
   0123 C7                  336 	.db #0xc7	; 199
   0124 C7                  337 	.db #0xc7	; 199
   0125 C7                  338 	.db #0xc7	; 199
   0126 C7                  339 	.db #0xc7	; 199
   0127 C7                  340 	.db #0xc7	; 199
   0128 C7                  341 	.db #0xc7	; 199
   0129 C7                  342 	.db #0xc7	; 199
   012A C7                  343 	.db #0xc7	; 199
   012B C7                  344 	.db #0xc7	; 199
   012C C7                  345 	.db #0xc7	; 199
   012D C7                  346 	.db #0xc7	; 199
   012E C7                  347 	.db #0xc7	; 199
   012F C7                  348 	.db #0xc7	; 199
   0130 C7                  349 	.db #0xc7	; 199
   0131 C7                  350 	.db #0xc7	; 199
   0132 C7                  351 	.db #0xc7	; 199
   0133 C7                  352 	.db #0xc7	; 199
   0134 C7                  353 	.db #0xc7	; 199
   0135 C7                  354 	.db #0xc7	; 199
   0136 C7                  355 	.db #0xc7	; 199
   0137 C7                  356 	.db #0xc7	; 199
   0138 C7                  357 	.db #0xc7	; 199
   0139 C7                  358 	.db #0xc7	; 199
   013A C7                  359 	.db #0xc7	; 199
   013B C7                  360 	.db #0xc7	; 199
   013C C7                  361 	.db #0xc7	; 199
   013D C7                  362 	.db #0xc7	; 199
   013E C7                  363 	.db #0xc7	; 199
   013F C7                  364 	.db #0xc7	; 199
   0140 C7                  365 	.db #0xc7	; 199
   0141 C7                  366 	.db #0xc7	; 199
   0142 C7                  367 	.db #0xc7	; 199
   0143 C7                  368 	.db #0xc7	; 199
   0144 C7                  369 	.db #0xc7	; 199
   0145 C7                  370 	.db #0xc7	; 199
   0146 C7                  371 	.db #0xc7	; 199
   0147 C7                  372 	.db #0xc7	; 199
   0148 C7                  373 	.db #0xc7	; 199
   0149 C7                  374 	.db #0xc7	; 199
   014A C7                  375 	.db #0xc7	; 199
   014B C7                  376 	.db #0xc7	; 199
   014C C7                  377 	.db #0xc7	; 199
   014D C7                  378 	.db #0xc7	; 199
   014E C7                  379 	.db #0xc7	; 199
   014F C7                  380 	.db #0xc7	; 199
   0150 C7                  381 	.db #0xc7	; 199
   0151 C7                  382 	.db #0xc7	; 199
   0152 C7                  383 	.db #0xc7	; 199
   0153 C7                  384 	.db #0xc7	; 199
   0154 C7                  385 	.db #0xc7	; 199
   0155 C7                  386 	.db #0xc7	; 199
   0156 C7                  387 	.db #0xc7	; 199
   0157 C7                  388 	.db #0xc7	; 199
   0158 C7                  389 	.db #0xc7	; 199
   0159 C7                  390 	.db #0xc7	; 199
   015A C7                  391 	.db #0xc7	; 199
   015B C7                  392 	.db #0xc7	; 199
   015C C7                  393 	.db #0xc7	; 199
   015D C7                  394 	.db #0xc7	; 199
   015E C7                  395 	.db #0xc7	; 199
   015F C7                  396 	.db #0xc7	; 199
   0160 C7                  397 	.db #0xc7	; 199
   0161 C7                  398 	.db #0xc7	; 199
   0162 C7                  399 	.db #0xc7	; 199
   0163 C7                  400 	.db #0xc7	; 199
   0164 C7                  401 	.db #0xc7	; 199
   0165 C7                  402 	.db #0xc7	; 199
   0166 C7                  403 	.db #0xc7	; 199
   0167 C7                  404 	.db #0xc7	; 199
   0168 C7                  405 	.db #0xc7	; 199
   0169 C7                  406 	.db #0xc7	; 199
   016A C7                  407 	.db #0xc7	; 199
   016B C7                  408 	.db #0xc7	; 199
   016C C7                  409 	.db #0xc7	; 199
   016D C7                  410 	.db #0xc7	; 199
   016E C7                  411 	.db #0xc7	; 199
   016F C7                  412 	.db #0xc7	; 199
   0170 C7                  413 	.db #0xc7	; 199
   0171 C7                  414 	.db #0xc7	; 199
   0172 C7                  415 	.db #0xc7	; 199
   0173 C7                  416 	.db #0xc7	; 199
   0174 C7                  417 	.db #0xc7	; 199
   0175 C7                  418 	.db #0xc7	; 199
   0176 C7                  419 	.db #0xc7	; 199
   0177 C7                  420 	.db #0xc7	; 199
   0178 C7                  421 	.db #0xc7	; 199
   0179 C7                  422 	.db #0xc7	; 199
   017A C7                  423 	.db #0xc7	; 199
   017B C7                  424 	.db #0xc7	; 199
   017C C7                  425 	.db #0xc7	; 199
   017D C7                  426 	.db #0xc7	; 199
   017E C7                  427 	.db #0xc7	; 199
   017F C7                  428 	.db #0xc7	; 199
   0180 C7                  429 	.db #0xc7	; 199
   0181 C7                  430 	.db #0xc7	; 199
   0182 C7                  431 	.db #0xc7	; 199
   0183 C7                  432 	.db #0xc7	; 199
   0184 C7                  433 	.db #0xc7	; 199
   0185 C7                  434 	.db #0xc7	; 199
   0186 C7                  435 	.db #0xc7	; 199
   0187 C7                  436 	.db #0xc7	; 199
   0188 C7                  437 	.db #0xc7	; 199
   0189 C7                  438 	.db #0xc7	; 199
   018A C7                  439 	.db #0xc7	; 199
   018B C7                  440 	.db #0xc7	; 199
   018C C7                  441 	.db #0xc7	; 199
   018D C7                  442 	.db #0xc7	; 199
   018E C7                  443 	.db #0xc7	; 199
   018F C7                  444 	.db #0xc7	; 199
   0190 C7                  445 	.db #0xc7	; 199
   0191 C7                  446 	.db #0xc7	; 199
   0192 C7                  447 	.db #0xc7	; 199
   0193 C7                  448 	.db #0xc7	; 199
   0194 C7                  449 	.db #0xc7	; 199
   0195 C7                  450 	.db #0xc7	; 199
   0196 C7                  451 	.db #0xc7	; 199
   0197 C7                  452 	.db #0xc7	; 199
   0198 C7                  453 	.db #0xc7	; 199
   0199 C7                  454 	.db #0xc7	; 199
   019A C7                  455 	.db #0xc7	; 199
   019B C7                  456 	.db #0xc7	; 199
   019C C7                  457 	.db #0xc7	; 199
   019D C7                  458 	.db #0xc7	; 199
   019E C7                  459 	.db #0xc7	; 199
   019F C7                  460 	.db #0xc7	; 199
   01A0 C7                  461 	.db #0xc7	; 199
   01A1 C7                  462 	.db #0xc7	; 199
   01A2 C7                  463 	.db #0xc7	; 199
   01A3 C7                  464 	.db #0xc7	; 199
   01A4 C7                  465 	.db #0xc7	; 199
   01A5 C7                  466 	.db #0xc7	; 199
   01A6 C7                  467 	.db #0xc7	; 199
   01A7 C7                  468 	.db #0xc7	; 199
   01A8 C7                  469 	.db #0xc7	; 199
   01A9 C7                  470 	.db #0xc7	; 199
   01AA C7                  471 	.db #0xc7	; 199
   01AB C7                  472 	.db #0xc7	; 199
   01AC C7                  473 	.db #0xc7	; 199
   01AD C7                  474 	.db #0xc7	; 199
   01AE C7                  475 	.db #0xc7	; 199
   01AF C7                  476 	.db #0xc7	; 199
   01B0 00                  477 	.db #0x00	; 0
   01B1 01                  478 	.db #0x01	; 1
   01B2 00                  479 	.db #0x00	; 0
   01B3 01                  480 	.db #0x01	; 1
   01B4 00                  481 	.db #0x00	; 0
   01B5 01                  482 	.db #0x01	; 1
   01B6 00                  483 	.db #0x00	; 0
   01B7 01                  484 	.db #0x01	; 1
   01B8 00                  485 	.db #0x00	; 0
   01B9 01                  486 	.db #0x01	; 1
   01BA 00                  487 	.db #0x00	; 0
   01BB 01                  488 	.db #0x01	; 1
   01BC 00                  489 	.db #0x00	; 0
   01BD 01                  490 	.db #0x01	; 1
   01BE 00                  491 	.db #0x00	; 0
   01BF 01                  492 	.db #0x01	; 1
   01C0 00                  493 	.db #0x00	; 0
   01C1 01                  494 	.db #0x01	; 1
   01C2 0A                  495 	.db #0x0a	; 10
   01C3 0B                  496 	.db #0x0b	; 11
   01C4 0A                  497 	.db #0x0a	; 10
   01C5 0B                  498 	.db #0x0b	; 11
   01C6 0A                  499 	.db #0x0a	; 10
   01C7 0B                  500 	.db #0x0b	; 11
   01C8 0A                  501 	.db #0x0a	; 10
   01C9 0B                  502 	.db #0x0b	; 11
   01CA 0A                  503 	.db #0x0a	; 10
   01CB 0B                  504 	.db #0x0b	; 11
   01CC 0A                  505 	.db #0x0a	; 10
   01CD 0B                  506 	.db #0x0b	; 11
   01CE 0A                  507 	.db #0x0a	; 10
   01CF 0B                  508 	.db #0x0b	; 11
   01D0 0A                  509 	.db #0x0a	; 10
   01D1 0B                  510 	.db #0x0b	; 11
   01D2 0A                  511 	.db #0x0a	; 10
   01D3 0B                  512 	.db #0x0b	; 11
   01D4 14                  513 	.db #0x14	; 20
   01D5 15                  514 	.db #0x15	; 21
   01D6 14                  515 	.db #0x14	; 20
   01D7 15                  516 	.db #0x15	; 21
   01D8 14                  517 	.db #0x14	; 20
   01D9 15                  518 	.db #0x15	; 21
   01DA 14                  519 	.db #0x14	; 20
   01DB 15                  520 	.db #0x15	; 21
   01DC 14                  521 	.db #0x14	; 20
   01DD 15                  522 	.db #0x15	; 21
   01DE 14                  523 	.db #0x14	; 20
   01DF 15                  524 	.db #0x15	; 21
   01E0 14                  525 	.db #0x14	; 20
   01E1 15                  526 	.db #0x15	; 21
   01E2 14                  527 	.db #0x14	; 20
   01E3 15                  528 	.db #0x15	; 21
   01E4 14                  529 	.db #0x14	; 20
   01E5 15                  530 	.db #0x15	; 21
   01E6 1E                  531 	.db #0x1e	; 30
   01E7 1F                  532 	.db #0x1f	; 31
   01E8 1E                  533 	.db #0x1e	; 30
   01E9 1F                  534 	.db #0x1f	; 31
   01EA 1E                  535 	.db #0x1e	; 30
   01EB 1F                  536 	.db #0x1f	; 31
   01EC 1E                  537 	.db #0x1e	; 30
   01ED 1F                  538 	.db #0x1f	; 31
   01EE 1E                  539 	.db #0x1e	; 30
   01EF 1F                  540 	.db #0x1f	; 31
   01F0 1E                  541 	.db #0x1e	; 30
   01F1 1F                  542 	.db #0x1f	; 31
   01F2 1E                  543 	.db #0x1e	; 30
   01F3 1F                  544 	.db #0x1f	; 31
   01F4 1E                  545 	.db #0x1e	; 30
   01F5 1F                  546 	.db #0x1f	; 31
   01F6 1E                  547 	.db #0x1e	; 30
   01F7 1F                  548 	.db #0x1f	; 31
                            549 	.area _INITIALIZER
                            550 	.area _CABS (ABS)
