                              1 ;--------------------------------------------------------
                              2 ; File Created by SDCC : free open source ANSI-C Compiler
                              3 ; Version 3.6.8 #9946 (CYGWIN)
                              4 ;--------------------------------------------------------
                              5 	.module fase_25
                              6 	.optsdcc -mz80
                              7 	
                              8 ;--------------------------------------------------------
                              9 ; Public variables in this module
                             10 ;--------------------------------------------------------
                             11 	.globl _g_mapa25
                             12 ;--------------------------------------------------------
                             13 ; special function registers
                             14 ;--------------------------------------------------------
                             15 ;--------------------------------------------------------
                             16 ; ram data
                             17 ;--------------------------------------------------------
                             18 	.area _DATA
                             19 ;--------------------------------------------------------
                             20 ; ram data
                             21 ;--------------------------------------------------------
                             22 	.area _INITIALIZED
                             23 ;--------------------------------------------------------
                             24 ; absolute external ram data
                             25 ;--------------------------------------------------------
                             26 	.area _DABS (ABS)
                             27 ;--------------------------------------------------------
                             28 ; global & static initialisations
                             29 ;--------------------------------------------------------
                             30 	.area _HOME
                             31 	.area _GSINIT
                             32 	.area _GSFINAL
                             33 	.area _GSINIT
                             34 ;--------------------------------------------------------
                             35 ; Home
                             36 ;--------------------------------------------------------
                             37 	.area _HOME
                             38 	.area _HOME
                             39 ;--------------------------------------------------------
                             40 ; code
                             41 ;--------------------------------------------------------
                             42 	.area _CODE
                             43 	.area _CODE
   0000                      44 _g_mapa25:
   0000 50                   45 	.db #0x50	; 80	'P'
   0001 51                   46 	.db #0x51	; 81	'Q'
   0002 50                   47 	.db #0x50	; 80	'P'
   0003 51                   48 	.db #0x51	; 81	'Q'
   0004 50                   49 	.db #0x50	; 80	'P'
   0005 51                   50 	.db #0x51	; 81	'Q'
   0006 50                   51 	.db #0x50	; 80	'P'
   0007 51                   52 	.db #0x51	; 81	'Q'
   0008 50                   53 	.db #0x50	; 80	'P'
   0009 51                   54 	.db #0x51	; 81	'Q'
   000A 50                   55 	.db #0x50	; 80	'P'
   000B 51                   56 	.db #0x51	; 81	'Q'
   000C 50                   57 	.db #0x50	; 80	'P'
   000D 51                   58 	.db #0x51	; 81	'Q'
   000E 50                   59 	.db #0x50	; 80	'P'
   000F 51                   60 	.db #0x51	; 81	'Q'
   0010 50                   61 	.db #0x50	; 80	'P'
   0011 51                   62 	.db #0x51	; 81	'Q'
   0012 5A                   63 	.db #0x5a	; 90	'Z'
   0013 5B                   64 	.db #0x5b	; 91
   0014 5A                   65 	.db #0x5a	; 90	'Z'
   0015 5B                   66 	.db #0x5b	; 91
   0016 5A                   67 	.db #0x5a	; 90	'Z'
   0017 5B                   68 	.db #0x5b	; 91
   0018 5A                   69 	.db #0x5a	; 90	'Z'
   0019 5B                   70 	.db #0x5b	; 91
   001A 5A                   71 	.db #0x5a	; 90	'Z'
   001B 5B                   72 	.db #0x5b	; 91
   001C 5A                   73 	.db #0x5a	; 90	'Z'
   001D 5B                   74 	.db #0x5b	; 91
   001E 5A                   75 	.db #0x5a	; 90	'Z'
   001F 5B                   76 	.db #0x5b	; 91
   0020 5A                   77 	.db #0x5a	; 90	'Z'
   0021 5B                   78 	.db #0x5b	; 91
   0022 5A                   79 	.db #0x5a	; 90	'Z'
   0023 5B                   80 	.db #0x5b	; 91
   0024 64                   81 	.db #0x64	; 100	'd'
   0025 65                   82 	.db #0x65	; 101	'e'
   0026 64                   83 	.db #0x64	; 100	'd'
   0027 65                   84 	.db #0x65	; 101	'e'
   0028 64                   85 	.db #0x64	; 100	'd'
   0029 65                   86 	.db #0x65	; 101	'e'
   002A 64                   87 	.db #0x64	; 100	'd'
   002B 65                   88 	.db #0x65	; 101	'e'
   002C 64                   89 	.db #0x64	; 100	'd'
   002D 65                   90 	.db #0x65	; 101	'e'
   002E 64                   91 	.db #0x64	; 100	'd'
   002F 65                   92 	.db #0x65	; 101	'e'
   0030 64                   93 	.db #0x64	; 100	'd'
   0031 65                   94 	.db #0x65	; 101	'e'
   0032 64                   95 	.db #0x64	; 100	'd'
   0033 65                   96 	.db #0x65	; 101	'e'
   0034 64                   97 	.db #0x64	; 100	'd'
   0035 65                   98 	.db #0x65	; 101	'e'
   0036 6E                   99 	.db #0x6e	; 110	'n'
   0037 6F                  100 	.db #0x6f	; 111	'o'
   0038 6E                  101 	.db #0x6e	; 110	'n'
   0039 C7                  102 	.db #0xc7	; 199
   003A 6E                  103 	.db #0x6e	; 110	'n'
   003B 6F                  104 	.db #0x6f	; 111	'o'
   003C 6E                  105 	.db #0x6e	; 110	'n'
   003D 6F                  106 	.db #0x6f	; 111	'o'
   003E 6E                  107 	.db #0x6e	; 110	'n'
   003F 6F                  108 	.db #0x6f	; 111	'o'
   0040 6E                  109 	.db #0x6e	; 110	'n'
   0041 6F                  110 	.db #0x6f	; 111	'o'
   0042 6E                  111 	.db #0x6e	; 110	'n'
   0043 6F                  112 	.db #0x6f	; 111	'o'
   0044 6E                  113 	.db #0x6e	; 110	'n'
   0045 6F                  114 	.db #0x6f	; 111	'o'
   0046 6E                  115 	.db #0x6e	; 110	'n'
   0047 6F                  116 	.db #0x6f	; 111	'o'
   0048 50                  117 	.db #0x50	; 80	'P'
   0049 51                  118 	.db #0x51	; 81	'Q'
   004A 50                  119 	.db #0x50	; 80	'P'
   004B 51                  120 	.db #0x51	; 81	'Q'
   004C 50                  121 	.db #0x50	; 80	'P'
   004D 51                  122 	.db #0x51	; 81	'Q'
   004E 50                  123 	.db #0x50	; 80	'P'
   004F 51                  124 	.db #0x51	; 81	'Q'
   0050 50                  125 	.db #0x50	; 80	'P'
   0051 51                  126 	.db #0x51	; 81	'Q'
   0052 50                  127 	.db #0x50	; 80	'P'
   0053 51                  128 	.db #0x51	; 81	'Q'
   0054 50                  129 	.db #0x50	; 80	'P'
   0055 51                  130 	.db #0x51	; 81	'Q'
   0056 50                  131 	.db #0x50	; 80	'P'
   0057 51                  132 	.db #0x51	; 81	'Q'
   0058 50                  133 	.db #0x50	; 80	'P'
   0059 51                  134 	.db #0x51	; 81	'Q'
   005A 5A                  135 	.db #0x5a	; 90	'Z'
   005B 5B                  136 	.db #0x5b	; 91
   005C 5A                  137 	.db #0x5a	; 90	'Z'
   005D 5B                  138 	.db #0x5b	; 91
   005E 5A                  139 	.db #0x5a	; 90	'Z'
   005F 5B                  140 	.db #0x5b	; 91
   0060 5A                  141 	.db #0x5a	; 90	'Z'
   0061 5B                  142 	.db #0x5b	; 91
   0062 5A                  143 	.db #0x5a	; 90	'Z'
   0063 5B                  144 	.db #0x5b	; 91
   0064 5A                  145 	.db #0x5a	; 90	'Z'
   0065 5B                  146 	.db #0x5b	; 91
   0066 5A                  147 	.db #0x5a	; 90	'Z'
   0067 5B                  148 	.db #0x5b	; 91
   0068 5A                  149 	.db #0x5a	; 90	'Z'
   0069 5B                  150 	.db #0x5b	; 91
   006A 5A                  151 	.db #0x5a	; 90	'Z'
   006B 5B                  152 	.db #0x5b	; 91
   006C 64                  153 	.db #0x64	; 100	'd'
   006D 65                  154 	.db #0x65	; 101	'e'
   006E 64                  155 	.db #0x64	; 100	'd'
   006F 65                  156 	.db #0x65	; 101	'e'
   0070 64                  157 	.db #0x64	; 100	'd'
   0071 65                  158 	.db #0x65	; 101	'e'
   0072 64                  159 	.db #0x64	; 100	'd'
   0073 65                  160 	.db #0x65	; 101	'e'
   0074 64                  161 	.db #0x64	; 100	'd'
   0075 65                  162 	.db #0x65	; 101	'e'
   0076 64                  163 	.db #0x64	; 100	'd'
   0077 65                  164 	.db #0x65	; 101	'e'
   0078 64                  165 	.db #0x64	; 100	'd'
   0079 65                  166 	.db #0x65	; 101	'e'
   007A 64                  167 	.db #0x64	; 100	'd'
   007B 65                  168 	.db #0x65	; 101	'e'
   007C 64                  169 	.db #0x64	; 100	'd'
   007D 65                  170 	.db #0x65	; 101	'e'
   007E 6E                  171 	.db #0x6e	; 110	'n'
   007F 6F                  172 	.db #0x6f	; 111	'o'
   0080 6E                  173 	.db #0x6e	; 110	'n'
   0081 6F                  174 	.db #0x6f	; 111	'o'
   0082 6E                  175 	.db #0x6e	; 110	'n'
   0083 6F                  176 	.db #0x6f	; 111	'o'
   0084 6E                  177 	.db #0x6e	; 110	'n'
   0085 6F                  178 	.db #0x6f	; 111	'o'
   0086 6E                  179 	.db #0x6e	; 110	'n'
   0087 6F                  180 	.db #0x6f	; 111	'o'
   0088 6E                  181 	.db #0x6e	; 110	'n'
   0089 6F                  182 	.db #0x6f	; 111	'o'
   008A 6E                  183 	.db #0x6e	; 110	'n'
   008B 6F                  184 	.db #0x6f	; 111	'o'
   008C 6E                  185 	.db #0x6e	; 110	'n'
   008D 6F                  186 	.db #0x6f	; 111	'o'
   008E 6E                  187 	.db #0x6e	; 110	'n'
   008F 6F                  188 	.db #0x6f	; 111	'o'
   0090 50                  189 	.db #0x50	; 80	'P'
   0091 51                  190 	.db #0x51	; 81	'Q'
   0092 5A                  191 	.db #0x5a	; 90	'Z'
   0093 5B                  192 	.db #0x5b	; 91
   0094 50                  193 	.db #0x50	; 80	'P'
   0095 51                  194 	.db #0x51	; 81	'Q'
   0096 50                  195 	.db #0x50	; 80	'P'
   0097 51                  196 	.db #0x51	; 81	'Q'
   0098 50                  197 	.db #0x50	; 80	'P'
   0099 51                  198 	.db #0x51	; 81	'Q'
   009A 50                  199 	.db #0x50	; 80	'P'
   009B 51                  200 	.db #0x51	; 81	'Q'
   009C 50                  201 	.db #0x50	; 80	'P'
   009D 51                  202 	.db #0x51	; 81	'Q'
   009E 50                  203 	.db #0x50	; 80	'P'
   009F 51                  204 	.db #0x51	; 81	'Q'
   00A0 50                  205 	.db #0x50	; 80	'P'
   00A1 51                  206 	.db #0x51	; 81	'Q'
   00A2 5A                  207 	.db #0x5a	; 90	'Z'
   00A3 5B                  208 	.db #0x5b	; 91
   00A4 64                  209 	.db #0x64	; 100	'd'
   00A5 65                  210 	.db #0x65	; 101	'e'
   00A6 5A                  211 	.db #0x5a	; 90	'Z'
   00A7 5B                  212 	.db #0x5b	; 91
   00A8 5A                  213 	.db #0x5a	; 90	'Z'
   00A9 5B                  214 	.db #0x5b	; 91
   00AA 5A                  215 	.db #0x5a	; 90	'Z'
   00AB 5B                  216 	.db #0x5b	; 91
   00AC 5A                  217 	.db #0x5a	; 90	'Z'
   00AD 5B                  218 	.db #0x5b	; 91
   00AE 5A                  219 	.db #0x5a	; 90	'Z'
   00AF 5B                  220 	.db #0x5b	; 91
   00B0 5A                  221 	.db #0x5a	; 90	'Z'
   00B1 5B                  222 	.db #0x5b	; 91
   00B2 5A                  223 	.db #0x5a	; 90	'Z'
   00B3 5B                  224 	.db #0x5b	; 91
   00B4 64                  225 	.db #0x64	; 100	'd'
   00B5 65                  226 	.db #0x65	; 101	'e'
   00B6 6E                  227 	.db #0x6e	; 110	'n'
   00B7 6F                  228 	.db #0x6f	; 111	'o'
   00B8 50                  229 	.db #0x50	; 80	'P'
   00B9 51                  230 	.db #0x51	; 81	'Q'
   00BA 64                  231 	.db #0x64	; 100	'd'
   00BB 65                  232 	.db #0x65	; 101	'e'
   00BC 64                  233 	.db #0x64	; 100	'd'
   00BD 65                  234 	.db #0x65	; 101	'e'
   00BE 64                  235 	.db #0x64	; 100	'd'
   00BF 65                  236 	.db #0x65	; 101	'e'
   00C0 64                  237 	.db #0x64	; 100	'd'
   00C1 65                  238 	.db #0x65	; 101	'e'
   00C2 64                  239 	.db #0x64	; 100	'd'
   00C3 65                  240 	.db #0x65	; 101	'e'
   00C4 64                  241 	.db #0x64	; 100	'd'
   00C5 65                  242 	.db #0x65	; 101	'e'
   00C6 6E                  243 	.db #0x6e	; 110	'n'
   00C7 6F                  244 	.db #0x6f	; 111	'o'
   00C8 5A                  245 	.db #0x5a	; 90	'Z'
   00C9 5B                  246 	.db #0x5b	; 91
   00CA 5A                  247 	.db #0x5a	; 90	'Z'
   00CB 5B                  248 	.db #0x5b	; 91
   00CC 6E                  249 	.db #0x6e	; 110	'n'
   00CD 6F                  250 	.db #0x6f	; 111	'o'
   00CE 6E                  251 	.db #0x6e	; 110	'n'
   00CF 6F                  252 	.db #0x6f	; 111	'o'
   00D0 6E                  253 	.db #0x6e	; 110	'n'
   00D1 6F                  254 	.db #0x6f	; 111	'o'
   00D2 6E                  255 	.db #0x6e	; 110	'n'
   00D3 6F                  256 	.db #0x6f	; 111	'o'
   00D4 6E                  257 	.db #0x6e	; 110	'n'
   00D5 6F                  258 	.db #0x6f	; 111	'o'
   00D6 6E                  259 	.db #0x6e	; 110	'n'
   00D7 6F                  260 	.db #0x6f	; 111	'o'
   00D8 50                  261 	.db #0x50	; 80	'P'
   00D9 51                  262 	.db #0x51	; 81	'Q'
   00DA 64                  263 	.db #0x64	; 100	'd'
   00DB 65                  264 	.db #0x65	; 101	'e'
   00DC 64                  265 	.db #0x64	; 100	'd'
   00DD 65                  266 	.db #0x65	; 101	'e'
   00DE 50                  267 	.db #0x50	; 80	'P'
   00DF 51                  268 	.db #0x51	; 81	'Q'
   00E0 50                  269 	.db #0x50	; 80	'P'
   00E1 51                  270 	.db #0x51	; 81	'Q'
   00E2 50                  271 	.db #0x50	; 80	'P'
   00E3 51                  272 	.db #0x51	; 81	'Q'
   00E4 50                  273 	.db #0x50	; 80	'P'
   00E5 51                  274 	.db #0x51	; 81	'Q'
   00E6 50                  275 	.db #0x50	; 80	'P'
   00E7 51                  276 	.db #0x51	; 81	'Q'
   00E8 50                  277 	.db #0x50	; 80	'P'
   00E9 51                  278 	.db #0x51	; 81	'Q'
   00EA 5A                  279 	.db #0x5a	; 90	'Z'
   00EB 5B                  280 	.db #0x5b	; 91
   00EC 6E                  281 	.db #0x6e	; 110	'n'
   00ED 6F                  282 	.db #0x6f	; 111	'o'
   00EE 6E                  283 	.db #0x6e	; 110	'n'
   00EF 6F                  284 	.db #0x6f	; 111	'o'
   00F0 5A                  285 	.db #0x5a	; 90	'Z'
   00F1 5B                  286 	.db #0x5b	; 91
   00F2 5A                  287 	.db #0x5a	; 90	'Z'
   00F3 5B                  288 	.db #0x5b	; 91
   00F4 5A                  289 	.db #0x5a	; 90	'Z'
   00F5 5B                  290 	.db #0x5b	; 91
   00F6 5A                  291 	.db #0x5a	; 90	'Z'
   00F7 5B                  292 	.db #0x5b	; 91
   00F8 5A                  293 	.db #0x5a	; 90	'Z'
   00F9 5B                  294 	.db #0x5b	; 91
   00FA 5A                  295 	.db #0x5a	; 90	'Z'
   00FB 5B                  296 	.db #0x5b	; 91
   00FC 64                  297 	.db #0x64	; 100	'd'
   00FD 65                  298 	.db #0x65	; 101	'e'
   00FE 5A                  299 	.db #0x5a	; 90	'Z'
   00FF 5B                  300 	.db #0x5b	; 91
   0100 64                  301 	.db #0x64	; 100	'd'
   0101 65                  302 	.db #0x65	; 101	'e'
   0102 64                  303 	.db #0x64	; 100	'd'
   0103 65                  304 	.db #0x65	; 101	'e'
   0104 64                  305 	.db #0x64	; 100	'd'
   0105 65                  306 	.db #0x65	; 101	'e'
   0106 64                  307 	.db #0x64	; 100	'd'
   0107 65                  308 	.db #0x65	; 101	'e'
   0108 64                  309 	.db #0x64	; 100	'd'
   0109 65                  310 	.db #0x65	; 101	'e'
   010A 64                  311 	.db #0x64	; 100	'd'
   010B 65                  312 	.db #0x65	; 101	'e'
   010C 64                  313 	.db #0x64	; 100	'd'
   010D 65                  314 	.db #0x65	; 101	'e'
   010E 6E                  315 	.db #0x6e	; 110	'n'
   010F 6F                  316 	.db #0x6f	; 111	'o'
   0110 64                  317 	.db #0x64	; 100	'd'
   0111 65                  318 	.db #0x65	; 101	'e'
   0112 6E                  319 	.db #0x6e	; 110	'n'
   0113 6F                  320 	.db #0x6f	; 111	'o'
   0114 6E                  321 	.db #0x6e	; 110	'n'
   0115 6F                  322 	.db #0x6f	; 111	'o'
   0116 6E                  323 	.db #0x6e	; 110	'n'
   0117 6F                  324 	.db #0x6f	; 111	'o'
   0118 6E                  325 	.db #0x6e	; 110	'n'
   0119 6F                  326 	.db #0x6f	; 111	'o'
   011A 6E                  327 	.db #0x6e	; 110	'n'
   011B 6F                  328 	.db #0x6f	; 111	'o'
   011C 6E                  329 	.db #0x6e	; 110	'n'
   011D 6F                  330 	.db #0x6f	; 111	'o'
   011E 6E                  331 	.db #0x6e	; 110	'n'
   011F 6F                  332 	.db #0x6f	; 111	'o'
   0120 50                  333 	.db #0x50	; 80	'P'
   0121 51                  334 	.db #0x51	; 81	'Q'
   0122 6E                  335 	.db #0x6e	; 110	'n'
   0123 6F                  336 	.db #0x6f	; 111	'o'
   0124 50                  337 	.db #0x50	; 80	'P'
   0125 51                  338 	.db #0x51	; 81	'Q'
   0126 50                  339 	.db #0x50	; 80	'P'
   0127 51                  340 	.db #0x51	; 81	'Q'
   0128 50                  341 	.db #0x50	; 80	'P'
   0129 51                  342 	.db #0x51	; 81	'Q'
   012A 50                  343 	.db #0x50	; 80	'P'
   012B 51                  344 	.db #0x51	; 81	'Q'
   012C 50                  345 	.db #0x50	; 80	'P'
   012D 51                  346 	.db #0x51	; 81	'Q'
   012E 50                  347 	.db #0x50	; 80	'P'
   012F 50                  348 	.db #0x50	; 80	'P'
   0130 51                  349 	.db #0x51	; 81	'Q'
   0131 51                  350 	.db #0x51	; 81	'Q'
   0132 C7                  351 	.db #0xc7	; 199
   0133 5B                  352 	.db #0x5b	; 91
   0134 50                  353 	.db #0x50	; 80	'P'
   0135 C7                  354 	.db #0xc7	; 199
   0136 5A                  355 	.db #0x5a	; 90	'Z'
   0137 5B                  356 	.db #0x5b	; 91
   0138 5A                  357 	.db #0x5a	; 90	'Z'
   0139 C7                  358 	.db #0xc7	; 199
   013A 5A                  359 	.db #0x5a	; 90	'Z'
   013B 5B                  360 	.db #0x5b	; 91
   013C C7                  361 	.db #0xc7	; 199
   013D 5B                  362 	.db #0x5b	; 91
   013E 5A                  363 	.db #0x5a	; 90	'Z'
   013F 5B                  364 	.db #0x5b	; 91
   0140 C7                  365 	.db #0xc7	; 199
   0141 5A                  366 	.db #0x5a	; 90	'Z'
   0142 5B                  367 	.db #0x5b	; 91
   0143 51                  368 	.db #0x51	; 81	'Q'
   0144 C7                  369 	.db #0xc7	; 199
   0145 C7                  370 	.db #0xc7	; 199
   0146 C7                  371 	.db #0xc7	; 199
   0147 C7                  372 	.db #0xc7	; 199
   0148 C7                  373 	.db #0xc7	; 199
   0149 C7                  374 	.db #0xc7	; 199
   014A C7                  375 	.db #0xc7	; 199
   014B C7                  376 	.db #0xc7	; 199
   014C C7                  377 	.db #0xc7	; 199
   014D C7                  378 	.db #0xc7	; 199
   014E C7                  379 	.db #0xc7	; 199
   014F C7                  380 	.db #0xc7	; 199
   0150 C7                  381 	.db #0xc7	; 199
   0151 C7                  382 	.db #0xc7	; 199
   0152 C7                  383 	.db #0xc7	; 199
   0153 64                  384 	.db #0x64	; 100	'd'
   0154 65                  385 	.db #0x65	; 101	'e'
   0155 5B                  386 	.db #0x5b	; 91
   0156 C7                  387 	.db #0xc7	; 199
   0157 C7                  388 	.db #0xc7	; 199
   0158 C7                  389 	.db #0xc7	; 199
   0159 C7                  390 	.db #0xc7	; 199
   015A C7                  391 	.db #0xc7	; 199
   015B C7                  392 	.db #0xc7	; 199
   015C C7                  393 	.db #0xc7	; 199
   015D C7                  394 	.db #0xc7	; 199
   015E C7                  395 	.db #0xc7	; 199
   015F C7                  396 	.db #0xc7	; 199
   0160 C7                  397 	.db #0xc7	; 199
   0161 C7                  398 	.db #0xc7	; 199
   0162 C7                  399 	.db #0xc7	; 199
   0163 C7                  400 	.db #0xc7	; 199
   0164 C7                  401 	.db #0xc7	; 199
   0165 6E                  402 	.db #0x6e	; 110	'n'
   0166 6F                  403 	.db #0x6f	; 111	'o'
   0167 65                  404 	.db #0x65	; 101	'e'
   0168 C7                  405 	.db #0xc7	; 199
   0169 C7                  406 	.db #0xc7	; 199
   016A C7                  407 	.db #0xc7	; 199
   016B C7                  408 	.db #0xc7	; 199
   016C C7                  409 	.db #0xc7	; 199
   016D C7                  410 	.db #0xc7	; 199
   016E C7                  411 	.db #0xc7	; 199
   016F C7                  412 	.db #0xc7	; 199
   0170 C7                  413 	.db #0xc7	; 199
   0171 C7                  414 	.db #0xc7	; 199
   0172 C7                  415 	.db #0xc7	; 199
   0173 C7                  416 	.db #0xc7	; 199
   0174 C7                  417 	.db #0xc7	; 199
   0175 C7                  418 	.db #0xc7	; 199
   0176 C7                  419 	.db #0xc7	; 199
   0177 C7                  420 	.db #0xc7	; 199
   0178 6E                  421 	.db #0x6e	; 110	'n'
   0179 6F                  422 	.db #0x6f	; 111	'o'
   017A C7                  423 	.db #0xc7	; 199
   017B C7                  424 	.db #0xc7	; 199
   017C C7                  425 	.db #0xc7	; 199
   017D C7                  426 	.db #0xc7	; 199
   017E C7                  427 	.db #0xc7	; 199
   017F C7                  428 	.db #0xc7	; 199
   0180 C7                  429 	.db #0xc7	; 199
   0181 C7                  430 	.db #0xc7	; 199
   0182 C7                  431 	.db #0xc7	; 199
   0183 C7                  432 	.db #0xc7	; 199
   0184 C7                  433 	.db #0xc7	; 199
   0185 C7                  434 	.db #0xc7	; 199
   0186 C7                  435 	.db #0xc7	; 199
   0187 C7                  436 	.db #0xc7	; 199
   0188 C7                  437 	.db #0xc7	; 199
   0189 C7                  438 	.db #0xc7	; 199
   018A C7                  439 	.db #0xc7	; 199
   018B 50                  440 	.db #0x50	; 80	'P'
   018C C7                  441 	.db #0xc7	; 199
   018D C7                  442 	.db #0xc7	; 199
   018E C7                  443 	.db #0xc7	; 199
   018F C7                  444 	.db #0xc7	; 199
   0190 C7                  445 	.db #0xc7	; 199
   0191 C7                  446 	.db #0xc7	; 199
   0192 C7                  447 	.db #0xc7	; 199
   0193 C7                  448 	.db #0xc7	; 199
   0194 C7                  449 	.db #0xc7	; 199
   0195 C7                  450 	.db #0xc7	; 199
   0196 C7                  451 	.db #0xc7	; 199
   0197 C7                  452 	.db #0xc7	; 199
   0198 C7                  453 	.db #0xc7	; 199
   0199 C7                  454 	.db #0xc7	; 199
   019A C7                  455 	.db #0xc7	; 199
   019B C7                  456 	.db #0xc7	; 199
   019C C7                  457 	.db #0xc7	; 199
   019D C7                  458 	.db #0xc7	; 199
   019E C7                  459 	.db #0xc7	; 199
   019F C7                  460 	.db #0xc7	; 199
   01A0 C7                  461 	.db #0xc7	; 199
   01A1 C7                  462 	.db #0xc7	; 199
   01A2 C7                  463 	.db #0xc7	; 199
   01A3 C7                  464 	.db #0xc7	; 199
   01A4 C7                  465 	.db #0xc7	; 199
   01A5 C7                  466 	.db #0xc7	; 199
   01A6 C7                  467 	.db #0xc7	; 199
   01A7 C7                  468 	.db #0xc7	; 199
   01A8 C7                  469 	.db #0xc7	; 199
   01A9 C7                  470 	.db #0xc7	; 199
   01AA C7                  471 	.db #0xc7	; 199
   01AB C7                  472 	.db #0xc7	; 199
   01AC C7                  473 	.db #0xc7	; 199
   01AD C7                  474 	.db #0xc7	; 199
   01AE C7                  475 	.db #0xc7	; 199
   01AF C7                  476 	.db #0xc7	; 199
   01B0 00                  477 	.db #0x00	; 0
   01B1 01                  478 	.db #0x01	; 1
   01B2 00                  479 	.db #0x00	; 0
   01B3 01                  480 	.db #0x01	; 1
   01B4 00                  481 	.db #0x00	; 0
   01B5 01                  482 	.db #0x01	; 1
   01B6 00                  483 	.db #0x00	; 0
   01B7 01                  484 	.db #0x01	; 1
   01B8 00                  485 	.db #0x00	; 0
   01B9 01                  486 	.db #0x01	; 1
   01BA 00                  487 	.db #0x00	; 0
   01BB 01                  488 	.db #0x01	; 1
   01BC 00                  489 	.db #0x00	; 0
   01BD 01                  490 	.db #0x01	; 1
   01BE 00                  491 	.db #0x00	; 0
   01BF 01                  492 	.db #0x01	; 1
   01C0 00                  493 	.db #0x00	; 0
   01C1 01                  494 	.db #0x01	; 1
   01C2 0A                  495 	.db #0x0a	; 10
   01C3 0B                  496 	.db #0x0b	; 11
   01C4 0A                  497 	.db #0x0a	; 10
   01C5 0B                  498 	.db #0x0b	; 11
   01C6 0A                  499 	.db #0x0a	; 10
   01C7 0B                  500 	.db #0x0b	; 11
   01C8 0A                  501 	.db #0x0a	; 10
   01C9 0B                  502 	.db #0x0b	; 11
   01CA 0A                  503 	.db #0x0a	; 10
   01CB 0B                  504 	.db #0x0b	; 11
   01CC 0A                  505 	.db #0x0a	; 10
   01CD 0B                  506 	.db #0x0b	; 11
   01CE 0A                  507 	.db #0x0a	; 10
   01CF 0B                  508 	.db #0x0b	; 11
   01D0 0A                  509 	.db #0x0a	; 10
   01D1 0B                  510 	.db #0x0b	; 11
   01D2 0A                  511 	.db #0x0a	; 10
   01D3 0B                  512 	.db #0x0b	; 11
   01D4 14                  513 	.db #0x14	; 20
   01D5 15                  514 	.db #0x15	; 21
   01D6 14                  515 	.db #0x14	; 20
   01D7 15                  516 	.db #0x15	; 21
   01D8 14                  517 	.db #0x14	; 20
   01D9 15                  518 	.db #0x15	; 21
   01DA 14                  519 	.db #0x14	; 20
   01DB 15                  520 	.db #0x15	; 21
   01DC 14                  521 	.db #0x14	; 20
   01DD 15                  522 	.db #0x15	; 21
   01DE 14                  523 	.db #0x14	; 20
   01DF 15                  524 	.db #0x15	; 21
   01E0 14                  525 	.db #0x14	; 20
   01E1 15                  526 	.db #0x15	; 21
   01E2 14                  527 	.db #0x14	; 20
   01E3 15                  528 	.db #0x15	; 21
   01E4 14                  529 	.db #0x14	; 20
   01E5 15                  530 	.db #0x15	; 21
   01E6 1E                  531 	.db #0x1e	; 30
   01E7 1F                  532 	.db #0x1f	; 31
   01E8 1E                  533 	.db #0x1e	; 30
   01E9 1F                  534 	.db #0x1f	; 31
   01EA 1E                  535 	.db #0x1e	; 30
   01EB 1F                  536 	.db #0x1f	; 31
   01EC 1E                  537 	.db #0x1e	; 30
   01ED 1F                  538 	.db #0x1f	; 31
   01EE 1E                  539 	.db #0x1e	; 30
   01EF 1F                  540 	.db #0x1f	; 31
   01F0 1E                  541 	.db #0x1e	; 30
   01F1 1F                  542 	.db #0x1f	; 31
   01F2 1E                  543 	.db #0x1e	; 30
   01F3 1F                  544 	.db #0x1f	; 31
   01F4 1E                  545 	.db #0x1e	; 30
   01F5 1F                  546 	.db #0x1f	; 31
   01F6 1E                  547 	.db #0x1e	; 30
   01F7 1F                  548 	.db #0x1f	; 31
                            549 	.area _INITIALIZER
                            550 	.area _CABS (ABS)
