                              1 ;--------------------------------------------------------
                              2 ; File Created by SDCC : free open source ANSI-C Compiler
                              3 ; Version 3.6.8 #9946 (CYGWIN)
                              4 ;--------------------------------------------------------
                              5 	.module fase_15
                              6 	.optsdcc -mz80
                              7 	
                              8 ;--------------------------------------------------------
                              9 ; Public variables in this module
                             10 ;--------------------------------------------------------
                             11 	.globl _g_mapa15
                             12 ;--------------------------------------------------------
                             13 ; special function registers
                             14 ;--------------------------------------------------------
                             15 ;--------------------------------------------------------
                             16 ; ram data
                             17 ;--------------------------------------------------------
                             18 	.area _DATA
                             19 ;--------------------------------------------------------
                             20 ; ram data
                             21 ;--------------------------------------------------------
                             22 	.area _INITIALIZED
                             23 ;--------------------------------------------------------
                             24 ; absolute external ram data
                             25 ;--------------------------------------------------------
                             26 	.area _DABS (ABS)
                             27 ;--------------------------------------------------------
                             28 ; global & static initialisations
                             29 ;--------------------------------------------------------
                             30 	.area _HOME
                             31 	.area _GSINIT
                             32 	.area _GSFINAL
                             33 	.area _GSINIT
                             34 ;--------------------------------------------------------
                             35 ; Home
                             36 ;--------------------------------------------------------
                             37 	.area _HOME
                             38 	.area _HOME
                             39 ;--------------------------------------------------------
                             40 ; code
                             41 ;--------------------------------------------------------
                             42 	.area _CODE
                             43 	.area _CODE
   0000                      44 _g_mapa15:
   0000 09                   45 	.db #0x09	; 9
   0001 09                   46 	.db #0x09	; 9
   0002 09                   47 	.db #0x09	; 9
   0003 09                   48 	.db #0x09	; 9
   0004 09                   49 	.db #0x09	; 9
   0005 09                   50 	.db #0x09	; 9
   0006 09                   51 	.db #0x09	; 9
   0007 09                   52 	.db #0x09	; 9
   0008 09                   53 	.db #0x09	; 9
   0009 09                   54 	.db #0x09	; 9
   000A 09                   55 	.db #0x09	; 9
   000B 09                   56 	.db #0x09	; 9
   000C 09                   57 	.db #0x09	; 9
   000D 09                   58 	.db #0x09	; 9
   000E 09                   59 	.db #0x09	; 9
   000F 09                   60 	.db #0x09	; 9
   0010 09                   61 	.db #0x09	; 9
   0011 09                   62 	.db #0x09	; 9
   0012 09                   63 	.db #0x09	; 9
   0013 09                   64 	.db #0x09	; 9
   0014 09                   65 	.db #0x09	; 9
   0015 09                   66 	.db #0x09	; 9
   0016 09                   67 	.db #0x09	; 9
   0017 09                   68 	.db #0x09	; 9
   0018 09                   69 	.db #0x09	; 9
   0019 09                   70 	.db #0x09	; 9
   001A 09                   71 	.db #0x09	; 9
   001B 09                   72 	.db #0x09	; 9
   001C 09                   73 	.db #0x09	; 9
   001D 09                   74 	.db #0x09	; 9
   001E 09                   75 	.db #0x09	; 9
   001F 09                   76 	.db #0x09	; 9
   0020 09                   77 	.db #0x09	; 9
   0021 09                   78 	.db #0x09	; 9
   0022 09                   79 	.db #0x09	; 9
   0023 09                   80 	.db #0x09	; 9
   0024 09                   81 	.db #0x09	; 9
   0025 09                   82 	.db #0x09	; 9
   0026 09                   83 	.db #0x09	; 9
   0027 09                   84 	.db #0x09	; 9
   0028 09                   85 	.db #0x09	; 9
   0029 09                   86 	.db #0x09	; 9
   002A 09                   87 	.db #0x09	; 9
   002B 09                   88 	.db #0x09	; 9
   002C 09                   89 	.db #0x09	; 9
   002D 09                   90 	.db #0x09	; 9
   002E 09                   91 	.db #0x09	; 9
   002F 09                   92 	.db #0x09	; 9
   0030 09                   93 	.db #0x09	; 9
   0031 09                   94 	.db #0x09	; 9
   0032 09                   95 	.db #0x09	; 9
   0033 09                   96 	.db #0x09	; 9
   0034 09                   97 	.db #0x09	; 9
   0035 09                   98 	.db #0x09	; 9
   0036 02                   99 	.db #0x02	; 2
   0037 03                  100 	.db #0x03	; 3
   0038 02                  101 	.db #0x02	; 2
   0039 03                  102 	.db #0x03	; 3
   003A 04                  103 	.db #0x04	; 4
   003B 02                  104 	.db #0x02	; 2
   003C 03                  105 	.db #0x03	; 3
   003D 05                  106 	.db #0x05	; 5
   003E 04                  107 	.db #0x04	; 4
   003F 02                  108 	.db #0x02	; 2
   0040 03                  109 	.db #0x03	; 3
   0041 02                  110 	.db #0x02	; 2
   0042 03                  111 	.db #0x03	; 3
   0043 02                  112 	.db #0x02	; 2
   0044 02                  113 	.db #0x02	; 2
   0045 02                  114 	.db #0x02	; 2
   0046 03                  115 	.db #0x03	; 3
   0047 02                  116 	.db #0x02	; 2
   0048 0C                  117 	.db #0x0c	; 12
   0049 0D                  118 	.db #0x0d	; 13
   004A 0C                  119 	.db #0x0c	; 12
   004B 0D                  120 	.db #0x0d	; 13
   004C 0E                  121 	.db #0x0e	; 14
   004D 0C                  122 	.db #0x0c	; 12
   004E 0D                  123 	.db #0x0d	; 13
   004F 0F                  124 	.db #0x0f	; 15
   0050 0E                  125 	.db #0x0e	; 14
   0051 0C                  126 	.db #0x0c	; 12
   0052 0D                  127 	.db #0x0d	; 13
   0053 0C                  128 	.db #0x0c	; 12
   0054 0D                  129 	.db #0x0d	; 13
   0055 0C                  130 	.db #0x0c	; 12
   0056 0C                  131 	.db #0x0c	; 12
   0057 0C                  132 	.db #0x0c	; 12
   0058 0D                  133 	.db #0x0d	; 13
   0059 0C                  134 	.db #0x0c	; 12
   005A C7                  135 	.db #0xc7	; 199
   005B C7                  136 	.db #0xc7	; 199
   005C C7                  137 	.db #0xc7	; 199
   005D C7                  138 	.db #0xc7	; 199
   005E 28                  139 	.db #0x28	; 40
   005F C7                  140 	.db #0xc7	; 199
   0060 C7                  141 	.db #0xc7	; 199
   0061 29                  142 	.db #0x29	; 41
   0062 28                  143 	.db #0x28	; 40
   0063 C7                  144 	.db #0xc7	; 199
   0064 C7                  145 	.db #0xc7	; 199
   0065 C7                  146 	.db #0xc7	; 199
   0066 50                  147 	.db #0x50	; 80	'P'
   0067 C7                  148 	.db #0xc7	; 199
   0068 C7                  149 	.db #0xc7	; 199
   0069 C7                  150 	.db #0xc7	; 199
   006A C7                  151 	.db #0xc7	; 199
   006B C7                  152 	.db #0xc7	; 199
   006C C7                  153 	.db #0xc7	; 199
   006D C7                  154 	.db #0xc7	; 199
   006E C7                  155 	.db #0xc7	; 199
   006F C7                  156 	.db #0xc7	; 199
   0070 32                  157 	.db #0x32	; 50	'2'
   0071 C7                  158 	.db #0xc7	; 199
   0072 C7                  159 	.db #0xc7	; 199
   0073 33                  160 	.db #0x33	; 51	'3'
   0074 32                  161 	.db #0x32	; 50	'2'
   0075 C7                  162 	.db #0xc7	; 199
   0076 C7                  163 	.db #0xc7	; 199
   0077 C7                  164 	.db #0xc7	; 199
   0078 5A                  165 	.db #0x5a	; 90	'Z'
   0079 50                  166 	.db #0x50	; 80	'P'
   007A C7                  167 	.db #0xc7	; 199
   007B C7                  168 	.db #0xc7	; 199
   007C C7                  169 	.db #0xc7	; 199
   007D C7                  170 	.db #0xc7	; 199
   007E C7                  171 	.db #0xc7	; 199
   007F C7                  172 	.db #0xc7	; 199
   0080 C7                  173 	.db #0xc7	; 199
   0081 C7                  174 	.db #0xc7	; 199
   0082 3C                  175 	.db #0x3c	; 60
   0083 42                  176 	.db #0x42	; 66	'B'
   0084 43                  177 	.db #0x43	; 67	'C'
   0085 44                  178 	.db #0x44	; 68	'D'
   0086 3C                  179 	.db #0x3c	; 60
   0087 C7                  180 	.db #0xc7	; 199
   0088 C7                  181 	.db #0xc7	; 199
   0089 50                  182 	.db #0x50	; 80	'P'
   008A 64                  183 	.db #0x64	; 100	'd'
   008B 5A                  184 	.db #0x5a	; 90	'Z'
   008C C7                  185 	.db #0xc7	; 199
   008D C7                  186 	.db #0xc7	; 199
   008E C7                  187 	.db #0xc7	; 199
   008F C7                  188 	.db #0xc7	; 199
   0090 C7                  189 	.db #0xc7	; 199
   0091 C7                  190 	.db #0xc7	; 199
   0092 C7                  191 	.db #0xc7	; 199
   0093 C7                  192 	.db #0xc7	; 199
   0094 C7                  193 	.db #0xc7	; 199
   0095 4C                  194 	.db #0x4c	; 76	'L'
   0096 4D                  195 	.db #0x4d	; 77	'M'
   0097 4E                  196 	.db #0x4e	; 78	'N'
   0098 4F                  197 	.db #0x4f	; 79	'O'
   0099 C7                  198 	.db #0xc7	; 199
   009A C7                  199 	.db #0xc7	; 199
   009B 5A                  200 	.db #0x5a	; 90	'Z'
   009C 6E                  201 	.db #0x6e	; 110	'n'
   009D 64                  202 	.db #0x64	; 100	'd'
   009E C7                  203 	.db #0xc7	; 199
   009F C7                  204 	.db #0xc7	; 199
   00A0 C7                  205 	.db #0xc7	; 199
   00A1 C7                  206 	.db #0xc7	; 199
   00A2 C7                  207 	.db #0xc7	; 199
   00A3 C7                  208 	.db #0xc7	; 199
   00A4 C7                  209 	.db #0xc7	; 199
   00A5 C7                  210 	.db #0xc7	; 199
   00A6 C7                  211 	.db #0xc7	; 199
   00A7 56                  212 	.db #0x56	; 86	'V'
   00A8 57                  213 	.db #0x57	; 87	'W'
   00A9 58                  214 	.db #0x58	; 88	'X'
   00AA 59                  215 	.db #0x59	; 89	'Y'
   00AB C7                  216 	.db #0xc7	; 199
   00AC C7                  217 	.db #0xc7	; 199
   00AD 64                  218 	.db #0x64	; 100	'd'
   00AE 78                  219 	.db #0x78	; 120	'x'
   00AF 6E                  220 	.db #0x6e	; 110	'n'
   00B0 C7                  221 	.db #0xc7	; 199
   00B1 C7                  222 	.db #0xc7	; 199
   00B2 C7                  223 	.db #0xc7	; 199
   00B3 C7                  224 	.db #0xc7	; 199
   00B4 C7                  225 	.db #0xc7	; 199
   00B5 C7                  226 	.db #0xc7	; 199
   00B6 C7                  227 	.db #0xc7	; 199
   00B7 C7                  228 	.db #0xc7	; 199
   00B8 C7                  229 	.db #0xc7	; 199
   00B9 60                  230 	.db #0x60	; 96
   00BA 61                  231 	.db #0x61	; 97	'a'
   00BB 62                  232 	.db #0x62	; 98	'b'
   00BC 63                  233 	.db #0x63	; 99	'c'
   00BD C7                  234 	.db #0xc7	; 199
   00BE C7                  235 	.db #0xc7	; 199
   00BF 6E                  236 	.db #0x6e	; 110	'n'
   00C0 82                  237 	.db #0x82	; 130
   00C1 78                  238 	.db #0x78	; 120	'x'
   00C2 C7                  239 	.db #0xc7	; 199
   00C3 C7                  240 	.db #0xc7	; 199
   00C4 C7                  241 	.db #0xc7	; 199
   00C5 C7                  242 	.db #0xc7	; 199
   00C6 C7                  243 	.db #0xc7	; 199
   00C7 C7                  244 	.db #0xc7	; 199
   00C8 C7                  245 	.db #0xc7	; 199
   00C9 C7                  246 	.db #0xc7	; 199
   00CA C7                  247 	.db #0xc7	; 199
   00CB 6A                  248 	.db #0x6a	; 106	'j'
   00CC 6B                  249 	.db #0x6b	; 107	'k'
   00CD 6C                  250 	.db #0x6c	; 108	'l'
   00CE C7                  251 	.db #0xc7	; 199
   00CF C7                  252 	.db #0xc7	; 199
   00D0 C7                  253 	.db #0xc7	; 199
   00D1 78                  254 	.db #0x78	; 120	'x'
   00D2 8C                  255 	.db #0x8c	; 140
   00D3 82                  256 	.db #0x82	; 130
   00D4 C7                  257 	.db #0xc7	; 199
   00D5 C7                  258 	.db #0xc7	; 199
   00D6 C7                  259 	.db #0xc7	; 199
   00D7 C7                  260 	.db #0xc7	; 199
   00D8 C7                  261 	.db #0xc7	; 199
   00D9 C7                  262 	.db #0xc7	; 199
   00DA C7                  263 	.db #0xc7	; 199
   00DB C7                  264 	.db #0xc7	; 199
   00DC 46                  265 	.db #0x46	; 70	'F'
   00DD 74                  266 	.db #0x74	; 116	't'
   00DE 75                  267 	.db #0x75	; 117	'u'
   00DF 76                  268 	.db #0x76	; 118	'v'
   00E0 C7                  269 	.db #0xc7	; 199
   00E1 C7                  270 	.db #0xc7	; 199
   00E2 C7                  271 	.db #0xc7	; 199
   00E3 82                  272 	.db #0x82	; 130
   00E4 96                  273 	.db #0x96	; 150
   00E5 8C                  274 	.db #0x8c	; 140
   00E6 C7                  275 	.db #0xc7	; 199
   00E7 C7                  276 	.db #0xc7	; 199
   00E8 C7                  277 	.db #0xc7	; 199
   00E9 C7                  278 	.db #0xc7	; 199
   00EA C7                  279 	.db #0xc7	; 199
   00EB C7                  280 	.db #0xc7	; 199
   00EC C7                  281 	.db #0xc7	; 199
   00ED C7                  282 	.db #0xc7	; 199
   00EE C7                  283 	.db #0xc7	; 199
   00EF 7E                  284 	.db #0x7e	; 126
   00F0 7F                  285 	.db #0x7f	; 127
   00F1 80                  286 	.db #0x80	; 128
   00F2 C7                  287 	.db #0xc7	; 199
   00F3 C7                  288 	.db #0xc7	; 199
   00F4 C7                  289 	.db #0xc7	; 199
   00F5 8C                  290 	.db #0x8c	; 140
   00F6 A0                  291 	.db #0xa0	; 160
   00F7 96                  292 	.db #0x96	; 150
   00F8 C7                  293 	.db #0xc7	; 199
   00F9 C7                  294 	.db #0xc7	; 199
   00FA C7                  295 	.db #0xc7	; 199
   00FB C7                  296 	.db #0xc7	; 199
   00FC C7                  297 	.db #0xc7	; 199
   00FD C7                  298 	.db #0xc7	; 199
   00FE C7                  299 	.db #0xc7	; 199
   00FF C7                  300 	.db #0xc7	; 199
   0100 C7                  301 	.db #0xc7	; 199
   0101 88                  302 	.db #0x88	; 136
   0102 89                  303 	.db #0x89	; 137
   0103 8A                  304 	.db #0x8a	; 138
   0104 C7                  305 	.db #0xc7	; 199
   0105 C7                  306 	.db #0xc7	; 199
   0106 C7                  307 	.db #0xc7	; 199
   0107 96                  308 	.db #0x96	; 150
   0108 C7                  309 	.db #0xc7	; 199
   0109 A0                  310 	.db #0xa0	; 160
   010A C7                  311 	.db #0xc7	; 199
   010B C7                  312 	.db #0xc7	; 199
   010C C7                  313 	.db #0xc7	; 199
   010D C7                  314 	.db #0xc7	; 199
   010E C7                  315 	.db #0xc7	; 199
   010F C7                  316 	.db #0xc7	; 199
   0110 C7                  317 	.db #0xc7	; 199
   0111 C7                  318 	.db #0xc7	; 199
   0112 C7                  319 	.db #0xc7	; 199
   0113 C7                  320 	.db #0xc7	; 199
   0114 C7                  321 	.db #0xc7	; 199
   0115 C7                  322 	.db #0xc7	; 199
   0116 C7                  323 	.db #0xc7	; 199
   0117 C7                  324 	.db #0xc7	; 199
   0118 C7                  325 	.db #0xc7	; 199
   0119 A0                  326 	.db #0xa0	; 160
   011A C7                  327 	.db #0xc7	; 199
   011B C7                  328 	.db #0xc7	; 199
   011C C7                  329 	.db #0xc7	; 199
   011D C7                  330 	.db #0xc7	; 199
   011E C7                  331 	.db #0xc7	; 199
   011F C7                  332 	.db #0xc7	; 199
   0120 C7                  333 	.db #0xc7	; 199
   0121 C7                  334 	.db #0xc7	; 199
   0122 C7                  335 	.db #0xc7	; 199
   0123 C7                  336 	.db #0xc7	; 199
   0124 C7                  337 	.db #0xc7	; 199
   0125 C7                  338 	.db #0xc7	; 199
   0126 C7                  339 	.db #0xc7	; 199
   0127 C7                  340 	.db #0xc7	; 199
   0128 C7                  341 	.db #0xc7	; 199
   0129 C7                  342 	.db #0xc7	; 199
   012A C7                  343 	.db #0xc7	; 199
   012B C7                  344 	.db #0xc7	; 199
   012C C7                  345 	.db #0xc7	; 199
   012D C7                  346 	.db #0xc7	; 199
   012E C7                  347 	.db #0xc7	; 199
   012F C7                  348 	.db #0xc7	; 199
   0130 C7                  349 	.db #0xc7	; 199
   0131 C7                  350 	.db #0xc7	; 199
   0132 C7                  351 	.db #0xc7	; 199
   0133 C7                  352 	.db #0xc7	; 199
   0134 C7                  353 	.db #0xc7	; 199
   0135 C7                  354 	.db #0xc7	; 199
   0136 C7                  355 	.db #0xc7	; 199
   0137 C7                  356 	.db #0xc7	; 199
   0138 C7                  357 	.db #0xc7	; 199
   0139 C7                  358 	.db #0xc7	; 199
   013A C7                  359 	.db #0xc7	; 199
   013B C7                  360 	.db #0xc7	; 199
   013C C7                  361 	.db #0xc7	; 199
   013D C7                  362 	.db #0xc7	; 199
   013E C7                  363 	.db #0xc7	; 199
   013F C7                  364 	.db #0xc7	; 199
   0140 C7                  365 	.db #0xc7	; 199
   0141 C7                  366 	.db #0xc7	; 199
   0142 C7                  367 	.db #0xc7	; 199
   0143 C7                  368 	.db #0xc7	; 199
   0144 C7                  369 	.db #0xc7	; 199
   0145 C7                  370 	.db #0xc7	; 199
   0146 C7                  371 	.db #0xc7	; 199
   0147 C7                  372 	.db #0xc7	; 199
   0148 C7                  373 	.db #0xc7	; 199
   0149 C7                  374 	.db #0xc7	; 199
   014A C7                  375 	.db #0xc7	; 199
   014B C7                  376 	.db #0xc7	; 199
   014C C7                  377 	.db #0xc7	; 199
   014D C7                  378 	.db #0xc7	; 199
   014E C7                  379 	.db #0xc7	; 199
   014F C7                  380 	.db #0xc7	; 199
   0150 C7                  381 	.db #0xc7	; 199
   0151 C7                  382 	.db #0xc7	; 199
   0152 C7                  383 	.db #0xc7	; 199
   0153 C7                  384 	.db #0xc7	; 199
   0154 C7                  385 	.db #0xc7	; 199
   0155 C7                  386 	.db #0xc7	; 199
   0156 C7                  387 	.db #0xc7	; 199
   0157 C7                  388 	.db #0xc7	; 199
   0158 C7                  389 	.db #0xc7	; 199
   0159 C7                  390 	.db #0xc7	; 199
   015A C7                  391 	.db #0xc7	; 199
   015B C7                  392 	.db #0xc7	; 199
   015C C7                  393 	.db #0xc7	; 199
   015D C7                  394 	.db #0xc7	; 199
   015E C7                  395 	.db #0xc7	; 199
   015F C7                  396 	.db #0xc7	; 199
   0160 C7                  397 	.db #0xc7	; 199
   0161 C7                  398 	.db #0xc7	; 199
   0162 C7                  399 	.db #0xc7	; 199
   0163 C7                  400 	.db #0xc7	; 199
   0164 C7                  401 	.db #0xc7	; 199
   0165 C7                  402 	.db #0xc7	; 199
   0166 C7                  403 	.db #0xc7	; 199
   0167 C7                  404 	.db #0xc7	; 199
   0168 C7                  405 	.db #0xc7	; 199
   0169 C7                  406 	.db #0xc7	; 199
   016A C7                  407 	.db #0xc7	; 199
   016B C7                  408 	.db #0xc7	; 199
   016C C7                  409 	.db #0xc7	; 199
   016D C7                  410 	.db #0xc7	; 199
   016E C7                  411 	.db #0xc7	; 199
   016F C7                  412 	.db #0xc7	; 199
   0170 C7                  413 	.db #0xc7	; 199
   0171 C7                  414 	.db #0xc7	; 199
   0172 C7                  415 	.db #0xc7	; 199
   0173 C7                  416 	.db #0xc7	; 199
   0174 C7                  417 	.db #0xc7	; 199
   0175 C7                  418 	.db #0xc7	; 199
   0176 C7                  419 	.db #0xc7	; 199
   0177 C7                  420 	.db #0xc7	; 199
   0178 C7                  421 	.db #0xc7	; 199
   0179 C7                  422 	.db #0xc7	; 199
   017A C7                  423 	.db #0xc7	; 199
   017B C7                  424 	.db #0xc7	; 199
   017C C7                  425 	.db #0xc7	; 199
   017D C7                  426 	.db #0xc7	; 199
   017E C7                  427 	.db #0xc7	; 199
   017F C7                  428 	.db #0xc7	; 199
   0180 C7                  429 	.db #0xc7	; 199
   0181 C7                  430 	.db #0xc7	; 199
   0182 C7                  431 	.db #0xc7	; 199
   0183 C7                  432 	.db #0xc7	; 199
   0184 C7                  433 	.db #0xc7	; 199
   0185 C7                  434 	.db #0xc7	; 199
   0186 C7                  435 	.db #0xc7	; 199
   0187 C7                  436 	.db #0xc7	; 199
   0188 C7                  437 	.db #0xc7	; 199
   0189 C7                  438 	.db #0xc7	; 199
   018A C7                  439 	.db #0xc7	; 199
   018B C7                  440 	.db #0xc7	; 199
   018C C7                  441 	.db #0xc7	; 199
   018D C7                  442 	.db #0xc7	; 199
   018E C7                  443 	.db #0xc7	; 199
   018F C7                  444 	.db #0xc7	; 199
   0190 C7                  445 	.db #0xc7	; 199
   0191 C7                  446 	.db #0xc7	; 199
   0192 C7                  447 	.db #0xc7	; 199
   0193 C7                  448 	.db #0xc7	; 199
   0194 C7                  449 	.db #0xc7	; 199
   0195 C7                  450 	.db #0xc7	; 199
   0196 C7                  451 	.db #0xc7	; 199
   0197 C7                  452 	.db #0xc7	; 199
   0198 C7                  453 	.db #0xc7	; 199
   0199 C7                  454 	.db #0xc7	; 199
   019A C7                  455 	.db #0xc7	; 199
   019B C7                  456 	.db #0xc7	; 199
   019C C7                  457 	.db #0xc7	; 199
   019D 47                  458 	.db #0x47	; 71	'G'
   019E C7                  459 	.db #0xc7	; 199
   019F C7                  460 	.db #0xc7	; 199
   01A0 C7                  461 	.db #0xc7	; 199
   01A1 C7                  462 	.db #0xc7	; 199
   01A2 C7                  463 	.db #0xc7	; 199
   01A3 C7                  464 	.db #0xc7	; 199
   01A4 C7                  465 	.db #0xc7	; 199
   01A5 C7                  466 	.db #0xc7	; 199
   01A6 C7                  467 	.db #0xc7	; 199
   01A7 C7                  468 	.db #0xc7	; 199
   01A8 C7                  469 	.db #0xc7	; 199
   01A9 C7                  470 	.db #0xc7	; 199
   01AA C7                  471 	.db #0xc7	; 199
   01AB C7                  472 	.db #0xc7	; 199
   01AC C7                  473 	.db #0xc7	; 199
   01AD 20                  474 	.db #0x20	; 32
   01AE 47                  475 	.db #0x47	; 71	'G'
   01AF 47                  476 	.db #0x47	; 71	'G'
   01B0 00                  477 	.db #0x00	; 0
   01B1 01                  478 	.db #0x01	; 1
   01B2 00                  479 	.db #0x00	; 0
   01B3 01                  480 	.db #0x01	; 1
   01B4 00                  481 	.db #0x00	; 0
   01B5 01                  482 	.db #0x01	; 1
   01B6 00                  483 	.db #0x00	; 0
   01B7 01                  484 	.db #0x01	; 1
   01B8 00                  485 	.db #0x00	; 0
   01B9 01                  486 	.db #0x01	; 1
   01BA 00                  487 	.db #0x00	; 0
   01BB 01                  488 	.db #0x01	; 1
   01BC 00                  489 	.db #0x00	; 0
   01BD 01                  490 	.db #0x01	; 1
   01BE 00                  491 	.db #0x00	; 0
   01BF 01                  492 	.db #0x01	; 1
   01C0 00                  493 	.db #0x00	; 0
   01C1 01                  494 	.db #0x01	; 1
   01C2 0A                  495 	.db #0x0a	; 10
   01C3 0B                  496 	.db #0x0b	; 11
   01C4 0A                  497 	.db #0x0a	; 10
   01C5 0B                  498 	.db #0x0b	; 11
   01C6 0A                  499 	.db #0x0a	; 10
   01C7 0B                  500 	.db #0x0b	; 11
   01C8 0A                  501 	.db #0x0a	; 10
   01C9 0B                  502 	.db #0x0b	; 11
   01CA 0A                  503 	.db #0x0a	; 10
   01CB 0B                  504 	.db #0x0b	; 11
   01CC 0A                  505 	.db #0x0a	; 10
   01CD 0B                  506 	.db #0x0b	; 11
   01CE 0A                  507 	.db #0x0a	; 10
   01CF 0B                  508 	.db #0x0b	; 11
   01D0 0A                  509 	.db #0x0a	; 10
   01D1 0B                  510 	.db #0x0b	; 11
   01D2 0A                  511 	.db #0x0a	; 10
   01D3 0B                  512 	.db #0x0b	; 11
   01D4 14                  513 	.db #0x14	; 20
   01D5 15                  514 	.db #0x15	; 21
   01D6 14                  515 	.db #0x14	; 20
   01D7 15                  516 	.db #0x15	; 21
   01D8 14                  517 	.db #0x14	; 20
   01D9 15                  518 	.db #0x15	; 21
   01DA 14                  519 	.db #0x14	; 20
   01DB 15                  520 	.db #0x15	; 21
   01DC 14                  521 	.db #0x14	; 20
   01DD 15                  522 	.db #0x15	; 21
   01DE 14                  523 	.db #0x14	; 20
   01DF 15                  524 	.db #0x15	; 21
   01E0 14                  525 	.db #0x14	; 20
   01E1 15                  526 	.db #0x15	; 21
   01E2 14                  527 	.db #0x14	; 20
   01E3 15                  528 	.db #0x15	; 21
   01E4 14                  529 	.db #0x14	; 20
   01E5 15                  530 	.db #0x15	; 21
   01E6 1E                  531 	.db #0x1e	; 30
   01E7 1F                  532 	.db #0x1f	; 31
   01E8 1E                  533 	.db #0x1e	; 30
   01E9 1F                  534 	.db #0x1f	; 31
   01EA 1E                  535 	.db #0x1e	; 30
   01EB 1F                  536 	.db #0x1f	; 31
   01EC 1E                  537 	.db #0x1e	; 30
   01ED 1F                  538 	.db #0x1f	; 31
   01EE 1E                  539 	.db #0x1e	; 30
   01EF 1F                  540 	.db #0x1f	; 31
   01F0 1E                  541 	.db #0x1e	; 30
   01F1 1F                  542 	.db #0x1f	; 31
   01F2 1E                  543 	.db #0x1e	; 30
   01F3 1F                  544 	.db #0x1f	; 31
   01F4 1E                  545 	.db #0x1e	; 30
   01F5 1F                  546 	.db #0x1f	; 31
   01F6 1E                  547 	.db #0x1e	; 30
   01F7 1F                  548 	.db #0x1f	; 31
                            549 	.area _INITIALIZER
                            550 	.area _CABS (ABS)
